Log: 2023-04-20 17:46:09.634960 
	 Mac Address: 94:6a:b0:5c:3b:29 
	 Name in network: liveboxfibra 
	 Given name: Router of Pruden 
	 Allowed on network: True 
	 Tiempo conectado: 2023-04-20 17:46:09.634975
Log: 2023-04-20 17:46:09.635305 
	 Mac Address: 18:60:24:33:42:fa 
	 Name in network: HP3342FA.home 
	 Given name: Impresora of Angel 
	 Allowed on network: True 
	 Tiempo conectado: 2023-04-20 17:46:09.635321
Log: 2023-04-20 17:46:09.642227 
	 Mac Address: 4e:a7:39:cd:10:d2 
	 Name in network: GETINO.home 
	 Given name: None 
	 Allowed on network: None 
	 Tiempo conectado: 2023-04-20 17:46:09.642243
Log: 2023-04-20 17:46:09.642396 
	 Mac Address: 34:25:be:f1:94:27 
	 Name in network:  
	 Given name: None 
	 Allowed on network: None 
	 Tiempo conectado: 2023-04-20 17:46:09.642410
Log: 2023-04-20 17:46:09.642551 
	 Mac Address: f8:8f:07:42:7f:e6 
	 Name in network: GalaxyWatchActive2-FFE5.home 
	 Given name: None 
	 Allowed on network: None 
	 Tiempo conectado: 2023-04-20 17:46:09.642565
Log: 2023-04-20 17:46:09.642704 
	 Mac Address: None 
	 Name in network: raspberrypi.home 
	 Given name: None 
	 Allowed on network: None 
	 Tiempo conectado: 2023-04-20 17:46:09.642719
Log: 2023-04-20 17:46:09.642859 
	 Mac Address: e8:3a:12:47:16:e5 
	 Name in network: Galaxy-Tab-A.home 
	 Given name: None 
	 Allowed on network: None 
	 Tiempo conectado: 2023-04-20 17:46:09.642873
Log: 2023-04-20 17:46:09.643018 
	 Mac Address: ec:0e:c4:8c:76:dd 
	 Name in network:  
	 Given name: None 
	 Allowed on network: None 
	 Tiempo conectado: 2023-04-20 17:46:09.643033
Log: 2023-04-20 17:46:09.643170 
	 Mac Address: a0:9f:10:1a:bd:fc 
	 Name in network:  
	 Given name: None 
	 Allowed on network: None 
	 Tiempo conectado: 2023-04-20 17:46:09.643184
