Log: 2023-04-12 23:56:29.740728 
	 Mac Address: 94:6a:b0:5c:3b:29 
	 Name in network: liveboxfibra 
	 Given name: Router of Pruden 
	 Allowed on network: True
Log: 2023-04-12 23:56:29.745046 
	 Mac Address: 4e:a7:39:cd:10:d2 
	 Name in network: GETINO.home 
	 Given name: None 
	 Allowed on network: None
Log: 2023-04-12 23:56:29.745157 
	 Mac Address: 00:00:00:00:00:00 
	 Name in network:  
	 Given name: None 
	 Allowed on network: None
Log: 2023-04-12 23:56:29.745220 
	 Mac Address: 00:00:00:00:00:00 
	 Name in network:  
	 Given name: None 
	 Allowed on network: None
Log: 2023-04-12 23:56:29.745281 
	 Mac Address: 90:32:4b:94:3a:8b 
	 Name in network: DESKTOP-TVQ3456.home 
	 Given name: None 
	 Allowed on network: None
Log: 2023-04-12 23:56:29.745345 
	 Mac Address: None 
	 Name in network: raspberrypi.home 
	 Given name: None 
	 Allowed on network: None
Log: 2023-04-12 23:56:29.745408 
	 Mac Address: 00:00:00:00:00:00 
	 Name in network: Galaxy-Tab-A.home 
	 Given name: None 
	 Allowed on network: None
Log: 2023-04-12 23:56:29.745469 
	 Mac Address: 00:00:00:00:00:00 
	 Name in network: LAPTOP-QR73OQRL.home 
	 Given name: None 
	 Allowed on network: None
Log: 2023-04-12 23:56:29.745529 
	 Mac Address: 00:00:00:00:00:00 
	 Name in network: HP3342FA.home 
	 Given name: None 
	 Allowed on network: None
Log: 2023-04-12 23:56:29.745606 
	 Mac Address: 00:00:00:00:00:00 
	 Name in network:  
	 Given name: None 
	 Allowed on network: None
Log: 2023-04-12 23:56:29.745665 
	 Mac Address: 00:00:00:00:00:00 
	 Name in network: tvc212d6ff59a7.home 
	 Given name: None 
	 Allowed on network: None
Log: 2023-04-12 23:56:29.745724 
	 Mac Address: 00:00:00:00:00:00 
	 Name in network: MITV.home 
	 Given name: None 
	 Allowed on network: None
Log: 2023-04-12 23:56:29.745783 
	 Mac Address: 00:00:00:00:00:00 
	 Name in network:  
	 Given name: None 
	 Allowed on network: None
Log: 2023-04-12 23:56:29.745841 
	 Mac Address: 00:00:00:00:00:00 
	 Name in network:  
	 Given name: None 
	 Allowed on network: None
Log: 2023-04-12 23:58:15.396343 
	 Mac Address: 94:6a:b0:5c:3b:29 
	 Name in network: liveboxfibra 
	 Given name: Router of Pruden 
	 Allowed on network: True
Log: 2023-04-12 23:58:15.396495 
	 Mac Address: 18:60:24:33:42:fa 
	 Name in network: HP3342FA.home 
	 Given name: Impresora of Angel 
	 Allowed on network: True
Log: 2023-04-12 23:58:15.403145 
	 Mac Address: 4e:a7:39:cd:10:d2 
	 Name in network: GETINO.home 
	 Given name: None 
	 Allowed on network: None
Log: 2023-04-12 23:58:15.403251 
	 Mac Address: 34:25:be:f1:94:27 
	 Name in network:  
	 Given name: None 
	 Allowed on network: None
Log: 2023-04-12 23:58:15.403313 
	 Mac Address: 90:32:4b:94:3a:8b 
	 Name in network: DESKTOP-TVQ3456.home 
	 Given name: None 
	 Allowed on network: None
Log: 2023-04-12 23:58:15.403375 
	 Mac Address: 00:00:00:00:00:00 
	 Name in network: Galaxy-S9-de-NURIA-ISABEL.home 
	 Given name: None 
	 Allowed on network: None
Log: 2023-04-12 23:58:15.403436 
	 Mac Address: None 
	 Name in network: raspberrypi.home 
	 Given name: None 
	 Allowed on network: None
Log: 2023-04-12 23:58:15.403497 
	 Mac Address: e8:3a:12:47:16:e5 
	 Name in network: Galaxy-Tab-A.home 
	 Given name: None 
	 Allowed on network: None
Log: 2023-04-12 23:58:15.403557 
	 Mac Address: b8:76:3f:48:a3:0c 
	 Name in network: tvc212d6ff59a7.home 
	 Given name: None 
	 Allowed on network: None
Log: 2023-04-12 23:58:15.403618 
	 Mac Address: 78:f2:35:84:96:d2 
	 Name in network: MITV.home 
	 Given name: None 
	 Allowed on network: None
Log: 2023-04-12 23:58:15.403696 
	 Mac Address: d4:8a:3b:12:54:b0 
	 Name in network:  
	 Given name: None 
	 Allowed on network: None
Log: 2023-04-12 23:58:15.403756 
	 Mac Address: a0:9f:10:1a:bd:fc 
	 Name in network:  
	 Given name: None 
	 Allowed on network: None
Log: 2023-04-12 23:58:46.238262 
	 Mac Address: 94:6a:b0:5c:3b:29 
	 Name in network: liveboxfibra 
	 Given name: Router of Pruden 
	 Allowed on network: True
Log: 2023-04-12 23:58:46.238401 
	 Mac Address: 18:60:24:33:42:fa 
	 Name in network: HP3342FA.home 
	 Given name: Impresora of Angel 
	 Allowed on network: True
Log: 2023-04-12 23:58:46.244983 
	 Mac Address: 4e:a7:39:cd:10:d2 
	 Name in network: GETINO.home 
	 Given name: None 
	 Allowed on network: None
Log: 2023-04-12 23:58:46.245084 
	 Mac Address: ee:25:61:93:dc:ce 
	 Name in network:  
	 Given name: None 
	 Allowed on network: None
Log: 2023-04-12 23:58:46.245148 
	 Mac Address: 34:25:be:f1:94:27 
	 Name in network:  
	 Given name: None 
	 Allowed on network: None
Log: 2023-04-12 23:58:46.245210 
	 Mac Address: 90:32:4b:94:3a:8b 
	 Name in network: DESKTOP-TVQ3456.home 
	 Given name: None 
	 Allowed on network: None
Log: 2023-04-12 23:58:46.245272 
	 Mac Address: None 
	 Name in network: raspberrypi.home 
	 Given name: None 
	 Allowed on network: None
Log: 2023-04-12 23:58:46.245334 
	 Mac Address: e8:3a:12:47:16:e5 
	 Name in network: Galaxy-Tab-A.home 
	 Given name: None 
	 Allowed on network: None
Log: 2023-04-12 23:58:46.245394 
	 Mac Address: 72:52:cb:9e:ed:4a 
	 Name in network:  
	 Given name: None 
	 Allowed on network: None
Log: 2023-04-12 23:58:46.245454 
	 Mac Address: b8:76:3f:48:a3:0c 
	 Name in network: tvc212d6ff59a7.home 
	 Given name: None 
	 Allowed on network: None
Log: 2023-04-12 23:58:46.245514 
	 Mac Address: 78:f2:35:84:96:d2 
	 Name in network: MITV.home 
	 Given name: None 
	 Allowed on network: None
Log: 2023-04-12 23:58:46.245591 
	 Mac Address: d4:8a:3b:12:54:b0 
	 Name in network:  
	 Given name: None 
	 Allowed on network: None
Log: 2023-04-12 23:58:46.245650 
	 Mac Address: a0:9f:10:1a:bd:fc 
	 Name in network:  
	 Given name: None 
	 Allowed on network: None
