{    "log": "2023-05-09 00:22:12.975419",    "mac_address": "94:6a:b0:5c:3b:29"}
{    "log": "2023-05-09 00:22:12.979825",    "mac_address": "4e:a7:39:cd:10:d2"}
{    "log": "2023-05-09 00:22:12.983997",    "mac_address": "ee:25:61:93:dc:ce"}
{    "log": "2023-05-09 00:22:12.988816",    "mac_address": "34:25:be:f1:94:27"}
{    "log": "2023-05-09 00:22:12.992981",    "mac_address": null}
{    "log": "2023-05-09 00:22:12.997373",    "mac_address": "e8:3a:12:47:16:e5"}
{    "log": "2023-05-09 00:22:13.001216",    "mac_address": "18:60:24:33:42:fa"}
{    "log": "2023-05-09 00:22:13.004906",    "mac_address": "a0:9f:10:1a:bd:fc"}
{    "log": "2023-05-09 01:37:59.296125",    "mac_address": "94:6a:b0:5c:3b:29"}
{    "log": "2023-05-09 01:37:59.301033",    "mac_address": "34:25:be:f1:94:27"}
{    "log": "2023-05-09 01:37:59.305155",    "mac_address": null}
{    "log": "2023-05-09 01:37:59.310498",    "mac_address": "18:60:24:33:42:fa"}
{    "log": "2023-05-09 01:37:59.315158",    "mac_address": "a0:9f:10:1a:bd:fc"}
{    "log": "2023-05-09 09:51:27.873395",    "mac_address": "94:6a:b0:5c:3b:29"}
{    "log": "2023-05-09 09:51:27.876736",    "mac_address": "4e:a7:39:cd:10:d2"}
{    "log": "2023-05-09 09:51:27.879834",    "mac_address": "ee:25:61:93:dc:ce"}
{    "log": "2023-05-09 09:51:27.883623",    "mac_address": "34:25:be:f1:94:27"}
{    "log": "2023-05-09 09:51:27.886775",    "mac_address": "f8:8f:07:42:7f:e6"}
{    "log": "2023-05-09 09:51:27.889831",    "mac_address": null}
{    "log": "2023-05-09 09:51:27.892906",    "mac_address": "18:60:24:33:42:fa"}
{    "log": "2023-05-09 09:51:27.895971",    "mac_address": "a0:9f:10:1a:bd:fc"}
