Log: 2023-02-08 12:38:24.827860 
	 Mac Address: 94:6a:b0:5c:3b:29 
	 Name in network: liveboxfibra 
	 Given name: None 
	 Allowed on network: None
Log: 2023-02-08 12:38:24.828020 
	 Mac Address: 4e:a7:39:cd:10:d2 
	 Name in network: GETINO.home 
	 Given name: None 
	 Allowed on network: None
Log: 2023-02-08 12:38:24.828092 
	 Mac Address: ee:25:61:93:dc:ce 
	 Name in network:  
	 Given name: None 
	 Allowed on network: None
Log: 2023-02-08 12:38:24.828159 
	 Mac Address: 34:25:be:f1:94:27 
	 Name in network:  
	 Given name: None 
	 Allowed on network: None
Log: 2023-02-08 12:38:24.828219 
	 Mac Address: None 
	 Name in network: raspberrypi.home 
	 Given name: None 
	 Allowed on network: None
Log: 2023-02-08 12:38:24.828286 
	 Mac Address: 18:60:24:33:42:fa 
	 Name in network: HP3342FA.home 
	 Given name: None 
	 Allowed on network: None
Log: 2023-02-08 12:38:24.828344 
	 Mac Address: a0:9f:10:1a:bd:fc 
	 Name in network:  
	 Given name: None 
	 Allowed on network: None
