Log: 2023-04-18 10:59:25.203711 
	 Mac Address: 94:6a:b0:5c:3b:29 
	 Name in network: liveboxfibra 
	 Given name: Router of Pruden 
	 Allowed on network: True 
	 Tiempo conectado: 2023-04-18 10:59:25.203722
Log: 2023-04-18 10:59:25.209025 
	 Mac Address: 00:00:00:00:00:00 
	 Name in network:  
	 Given name: None 
	 Allowed on network: None 
	 Tiempo conectado: 2023-04-18 10:59:25.209037
Log: 2023-04-18 10:59:25.209153 
	 Mac Address: 90:32:4b:94:3a:8b 
	 Name in network: DESKTOP-TVQ3456.home 
	 Given name: None 
	 Allowed on network: None 
	 Tiempo conectado: 2023-04-18 10:59:25.209162
Log: 2023-04-18 10:59:25.209262 
	 Mac Address: None 
	 Name in network: raspberrypi.home 
	 Given name: None 
	 Allowed on network: None 
	 Tiempo conectado: 2023-04-18 10:59:25.209271
Log: 2023-04-18 10:59:25.209366 
	 Mac Address: 00:00:00:00:00:00 
	 Name in network: HP3342FA.home 
	 Given name: None 
	 Allowed on network: None 
	 Tiempo conectado: 2023-04-18 10:59:25.209375
Log: 2023-04-18 10:59:25.209466 
	 Mac Address: 00:00:00:00:00:00 
	 Name in network:  
	 Given name: None 
	 Allowed on network: None 
	 Tiempo conectado: 2023-04-18 10:59:25.209475
Log: 2023-04-18 10:59:25.209566 
	 Mac Address: 00:00:00:00:00:00 
	 Name in network:  
	 Given name: None 
	 Allowed on network: None 
	 Tiempo conectado: 2023-04-18 10:59:25.209575
Log: 2023-04-18 10:59:25.209664 
	 Mac Address: 00:00:00:00:00:00 
	 Name in network: MITV.home 
	 Given name: None 
	 Allowed on network: None 
	 Tiempo conectado: 2023-04-18 10:59:25.209673
Log: 2023-04-18 10:59:25.209762 
	 Mac Address: 00:00:00:00:00:00 
	 Name in network:  
	 Given name: None 
	 Allowed on network: None 
	 Tiempo conectado: 2023-04-18 10:59:25.209771
Log: 2023-04-18 10:59:28.072065 
	 Mac Address: 94:6a:b0:5c:3b:29 
	 Name in network: liveboxfibra 
	 Given name: Router of Pruden 
	 Allowed on network: True 
	 Tiempo conectado: 2023-04-18 10:59:28.072075
Log: 2023-04-18 10:59:28.072164 
	 Mac Address: 18:60:24:33:42:fa 
	 Name in network: HP3342FA.home 
	 Given name: Impresora of Angel 
	 Allowed on network: True 
	 Tiempo conectado: 2023-04-18 10:59:28.072174
Log: 2023-04-18 10:59:28.081767 
	 Mac Address: 00:00:00:00:00:00 
	 Name in network: GalaxyWatchActive2-FFE5.home 
	 Given name: None 
	 Allowed on network: None 
	 Tiempo conectado: 2023-04-18 10:59:28.081778
Log: 2023-04-18 10:59:28.081878 
	 Mac Address: 90:32:4b:94:3a:8b 
	 Name in network: DESKTOP-TVQ3456.home 
	 Given name: None 
	 Allowed on network: None 
	 Tiempo conectado: 2023-04-18 10:59:28.081888
Log: 2023-04-18 10:59:28.081990 
	 Mac Address: None 
	 Name in network: raspberrypi.home 
	 Given name: None 
	 Allowed on network: None 
	 Tiempo conectado: 2023-04-18 10:59:28.081999
Log: 2023-04-18 10:59:28.082092 
	 Mac Address: 78:f2:35:84:96:d2 
	 Name in network: MITV.home 
	 Given name: None 
	 Allowed on network: None 
	 Tiempo conectado: 2023-04-18 10:59:28.082101
Log: 2023-04-18 10:59:28.082194 
	 Mac Address: a0:9f:10:1a:bd:fc 
	 Name in network:  
	 Given name: None 
	 Allowed on network: None 
	 Tiempo conectado: 2023-04-18 10:59:28.082203
Log: 2023-04-18 10:59:56.092123 
	 Mac Address: 94:6a:b0:5c:3b:29 
	 Name in network: liveboxfibra 
	 Given name: Router of Pruden 
	 Allowed on network: True 
	 Tiempo conectado: 2023-04-18 10:59:56.092133
Log: 2023-04-18 10:59:56.092222 
	 Mac Address: 18:60:24:33:42:fa 
	 Name in network: HP3342FA.home 
	 Given name: Impresora of Angel 
	 Allowed on network: True 
	 Tiempo conectado: 2023-04-18 10:59:56.092232
Log: 2023-04-18 10:59:56.100166 
	 Mac Address: 90:32:4b:94:3a:8b 
	 Name in network: DESKTOP-TVQ3456.home 
	 Given name: None 
	 Allowed on network: None 
	 Tiempo conectado: 2023-04-18 10:59:56.100176
Log: 2023-04-18 10:59:56.100283 
	 Mac Address: None 
	 Name in network: raspberrypi.home 
	 Given name: None 
	 Allowed on network: None 
	 Tiempo conectado: 2023-04-18 10:59:56.100292
Log: 2023-04-18 10:59:56.100387 
	 Mac Address: 5c:0c:e6:7f:6e:1e 
	 Name in network:  
	 Given name: None 
	 Allowed on network: None 
	 Tiempo conectado: 2023-04-18 10:59:56.100396
Log: 2023-04-18 10:59:56.100486 
	 Mac Address: 78:f2:35:84:96:d2 
	 Name in network: MITV.home 
	 Given name: None 
	 Allowed on network: None 
	 Tiempo conectado: 2023-04-18 10:59:56.100496
Log: 2023-04-18 10:59:56.100586 
	 Mac Address: a0:9f:10:1a:bd:fc 
	 Name in network:  
	 Given name: None 
	 Allowed on network: None 
	 Tiempo conectado: 2023-04-18 10:59:56.100595
Log: 2023-04-18 11:00:30.879959 
	 Mac Address: 94:6a:b0:5c:3b:29 
	 Name in network: liveboxfibra 
	 Given name: Router of Pruden 
	 Allowed on network: True 
	 Tiempo conectado: 2023-04-18 11:00:30.879969
Log: 2023-04-18 11:00:30.880059 
	 Mac Address: 18:60:24:33:42:fa 
	 Name in network: HP3342FA.home 
	 Given name: Impresora of Angel 
	 Allowed on network: True 
	 Tiempo conectado: 2023-04-18 11:00:30.880068
Log: 2023-04-18 11:00:30.889751 
	 Mac Address: 90:32:4b:94:3a:8b 
	 Name in network: DESKTOP-TVQ3456.home 
	 Given name: None 
	 Allowed on network: None 
	 Tiempo conectado: 2023-04-18 11:00:30.889761
Log: 2023-04-18 11:00:30.889870 
	 Mac Address: None 
	 Name in network: raspberrypi.home 
	 Given name: None 
	 Allowed on network: None 
	 Tiempo conectado: 2023-04-18 11:00:30.889879
Log: 2023-04-18 11:00:30.889974 
	 Mac Address: 78:f2:35:84:96:d2 
	 Name in network: MITV.home 
	 Given name: None 
	 Allowed on network: None 
	 Tiempo conectado: 2023-04-18 11:00:30.889984
Log: 2023-04-18 11:00:30.890073 
	 Mac Address: a0:9f:10:1a:bd:fc 
	 Name in network:  
	 Given name: None 
	 Allowed on network: None 
	 Tiempo conectado: 2023-04-18 11:00:30.890083
Log: 2023-04-18 11:00:50.319978 
	 Mac Address: 94:6a:b0:5c:3b:29 
	 Name in network: liveboxfibra 
	 Given name: Router of Pruden 
	 Allowed on network: True 
	 Tiempo conectado: 2023-04-18 11:00:50.319989
Log: 2023-04-18 11:00:50.320080 
	 Mac Address: 18:60:24:33:42:fa 
	 Name in network: HP3342FA.home 
	 Given name: Impresora of Angel 
	 Allowed on network: True 
	 Tiempo conectado: 2023-04-18 11:00:50.320089
Log: 2023-04-18 11:00:50.328193 
	 Mac Address: 90:32:4b:94:3a:8b 
	 Name in network: DESKTOP-TVQ3456.home 
	 Given name: None 
	 Allowed on network: None 
	 Tiempo conectado: 2023-04-18 11:00:50.328203
Log: 2023-04-18 11:00:50.328312 
	 Mac Address: None 
	 Name in network: raspberrypi.home 
	 Given name: None 
	 Allowed on network: None 
	 Tiempo conectado: 2023-04-18 11:00:50.328321
Log: 2023-04-18 11:00:50.328418 
	 Mac Address: 78:f2:35:84:96:d2 
	 Name in network: MITV.home 
	 Given name: None 
	 Allowed on network: None 
	 Tiempo conectado: 2023-04-18 11:00:50.328427
Log: 2023-04-18 11:00:50.328518 
	 Mac Address: a0:9f:10:1a:bd:fc 
	 Name in network:  
	 Given name: None 
	 Allowed on network: None 
	 Tiempo conectado: 2023-04-18 11:00:50.328527
Log: 2023-04-18 11:00:52.762096 
	 Mac Address: 94:6a:b0:5c:3b:29 
	 Name in network: liveboxfibra 
	 Given name: Router of Pruden 
	 Allowed on network: True 
	 Tiempo conectado: 2023-04-18 11:00:52.762107
Log: 2023-04-18 11:00:52.762197 
	 Mac Address: 18:60:24:33:42:fa 
	 Name in network: HP3342FA.home 
	 Given name: Impresora of Angel 
	 Allowed on network: True 
	 Tiempo conectado: 2023-04-18 11:00:52.762206
Log: 2023-04-18 11:00:52.770394 
	 Mac Address: 90:32:4b:94:3a:8b 
	 Name in network: DESKTOP-TVQ3456.home 
	 Given name: None 
	 Allowed on network: None 
	 Tiempo conectado: 2023-04-18 11:00:52.770404
Log: 2023-04-18 11:00:52.770525 
	 Mac Address: None 
	 Name in network: raspberrypi.home 
	 Given name: None 
	 Allowed on network: None 
	 Tiempo conectado: 2023-04-18 11:00:52.770535
Log: 2023-04-18 11:00:52.770630 
	 Mac Address: 72:52:cb:9e:ed:4a 
	 Name in network:  
	 Given name: None 
	 Allowed on network: None 
	 Tiempo conectado: 2023-04-18 11:00:52.770639
Log: 2023-04-18 11:00:52.770728 
	 Mac Address: 78:f2:35:84:96:d2 
	 Name in network: MITV.home 
	 Given name: None 
	 Allowed on network: None 
	 Tiempo conectado: 2023-04-18 11:00:52.770737
Log: 2023-04-18 11:00:52.770829 
	 Mac Address: a0:9f:10:1a:bd:fc 
	 Name in network:  
	 Given name: None 
	 Allowed on network: None 
	 Tiempo conectado: 2023-04-18 11:00:52.770838
Log: 2023-04-18 11:23:50.717610 
	 Mac Address: 94:6a:b0:5c:3b:29 
	 Name in network: liveboxfibra 
	 Given name: Router of Pruden 
	 Allowed on network: True 
	 Tiempo conectado: 2023-04-18 11:23:50.717622
Log: 2023-04-18 11:23:50.717801 
	 Mac Address: 18:60:24:33:42:fa 
	 Name in network: HP3342FA.home 
	 Given name: Impresora of Angel 
	 Allowed on network: True 
	 Tiempo conectado: 2023-04-18 11:23:50.717811
Log: 2023-04-18 11:23:50.726359 
	 Mac Address: 34:25:be:f1:94:27 
	 Name in network:  
	 Given name: None 
	 Allowed on network: None 
	 Tiempo conectado: 2023-04-18 11:23:50.726370
Log: 2023-04-18 11:23:50.726471 
	 Mac Address: f8:8f:07:42:7f:e6 
	 Name in network: GalaxyWatchActive2-FFE5.home 
	 Given name: None 
	 Allowed on network: None 
	 Tiempo conectado: 2023-04-18 11:23:50.726481
Log: 2023-04-18 11:23:50.726577 
	 Mac Address: 90:32:4b:94:3a:8b 
	 Name in network: DESKTOP-TVQ3456.home 
	 Given name: None 
	 Allowed on network: None 
	 Tiempo conectado: 2023-04-18 11:23:50.726587
Log: 2023-04-18 11:23:50.726705 
	 Mac Address: None 
	 Name in network: raspberrypi.home 
	 Given name: None 
	 Allowed on network: None 
	 Tiempo conectado: 2023-04-18 11:23:50.726715
Log: 2023-04-18 11:23:50.726808 
	 Mac Address: 72:52:cb:9e:ed:4a 
	 Name in network:  
	 Given name: None 
	 Allowed on network: None 
	 Tiempo conectado: 2023-04-18 11:23:50.726818
Log: 2023-04-18 11:23:50.726919 
	 Mac Address: 78:f2:35:84:96:d2 
	 Name in network: MITV.home 
	 Given name: None 
	 Allowed on network: None 
	 Tiempo conectado: 2023-04-18 11:23:50.726929
Log: 2023-04-18 11:23:50.727019 
	 Mac Address: a0:9f:10:1a:bd:fc 
	 Name in network:  
	 Given name: None 
	 Allowed on network: None 
	 Tiempo conectado: 2023-04-18 11:23:50.727029
Log: 2023-04-18 11:24:33.905368 
	 Mac Address: 94:6a:b0:5c:3b:29 
	 Name in network: liveboxfibra 
	 Given name: Router of Pruden 
	 Allowed on network: True 
	 Tiempo conectado: 2023-04-18 11:24:33.905378
Log: 2023-04-18 11:24:33.905471 
	 Mac Address: 18:60:24:33:42:fa 
	 Name in network: HP3342FA.home 
	 Given name: Impresora of Angel 
	 Allowed on network: True 
	 Tiempo conectado: 2023-04-18 11:24:33.905480
Log: 2023-04-18 11:24:33.913661 
	 Mac Address: 34:25:be:f1:94:27 
	 Name in network:  
	 Given name: None 
	 Allowed on network: None 
	 Tiempo conectado: 2023-04-18 11:24:33.913673
Log: 2023-04-18 11:24:33.913776 
	 Mac Address: 90:32:4b:94:3a:8b 
	 Name in network: DESKTOP-TVQ3456.home 
	 Given name: None 
	 Allowed on network: None 
	 Tiempo conectado: 2023-04-18 11:24:33.913785
Log: 2023-04-18 11:24:33.913891 
	 Mac Address: None 
	 Name in network: raspberrypi.home 
	 Given name: None 
	 Allowed on network: None 
	 Tiempo conectado: 2023-04-18 11:24:33.913901
Log: 2023-04-18 11:24:33.913992 
	 Mac Address: 72:52:cb:9e:ed:4a 
	 Name in network:  
	 Given name: None 
	 Allowed on network: None 
	 Tiempo conectado: 2023-04-18 11:24:33.914001
Log: 2023-04-18 11:24:33.914093 
	 Mac Address: 78:f2:35:84:96:d2 
	 Name in network: MITV.home 
	 Given name: None 
	 Allowed on network: None 
	 Tiempo conectado: 2023-04-18 11:24:33.914102
Log: 2023-04-18 11:24:33.914194 
	 Mac Address: a0:9f:10:1a:bd:fc 
	 Name in network:  
	 Given name: None 
	 Allowed on network: None 
	 Tiempo conectado: 2023-04-18 11:24:33.914203
Log: 2023-04-18 11:25:43.713139 
	 Mac Address: 94:6a:b0:5c:3b:29 
	 Name in network: liveboxfibra 
	 Given name: Router of Pruden 
	 Allowed on network: True 
	 Tiempo conectado: 2023-04-18 11:25:43.713149
Log: 2023-04-18 11:25:43.713240 
	 Mac Address: 18:60:24:33:42:fa 
	 Name in network: HP3342FA.home 
	 Given name: Impresora of Angel 
	 Allowed on network: True 
	 Tiempo conectado: 2023-04-18 11:25:43.713249
Log: 2023-04-18 11:25:43.721536 
	 Mac Address: 34:25:be:f1:94:27 
	 Name in network:  
	 Given name: None 
	 Allowed on network: None 
	 Tiempo conectado: 2023-04-18 11:25:43.721546
Log: 2023-04-18 11:25:43.721646 
	 Mac Address: 90:32:4b:94:3a:8b 
	 Name in network: DESKTOP-TVQ3456.home 
	 Given name: None 
	 Allowed on network: None 
	 Tiempo conectado: 2023-04-18 11:25:43.721656
Log: 2023-04-18 11:25:43.721760 
	 Mac Address: None 
	 Name in network: raspberrypi.home 
	 Given name: None 
	 Allowed on network: None 
	 Tiempo conectado: 2023-04-18 11:25:43.721770
Log: 2023-04-18 11:25:43.721860 
	 Mac Address: 78:f2:35:84:96:d2 
	 Name in network: MITV.home 
	 Given name: None 
	 Allowed on network: None 
	 Tiempo conectado: 2023-04-18 11:25:43.721870
Log: 2023-04-18 11:25:43.721961 
	 Mac Address: a0:9f:10:1a:bd:fc 
	 Name in network:  
	 Given name: None 
	 Allowed on network: None 
	 Tiempo conectado: 2023-04-18 11:25:43.721970
Log: 2023-04-18 11:26:38.514139 
	 Mac Address: 94:6a:b0:5c:3b:29 
	 Name in network: liveboxfibra 
	 Given name: Router of Pruden 
	 Allowed on network: True 
	 Tiempo conectado: 2023-04-18 11:26:38.514150
Log: 2023-04-18 11:26:38.514238 
	 Mac Address: 18:60:24:33:42:fa 
	 Name in network: HP3342FA.home 
	 Given name: Impresora of Angel 
	 Allowed on network: True 
	 Tiempo conectado: 2023-04-18 11:26:38.514248
Log: 2023-04-18 11:26:38.523344 
	 Mac Address: 00:00:00:00:00:00 
	 Name in network:  
	 Given name: None 
	 Allowed on network: None 
	 Tiempo conectado: 2023-04-18 11:26:38.523354
Log: 2023-04-18 11:26:38.523455 
	 Mac Address: 90:32:4b:94:3a:8b 
	 Name in network: DESKTOP-TVQ3456.home 
	 Given name: None 
	 Allowed on network: None 
	 Tiempo conectado: 2023-04-18 11:26:38.523464
Log: 2023-04-18 11:26:38.523557 
	 Mac Address: None 
	 Name in network: raspberrypi.home 
	 Given name: None 
	 Allowed on network: None 
	 Tiempo conectado: 2023-04-18 11:26:38.523566
Log: 2023-04-18 11:26:38.523682 
	 Mac Address: 78:f2:35:84:96:d2 
	 Name in network: MITV.home 
	 Given name: None 
	 Allowed on network: None 
	 Tiempo conectado: 2023-04-18 11:26:38.523692
Log: 2023-04-18 11:26:38.523784 
	 Mac Address: a0:9f:10:1a:bd:fc 
	 Name in network:  
	 Given name: None 
	 Allowed on network: None 
	 Tiempo conectado: 2023-04-18 11:26:38.523793
Log: 2023-04-18 11:30:30.500868 
	 Mac Address: 94:6a:b0:5c:3b:29 
	 Name in network: liveboxfibra 
	 Given name: Router of Pruden 
	 Allowed on network: True 
	 Tiempo conectado: 2023-04-18 11:30:30.500879
Log: 2023-04-18 11:30:30.500971 
	 Mac Address: 18:60:24:33:42:fa 
	 Name in network: HP3342FA.home 
	 Given name: Impresora of Angel 
	 Allowed on network: True 
	 Tiempo conectado: 2023-04-18 11:30:30.500980
Log: 2023-04-18 11:30:30.509218 
	 Mac Address: 90:32:4b:94:3a:8b 
	 Name in network: DESKTOP-TVQ3456.home 
	 Given name: None 
	 Allowed on network: None 
	 Tiempo conectado: 2023-04-18 11:30:30.509228
Log: 2023-04-18 11:30:30.509340 
	 Mac Address: None 
	 Name in network: raspberrypi.home 
	 Given name: None 
	 Allowed on network: None 
	 Tiempo conectado: 2023-04-18 11:30:30.509349
Log: 2023-04-18 11:30:30.509443 
	 Mac Address: 78:f2:35:84:96:d2 
	 Name in network: MITV.home 
	 Given name: None 
	 Allowed on network: None 
	 Tiempo conectado: 2023-04-18 11:30:30.509453
Log: 2023-04-18 11:30:30.509544 
	 Mac Address: a0:9f:10:1a:bd:fc 
	 Name in network:  
	 Given name: None 
	 Allowed on network: None 
	 Tiempo conectado: 2023-04-18 11:30:30.509553
Log: 2023-04-18 11:30:58.231737 
	 Mac Address: 94:6a:b0:5c:3b:29 
	 Name in network: liveboxfibra 
	 Given name: Router of Pruden 
	 Allowed on network: True 
	 Tiempo conectado: 2023-04-18 11:30:58.231747
Log: 2023-04-18 11:30:58.231836 
	 Mac Address: 18:60:24:33:42:fa 
	 Name in network: HP3342FA.home 
	 Given name: Impresora of Angel 
	 Allowed on network: True 
	 Tiempo conectado: 2023-04-18 11:30:58.231846
Log: 2023-04-18 11:30:58.240371 
	 Mac Address: 90:32:4b:94:3a:8b 
	 Name in network: DESKTOP-TVQ3456.home 
	 Given name: None 
	 Allowed on network: None 
	 Tiempo conectado: 2023-04-18 11:30:58.240381
Log: 2023-04-18 11:30:58.240501 
	 Mac Address: None 
	 Name in network: raspberrypi.home 
	 Given name: None 
	 Allowed on network: None 
	 Tiempo conectado: 2023-04-18 11:30:58.240511
Log: 2023-04-18 11:30:58.240610 
	 Mac Address: 78:f2:35:84:96:d2 
	 Name in network: MITV.home 
	 Given name: None 
	 Allowed on network: None 
	 Tiempo conectado: 2023-04-18 11:30:58.240620
Log: 2023-04-18 11:30:58.240709 
	 Mac Address: a0:9f:10:1a:bd:fc 
	 Name in network:  
	 Given name: None 
	 Allowed on network: None 
	 Tiempo conectado: 2023-04-18 11:30:58.240718
Log: 2023-04-18 20:33:35.131617 
	 Mac Address: 94:6a:b0:5c:3b:29 
	 Name in network: liveboxfibra 
	 Given name: Router of Pruden 
	 Allowed on network: True 
	 Tiempo conectado: 2023-04-18 20:33:35.131628
Log: 2023-04-18 20:33:35.131735 
	 Mac Address: 18:60:24:33:42:fa 
	 Name in network: HP3342FA.home 
	 Given name: Impresora of Angel 
	 Allowed on network: True 
	 Tiempo conectado: 2023-04-18 20:33:35.131744
Log: 2023-04-18 20:33:35.139762 
	 Mac Address: 4e:a7:39:cd:10:d2 
	 Name in network: GETINO.home 
	 Given name: None 
	 Allowed on network: None 
	 Tiempo conectado: 2023-04-18 20:33:35.139772
Log: 2023-04-18 20:33:35.139885 
	 Mac Address: 34:25:be:f1:94:27 
	 Name in network:  
	 Given name: None 
	 Allowed on network: None 
	 Tiempo conectado: 2023-04-18 20:33:35.139895
Log: 2023-04-18 20:33:35.139990 
	 Mac Address: 90:32:4b:94:3a:8b 
	 Name in network: DESKTOP-TVQ3456.home 
	 Given name: None 
	 Allowed on network: None 
	 Tiempo conectado: 2023-04-18 20:33:35.139999
Log: 2023-04-18 20:33:35.140099 
	 Mac Address: None 
	 Name in network: raspberrypi.home 
	 Given name: None 
	 Allowed on network: None 
	 Tiempo conectado: 2023-04-18 20:33:35.140109
Log: 2023-04-18 20:33:35.140200 
	 Mac Address: e8:3a:12:47:16:e5 
	 Name in network: Galaxy-Tab-A.home 
	 Given name: None 
	 Allowed on network: None 
	 Tiempo conectado: 2023-04-18 20:33:35.140210
Log: 2023-04-18 20:33:35.140299 
	 Mac Address: a0:9f:10:1a:bd:fc 
	 Name in network:  
	 Given name: None 
	 Allowed on network: None 
	 Tiempo conectado: 2023-04-18 20:33:35.140308
Log: 2023-04-18 20:34:26.124237 
	 Mac Address: 94:6a:b0:5c:3b:29 
	 Name in network: liveboxfibra 
	 Given name: Router of Pruden 
	 Allowed on network: True 
	 Tiempo conectado: 2023-04-18 20:34:26.124247
Log: 2023-04-18 20:34:26.124428 
	 Mac Address: 18:60:24:33:42:fa 
	 Name in network: HP3342FA.home 
	 Given name: Impresora of Angel 
	 Allowed on network: True 
	 Tiempo conectado: 2023-04-18 20:34:26.124437
Log: 2023-04-18 20:34:26.132869 
	 Mac Address: 4e:a7:39:cd:10:d2 
	 Name in network: GETINO.home 
	 Given name: None 
	 Allowed on network: None 
	 Tiempo conectado: 2023-04-18 20:34:26.132879
Log: 2023-04-18 20:34:26.132978 
	 Mac Address: 34:25:be:f1:94:27 
	 Name in network:  
	 Given name: None 
	 Allowed on network: None 
	 Tiempo conectado: 2023-04-18 20:34:26.132988
Log: 2023-04-18 20:34:26.133082 
	 Mac Address: 90:32:4b:94:3a:8b 
	 Name in network: DESKTOP-TVQ3456.home 
	 Given name: None 
	 Allowed on network: None 
	 Tiempo conectado: 2023-04-18 20:34:26.133091
Log: 2023-04-18 20:34:26.133194 
	 Mac Address: None 
	 Name in network: raspberrypi.home 
	 Given name: None 
	 Allowed on network: None 
	 Tiempo conectado: 2023-04-18 20:34:26.133203
Log: 2023-04-18 20:34:26.133295 
	 Mac Address: e8:3a:12:47:16:e5 
	 Name in network: Galaxy-Tab-A.home 
	 Given name: None 
	 Allowed on network: None 
	 Tiempo conectado: 2023-04-18 20:34:26.133305
Log: 2023-04-18 20:34:26.133395 
	 Mac Address: 5c:0c:e6:7f:6e:1e 
	 Name in network:  
	 Given name: None 
	 Allowed on network: None 
	 Tiempo conectado: 2023-04-18 20:34:26.133405
Log: 2023-04-18 20:34:26.133497 
	 Mac Address: a0:9f:10:1a:bd:fc 
	 Name in network:  
	 Given name: None 
	 Allowed on network: None 
	 Tiempo conectado: 2023-04-18 20:34:26.133506
Log: 2023-04-18 20:34:45.378173 
	 Mac Address: 94:6a:b0:5c:3b:29 
	 Name in network: liveboxfibra 
	 Given name: Router of Pruden 
	 Allowed on network: True 
	 Tiempo conectado: 2023-04-18 20:34:45.378186
Log: 2023-04-18 20:34:45.378322 
	 Mac Address: 18:60:24:33:42:fa 
	 Name in network: HP3342FA.home 
	 Given name: Impresora of Angel 
	 Allowed on network: True 
	 Tiempo conectado: 2023-04-18 20:34:45.378335
Log: 2023-04-18 20:34:45.389716 
	 Mac Address: 34:25:be:f1:94:27 
	 Name in network:  
	 Given name: None 
	 Allowed on network: None 
	 Tiempo conectado: 2023-04-18 20:34:45.389730
Log: 2023-04-18 20:34:45.389870 
	 Mac Address: 90:32:4b:94:3a:8b 
	 Name in network: DESKTOP-TVQ3456.home 
	 Given name: None 
	 Allowed on network: None 
	 Tiempo conectado: 2023-04-18 20:34:45.389883
Log: 2023-04-18 20:34:45.390020 
	 Mac Address: None 
	 Name in network: raspberrypi.home 
	 Given name: None 
	 Allowed on network: None 
	 Tiempo conectado: 2023-04-18 20:34:45.390033
Log: 2023-04-18 20:34:45.390160 
	 Mac Address: e8:3a:12:47:16:e5 
	 Name in network: Galaxy-Tab-A.home 
	 Given name: None 
	 Allowed on network: None 
	 Tiempo conectado: 2023-04-18 20:34:45.390173
Log: 2023-04-18 20:34:45.390298 
	 Mac Address: a0:9f:10:1a:bd:fc 
	 Name in network:  
	 Given name: None 
	 Allowed on network: None 
	 Tiempo conectado: 2023-04-18 20:34:45.390311
Log: 2023-04-18 20:36:45.763862 
	 Mac Address: 94:6a:b0:5c:3b:29 
	 Name in network: liveboxfibra 
	 Given name: Router of Pruden 
	 Allowed on network: True 
	 Tiempo conectado: 2023-04-18 20:36:45.763873
Log: 2023-04-18 20:36:45.763968 
	 Mac Address: 18:60:24:33:42:fa 
	 Name in network: HP3342FA.home 
	 Given name: Impresora of Angel 
	 Allowed on network: True 
	 Tiempo conectado: 2023-04-18 20:36:45.763978
Log: 2023-04-18 20:36:45.772237 
	 Mac Address: 4e:a7:39:cd:10:d2 
	 Name in network: GETINO.home 
	 Given name: None 
	 Allowed on network: None 
	 Tiempo conectado: 2023-04-18 20:36:45.772247
Log: 2023-04-18 20:36:45.772347 
	 Mac Address: 34:25:be:f1:94:27 
	 Name in network:  
	 Given name: None 
	 Allowed on network: None 
	 Tiempo conectado: 2023-04-18 20:36:45.772356
Log: 2023-04-18 20:36:45.772450 
	 Mac Address: 90:32:4b:94:3a:8b 
	 Name in network: DESKTOP-TVQ3456.home 
	 Given name: None 
	 Allowed on network: None 
	 Tiempo conectado: 2023-04-18 20:36:45.772459
Log: 2023-04-18 20:36:45.772554 
	 Mac Address: ea:fd:36:8c:10:30 
	 Name in network: Galaxy-S9-de-NURIA-ISABEL.home 
	 Given name: None 
	 Allowed on network: None 
	 Tiempo conectado: 2023-04-18 20:36:45.772563
Log: 2023-04-18 20:36:45.772665 
	 Mac Address: None 
	 Name in network: raspberrypi.home 
	 Given name: None 
	 Allowed on network: None 
	 Tiempo conectado: 2023-04-18 20:36:45.772675
Log: 2023-04-18 20:36:45.772765 
	 Mac Address: 5c:0c:e6:7f:6e:1e 
	 Name in network:  
	 Given name: None 
	 Allowed on network: None 
	 Tiempo conectado: 2023-04-18 20:36:45.772774
Log: 2023-04-18 20:36:45.772863 
	 Mac Address: a0:9f:10:1a:bd:fc 
	 Name in network:  
	 Given name: None 
	 Allowed on network: None 
	 Tiempo conectado: 2023-04-18 20:36:45.772872
Log: 2023-04-18 20:45:15.896670 
	 Mac Address: 94:6a:b0:5c:3b:29 
	 Name in network: liveboxfibra 
	 Given name: Router of Pruden 
	 Allowed on network: True 
	 Tiempo conectado: 2023-04-18 20:45:15.896680
Log: 2023-04-18 20:45:15.896788 
	 Mac Address: 18:60:24:33:42:fa 
	 Name in network: HP3342FA.home 
	 Given name: Impresora of Angel 
	 Allowed on network: True 
	 Tiempo conectado: 2023-04-18 20:45:15.896797
Log: 2023-04-18 20:45:15.904936 
	 Mac Address: f8:8f:07:42:7f:e6 
	 Name in network: GalaxyWatchActive2-FFE5.home 
	 Given name: None 
	 Allowed on network: None 
	 Tiempo conectado: 2023-04-18 20:45:15.904949
Log: 2023-04-18 20:45:15.905056 
	 Mac Address: 90:32:4b:94:3a:8b 
	 Name in network: DESKTOP-TVQ3456.home 
	 Given name: None 
	 Allowed on network: None 
	 Tiempo conectado: 2023-04-18 20:45:15.905066
Log: 2023-04-18 20:45:15.905167 
	 Mac Address: None 
	 Name in network: raspberrypi.home 
	 Given name: None 
	 Allowed on network: None 
	 Tiempo conectado: 2023-04-18 20:45:15.905177
Log: 2023-04-18 20:45:15.905271 
	 Mac Address: a0:9f:10:1a:bd:fc 
	 Name in network:  
	 Given name: None 
	 Allowed on network: None 
	 Tiempo conectado: 2023-04-18 20:45:15.905280
Log: 2023-04-18 20:45:54.080890 
	 Mac Address: 94:6a:b0:5c:3b:29 
	 Name in network: liveboxfibra 
	 Given name: Router of Pruden 
	 Allowed on network: True 
	 Tiempo conectado: 2023-04-18 20:45:54.080901
Log: 2023-04-18 20:45:54.081010 
	 Mac Address: 18:60:24:33:42:fa 
	 Name in network: HP3342FA.home 
	 Given name: Impresora of Angel 
	 Allowed on network: True 
	 Tiempo conectado: 2023-04-18 20:45:54.081020
Log: 2023-04-18 20:45:54.089057 
	 Mac Address: 4e:a7:39:cd:10:d2 
	 Name in network: GETINO.home 
	 Given name: None 
	 Allowed on network: None 
	 Tiempo conectado: 2023-04-18 20:45:54.089069
Log: 2023-04-18 20:45:54.089169 
	 Mac Address: 34:25:be:f1:94:27 
	 Name in network:  
	 Given name: None 
	 Allowed on network: None 
	 Tiempo conectado: 2023-04-18 20:45:54.089179
Log: 2023-04-18 20:45:54.089275 
	 Mac Address: 90:32:4b:94:3a:8b 
	 Name in network: DESKTOP-TVQ3456.home 
	 Given name: None 
	 Allowed on network: None 
	 Tiempo conectado: 2023-04-18 20:45:54.089285
Log: 2023-04-18 20:45:54.089388 
	 Mac Address: None 
	 Name in network: raspberrypi.home 
	 Given name: None 
	 Allowed on network: None 
	 Tiempo conectado: 2023-04-18 20:45:54.089398
Log: 2023-04-18 20:45:54.089491 
	 Mac Address: 5c:0c:e6:7f:6e:1e 
	 Name in network:  
	 Given name: None 
	 Allowed on network: None 
	 Tiempo conectado: 2023-04-18 20:45:54.089501
Log: 2023-04-18 20:45:54.089592 
	 Mac Address: a0:9f:10:1a:bd:fc 
	 Name in network:  
	 Given name: None 
	 Allowed on network: None 
	 Tiempo conectado: 2023-04-18 20:45:54.089602
Log: 2023-04-18 20:53:20.331276 
	 Mac Address: 94:6a:b0:5c:3b:29 
	 Name in network: liveboxfibra 
	 Given name: Router of Pruden 
	 Allowed on network: True 
	 Tiempo conectado: 2023-04-18 20:53:20.331289
Log: 2023-04-18 20:53:20.331421 
	 Mac Address: 18:60:24:33:42:fa 
	 Name in network: HP3342FA.home 
	 Given name: Impresora of Angel 
	 Allowed on network: True 
	 Tiempo conectado: 2023-04-18 20:53:20.331434
Log: 2023-04-18 20:53:20.342395 
	 Mac Address: 4e:a7:39:cd:10:d2 
	 Name in network: GETINO.home 
	 Given name: None 
	 Allowed on network: None 
	 Tiempo conectado: 2023-04-18 20:53:20.342409
Log: 2023-04-18 20:53:20.342546 
	 Mac Address: 34:25:be:f1:94:27 
	 Name in network:  
	 Given name: None 
	 Allowed on network: None 
	 Tiempo conectado: 2023-04-18 20:53:20.342559
Log: 2023-04-18 20:53:20.342690 
	 Mac Address: 90:32:4b:94:3a:8b 
	 Name in network: DESKTOP-TVQ3456.home 
	 Given name: None 
	 Allowed on network: None 
	 Tiempo conectado: 2023-04-18 20:53:20.342703
Log: 2023-04-18 20:53:20.342838 
	 Mac Address: None 
	 Name in network: raspberrypi.home 
	 Given name: None 
	 Allowed on network: None 
	 Tiempo conectado: 2023-04-18 20:53:20.342851
Log: 2023-04-18 20:53:20.342979 
	 Mac Address: e8:3a:12:47:16:e5 
	 Name in network: Galaxy-Tab-A.home 
	 Given name: None 
	 Allowed on network: None 
	 Tiempo conectado: 2023-04-18 20:53:20.342992
Log: 2023-04-18 20:53:20.343117 
	 Mac Address: a0:9f:10:1a:bd:fc 
	 Name in network:  
	 Given name: None 
	 Allowed on network: None 
	 Tiempo conectado: 2023-04-18 20:53:20.343129
Log: 2023-04-18 20:59:21.141209 
	 Mac Address: 94:6a:b0:5c:3b:29 
	 Name in network: liveboxfibra 
	 Given name: Router of Pruden 
	 Allowed on network: True 
	 Tiempo conectado: 2023-04-18 20:59:21.141225
Log: 2023-04-18 20:59:21.141365 
	 Mac Address: 18:60:24:33:42:fa 
	 Name in network: HP3342FA.home 
	 Given name: Impresora of Angel 
	 Allowed on network: True 
	 Tiempo conectado: 2023-04-18 20:59:21.141379
Log: 2023-04-18 20:59:21.153722 
	 Mac Address: 34:25:be:f1:94:27 
	 Name in network:  
	 Given name: None 
	 Allowed on network: None 
	 Tiempo conectado: 2023-04-18 20:59:21.153737
Log: 2023-04-18 20:59:21.153888 
	 Mac Address: 90:32:4b:94:3a:8b 
	 Name in network: DESKTOP-TVQ3456.home 
	 Given name: None 
	 Allowed on network: None 
	 Tiempo conectado: 2023-04-18 20:59:21.153903
Log: 2023-04-18 20:59:21.154054 
	 Mac Address: None 
	 Name in network: raspberrypi.home 
	 Given name: None 
	 Allowed on network: None 
	 Tiempo conectado: 2023-04-18 20:59:21.154068
Log: 2023-04-18 20:59:21.154229 
	 Mac Address: e8:3a:12:47:16:e5 
	 Name in network: Galaxy-Tab-A.home 
	 Given name: None 
	 Allowed on network: None 
	 Tiempo conectado: 2023-04-18 20:59:21.154243
Log: 2023-04-18 20:59:21.154384 
	 Mac Address: 5c:0c:e6:7f:6e:1e 
	 Name in network:  
	 Given name: None 
	 Allowed on network: None 
	 Tiempo conectado: 2023-04-18 20:59:21.154399
Log: 2023-04-18 20:59:21.154553 
	 Mac Address: a0:9f:10:1a:bd:fc 
	 Name in network:  
	 Given name: None 
	 Allowed on network: None 
	 Tiempo conectado: 2023-04-18 20:59:21.154568
Log: 2023-04-18 21:02:00.460442 
	 Mac Address: 94:6a:b0:5c:3b:29 
	 Name in network: liveboxfibra 
	 Given name: Router of Pruden 
	 Allowed on network: True 
	 Tiempo conectado: 2023-04-18 21:02:00.460455
Log: 2023-04-18 21:02:00.460690 
	 Mac Address: 18:60:24:33:42:fa 
	 Name in network: HP3342FA.home 
	 Given name: Impresora of Angel 
	 Allowed on network: True 
	 Tiempo conectado: 2023-04-18 21:02:00.460703
Log: 2023-04-18 21:02:00.471849 
	 Mac Address: 90:32:4b:94:3a:8b 
	 Name in network: DESKTOP-TVQ3456.home 
	 Given name: None 
	 Allowed on network: None 
	 Tiempo conectado: 2023-04-18 21:02:00.471865
Log: 2023-04-18 21:02:00.472021 
	 Mac Address: None 
	 Name in network: raspberrypi.home 
	 Given name: None 
	 Allowed on network: None 
	 Tiempo conectado: 2023-04-18 21:02:00.472034
Log: 2023-04-18 21:02:00.472167 
	 Mac Address: e8:3a:12:47:16:e5 
	 Name in network: Galaxy-Tab-A.home 
	 Given name: None 
	 Allowed on network: None 
	 Tiempo conectado: 2023-04-18 21:02:00.472180
Log: 2023-04-18 21:02:00.472307 
	 Mac Address: 5c:0c:e6:7f:6e:1e 
	 Name in network:  
	 Given name: None 
	 Allowed on network: None 
	 Tiempo conectado: 2023-04-18 21:02:00.472320
Log: 2023-04-18 21:02:00.472447 
	 Mac Address: 72:52:cb:9e:ed:4a 
	 Name in network:  
	 Given name: None 
	 Allowed on network: None 
	 Tiempo conectado: 2023-04-18 21:02:00.472460
Log: 2023-04-18 21:02:00.472588 
	 Mac Address: 00:00:00:00:00:00 
	 Name in network: tvc212d6ff59a7.home 
	 Given name: None 
	 Allowed on network: None 
	 Tiempo conectado: 2023-04-18 21:02:00.472601
Log: 2023-04-18 21:02:00.472728 
	 Mac Address: a0:9f:10:1a:bd:fc 
	 Name in network:  
	 Given name: None 
	 Allowed on network: None 
	 Tiempo conectado: 2023-04-18 21:02:00.472741
Log: 2023-04-18 21:04:26.980075 
	 Mac Address: 94:6a:b0:5c:3b:29 
	 Name in network: liveboxfibra 
	 Given name: Router of Pruden 
	 Allowed on network: True 
	 Tiempo conectado: 2023-04-18 21:04:26.980086
Log: 2023-04-18 21:04:26.980191 
	 Mac Address: 18:60:24:33:42:fa 
	 Name in network: HP3342FA.home 
	 Given name: Impresora of Angel 
	 Allowed on network: True 
	 Tiempo conectado: 2023-04-18 21:04:26.980200
Log: 2023-04-18 21:04:26.988074 
	 Mac Address: 4e:a7:39:cd:10:d2 
	 Name in network: GETINO.home 
	 Given name: None 
	 Allowed on network: None 
	 Tiempo conectado: 2023-04-18 21:04:26.988084
Log: 2023-04-18 21:04:26.988241 
	 Mac Address: 34:25:be:f1:94:27 
	 Name in network:  
	 Given name: None 
	 Allowed on network: None 
	 Tiempo conectado: 2023-04-18 21:04:26.988250
Log: 2023-04-18 21:04:26.988343 
	 Mac Address: 90:32:4b:94:3a:8b 
	 Name in network: DESKTOP-TVQ3456.home 
	 Given name: None 
	 Allowed on network: None 
	 Tiempo conectado: 2023-04-18 21:04:26.988352
Log: 2023-04-18 21:04:26.988463 
	 Mac Address: ea:fd:36:8c:10:30 
	 Name in network: Galaxy-S9-de-NURIA-ISABEL.home 
	 Given name: None 
	 Allowed on network: None 
	 Tiempo conectado: 2023-04-18 21:04:26.988473
Log: 2023-04-18 21:04:26.988565 
	 Mac Address: None 
	 Name in network: raspberrypi.home 
	 Given name: None 
	 Allowed on network: None 
	 Tiempo conectado: 2023-04-18 21:04:26.988575
Log: 2023-04-18 21:04:26.988665 
	 Mac Address: e8:3a:12:47:16:e5 
	 Name in network: Galaxy-Tab-A.home 
	 Given name: None 
	 Allowed on network: None 
	 Tiempo conectado: 2023-04-18 21:04:26.988674
Log: 2023-04-18 21:04:26.988766 
	 Mac Address: b8:76:3f:48:a3:0c 
	 Name in network: tvc212d6ff59a7.home 
	 Given name: None 
	 Allowed on network: None 
	 Tiempo conectado: 2023-04-18 21:04:26.988775
Log: 2023-04-18 21:04:26.988908 
	 Mac Address: a0:9f:10:1a:bd:fc 
	 Name in network:  
	 Given name: None 
	 Allowed on network: None 
	 Tiempo conectado: 2023-04-18 21:04:26.988918
Log: 2023-04-18 21:04:40.430294 
	 Mac Address: 94:6a:b0:5c:3b:29 
	 Name in network: liveboxfibra 
	 Given name: Router of Pruden 
	 Allowed on network: True 
	 Tiempo conectado: 2023-04-18 21:04:40.430304
Log: 2023-04-18 21:04:40.430394 
	 Mac Address: 18:60:24:33:42:fa 
	 Name in network: HP3342FA.home 
	 Given name: Impresora of Angel 
	 Allowed on network: True 
	 Tiempo conectado: 2023-04-18 21:04:40.430403
Log: 2023-04-18 21:04:40.438541 
	 Mac Address: 4e:a7:39:cd:10:d2 
	 Name in network: GETINO.home 
	 Given name: None 
	 Allowed on network: None 
	 Tiempo conectado: 2023-04-18 21:04:40.438604
Log: 2023-04-18 21:04:40.438708 
	 Mac Address: 34:25:be:f1:94:27 
	 Name in network:  
	 Given name: None 
	 Allowed on network: None 
	 Tiempo conectado: 2023-04-18 21:04:40.438718
Log: 2023-04-18 21:04:40.438848 
	 Mac Address: 90:32:4b:94:3a:8b 
	 Name in network: DESKTOP-TVQ3456.home 
	 Given name: None 
	 Allowed on network: None 
	 Tiempo conectado: 2023-04-18 21:04:40.438858
Log: 2023-04-18 21:04:40.438955 
	 Mac Address: None 
	 Name in network: raspberrypi.home 
	 Given name: None 
	 Allowed on network: None 
	 Tiempo conectado: 2023-04-18 21:04:40.438964
Log: 2023-04-18 21:04:40.439056 
	 Mac Address: e8:3a:12:47:16:e5 
	 Name in network: Galaxy-Tab-A.home 
	 Given name: None 
	 Allowed on network: None 
	 Tiempo conectado: 2023-04-18 21:04:40.439065
Log: 2023-04-18 21:04:40.439154 
	 Mac Address: 5c:0c:e6:7f:6e:1e 
	 Name in network:  
	 Given name: None 
	 Allowed on network: None 
	 Tiempo conectado: 2023-04-18 21:04:40.439163
Log: 2023-04-18 21:04:40.439254 
	 Mac Address: b8:76:3f:48:a3:0c 
	 Name in network: tvc212d6ff59a7.home 
	 Given name: None 
	 Allowed on network: None 
	 Tiempo conectado: 2023-04-18 21:04:40.439263
Log: 2023-04-18 21:04:40.439353 
	 Mac Address: a0:9f:10:1a:bd:fc 
	 Name in network:  
	 Given name: None 
	 Allowed on network: None 
	 Tiempo conectado: 2023-04-18 21:04:40.439362
Log: 2023-04-18 21:05:55.165027 
	 Mac Address: 94:6a:b0:5c:3b:29 
	 Name in network: liveboxfibra 
	 Given name: Router of Pruden 
	 Allowed on network: True 
	 Tiempo conectado: 2023-04-18 21:05:55.165037
Log: 2023-04-18 21:05:55.165129 
	 Mac Address: 18:60:24:33:42:fa 
	 Name in network: HP3342FA.home 
	 Given name: Impresora of Angel 
	 Allowed on network: True 
	 Tiempo conectado: 2023-04-18 21:05:55.165138
Log: 2023-04-18 21:05:55.173419 
	 Mac Address: 4e:a7:39:cd:10:d2 
	 Name in network: GETINO.home 
	 Given name: None 
	 Allowed on network: None 
	 Tiempo conectado: 2023-04-18 21:05:55.173430
Log: 2023-04-18 21:05:55.173541 
	 Mac Address: 34:25:be:f1:94:27 
	 Name in network:  
	 Given name: None 
	 Allowed on network: None 
	 Tiempo conectado: 2023-04-18 21:05:55.173550
Log: 2023-04-18 21:05:55.173644 
	 Mac Address: 90:32:4b:94:3a:8b 
	 Name in network: DESKTOP-TVQ3456.home 
	 Given name: None 
	 Allowed on network: None 
	 Tiempo conectado: 2023-04-18 21:05:55.173654
Log: 2023-04-18 21:05:55.173745 
	 Mac Address: ea:fd:36:8c:10:30 
	 Name in network: Galaxy-S9-de-NURIA-ISABEL.home 
	 Given name: None 
	 Allowed on network: None 
	 Tiempo conectado: 2023-04-18 21:05:55.173754
Log: 2023-04-18 21:05:55.173846 
	 Mac Address: None 
	 Name in network: raspberrypi.home 
	 Given name: None 
	 Allowed on network: None 
	 Tiempo conectado: 2023-04-18 21:05:55.173855
Log: 2023-04-18 21:05:55.173946 
	 Mac Address: e8:3a:12:47:16:e5 
	 Name in network: Galaxy-Tab-A.home 
	 Given name: None 
	 Allowed on network: None 
	 Tiempo conectado: 2023-04-18 21:05:55.173955
Log: 2023-04-18 21:05:55.174046 
	 Mac Address: 5c:0c:e6:7f:6e:1e 
	 Name in network:  
	 Given name: None 
	 Allowed on network: None 
	 Tiempo conectado: 2023-04-18 21:05:55.174055
Log: 2023-04-18 21:05:55.174161 
	 Mac Address: 72:52:cb:9e:ed:4a 
	 Name in network:  
	 Given name: None 
	 Allowed on network: None 
	 Tiempo conectado: 2023-04-18 21:05:55.174170
Log: 2023-04-18 21:05:55.174260 
	 Mac Address: b8:76:3f:48:a3:0c 
	 Name in network: tvc212d6ff59a7.home 
	 Given name: None 
	 Allowed on network: None 
	 Tiempo conectado: 2023-04-18 21:05:55.174269
Log: 2023-04-18 21:05:55.174358 
	 Mac Address: a0:9f:10:1a:bd:fc 
	 Name in network:  
	 Given name: None 
	 Allowed on network: None 
	 Tiempo conectado: 2023-04-18 21:05:55.174367
Log: 2023-04-18 21:06:31.960948 
	 Mac Address: 94:6a:b0:5c:3b:29 
	 Name in network: liveboxfibra 
	 Given name: Router of Pruden 
	 Allowed on network: True 
	 Tiempo conectado: 2023-04-18 21:06:31.960958
Log: 2023-04-18 21:06:31.961048 
	 Mac Address: 18:60:24:33:42:fa 
	 Name in network: HP3342FA.home 
	 Given name: Impresora of Angel 
	 Allowed on network: True 
	 Tiempo conectado: 2023-04-18 21:06:31.961057
Log: 2023-04-18 21:06:31.969210 
	 Mac Address: 4e:a7:39:cd:10:d2 
	 Name in network: GETINO.home 
	 Given name: None 
	 Allowed on network: None 
	 Tiempo conectado: 2023-04-18 21:06:31.969221
Log: 2023-04-18 21:06:31.969320 
	 Mac Address: 90:32:4b:94:3a:8b 
	 Name in network: DESKTOP-TVQ3456.home 
	 Given name: None 
	 Allowed on network: None 
	 Tiempo conectado: 2023-04-18 21:06:31.969330
Log: 2023-04-18 21:06:31.969424 
	 Mac Address: ea:fd:36:8c:10:30 
	 Name in network: Galaxy-S9-de-NURIA-ISABEL.home 
	 Given name: None 
	 Allowed on network: None 
	 Tiempo conectado: 2023-04-18 21:06:31.969433
Log: 2023-04-18 21:06:31.969524 
	 Mac Address: None 
	 Name in network: raspberrypi.home 
	 Given name: None 
	 Allowed on network: None 
	 Tiempo conectado: 2023-04-18 21:06:31.969533
Log: 2023-04-18 21:06:31.969625 
	 Mac Address: e8:3a:12:47:16:e5 
	 Name in network: Galaxy-Tab-A.home 
	 Given name: None 
	 Allowed on network: None 
	 Tiempo conectado: 2023-04-18 21:06:31.969634
Log: 2023-04-18 21:06:31.969725 
	 Mac Address: 5c:0c:e6:7f:6e:1e 
	 Name in network:  
	 Given name: None 
	 Allowed on network: None 
	 Tiempo conectado: 2023-04-18 21:06:31.969735
Log: 2023-04-18 21:06:31.969825 
	 Mac Address: b8:76:3f:48:a3:0c 
	 Name in network: tvc212d6ff59a7.home 
	 Given name: None 
	 Allowed on network: None 
	 Tiempo conectado: 2023-04-18 21:06:31.969834
Log: 2023-04-18 21:06:31.969939 
	 Mac Address: a0:9f:10:1a:bd:fc 
	 Name in network:  
	 Given name: None 
	 Allowed on network: None 
	 Tiempo conectado: 2023-04-18 21:06:31.969948
Log: 2023-04-18 21:08:40.082173 
	 Mac Address: 94:6a:b0:5c:3b:29 
	 Name in network: liveboxfibra 
	 Given name: Router of Pruden 
	 Allowed on network: True 
	 Tiempo conectado: 2023-04-18 21:08:40.082183
Log: 2023-04-18 21:08:40.082275 
	 Mac Address: 18:60:24:33:42:fa 
	 Name in network: HP3342FA.home 
	 Given name: Impresora of Angel 
	 Allowed on network: True 
	 Tiempo conectado: 2023-04-18 21:08:40.082284
Log: 2023-04-18 21:08:40.090588 
	 Mac Address: 4e:a7:39:cd:10:d2 
	 Name in network: GETINO.home 
	 Given name: None 
	 Allowed on network: None 
	 Tiempo conectado: 2023-04-18 21:08:40.090598
Log: 2023-04-18 21:08:40.090697 
	 Mac Address: 34:25:be:f1:94:27 
	 Name in network:  
	 Given name: None 
	 Allowed on network: None 
	 Tiempo conectado: 2023-04-18 21:08:40.090707
Log: 2023-04-18 21:08:40.090803 
	 Mac Address: 90:32:4b:94:3a:8b 
	 Name in network: DESKTOP-TVQ3456.home 
	 Given name: None 
	 Allowed on network: None 
	 Tiempo conectado: 2023-04-18 21:08:40.090812
Log: 2023-04-18 21:08:40.090914 
	 Mac Address: None 
	 Name in network: raspberrypi.home 
	 Given name: None 
	 Allowed on network: None 
	 Tiempo conectado: 2023-04-18 21:08:40.090923
Log: 2023-04-18 21:08:40.091016 
	 Mac Address: e8:3a:12:47:16:e5 
	 Name in network: Galaxy-Tab-A.home 
	 Given name: None 
	 Allowed on network: None 
	 Tiempo conectado: 2023-04-18 21:08:40.091025
Log: 2023-04-18 21:08:40.091116 
	 Mac Address: 5c:0c:e6:7f:6e:1e 
	 Name in network:  
	 Given name: None 
	 Allowed on network: None 
	 Tiempo conectado: 2023-04-18 21:08:40.091125
Log: 2023-04-18 21:08:40.091216 
	 Mac Address: 72:52:cb:9e:ed:4a 
	 Name in network:  
	 Given name: None 
	 Allowed on network: None 
	 Tiempo conectado: 2023-04-18 21:08:40.091225
Log: 2023-04-18 21:08:40.091327 
	 Mac Address: b8:76:3f:48:a3:0c 
	 Name in network: tvc212d6ff59a7.home 
	 Given name: None 
	 Allowed on network: None 
	 Tiempo conectado: 2023-04-18 21:08:40.091336
Log: 2023-04-18 21:08:40.091427 
	 Mac Address: a0:9f:10:1a:bd:fc 
	 Name in network:  
	 Given name: None 
	 Allowed on network: None 
	 Tiempo conectado: 2023-04-18 21:08:40.091437
