Log: 2023-03-12 10:48:14.537587 
	 Mac Address: 94:6a:b0:5c:3b:29 
	 Name in network: liveboxfibra 
	 Given name: Router of Pruden 
	 Allowed on network: True
Log: 2023-03-12 10:48:14.537789 
	 Mac Address: 18:60:24:33:42:fa 
	 Name in network: HP3342FA.home 
	 Given name: Impresora of Angel 
	 Allowed on network: True
Log: 2023-03-12 10:48:14.542052 
	 Mac Address: ee:25:61:93:dc:ce 
	 Name in network:  
	 Given name: None 
	 Allowed on network: None
Log: 2023-03-12 10:48:14.542187 
	 Mac Address: f0:72:ea:e5:e5:7a 
	 Name in network: Chromecast.home 
	 Given name: None 
	 Allowed on network: None
Log: 2023-03-12 10:48:14.542377 
	 Mac Address: 34:25:be:f1:94:27 
	 Name in network:  
	 Given name: None 
	 Allowed on network: None
Log: 2023-03-12 10:48:14.542510 
	 Mac Address: None 
	 Name in network: raspberrypi.home 
	 Given name: None 
	 Allowed on network: None
Log: 2023-03-12 10:48:14.542610 
	 Mac Address: a0:9f:10:1a:bd:fc 
	 Name in network:  
	 Given name: None 
	 Allowed on network: None
Log: 2023-03-12 12:43:54.789872 
	 Mac Address: 94:6a:b0:5c:3b:29 
	 Name in network: liveboxfibra 
	 Given name: Router of Pruden 
	 Allowed on network: True
Log: 2023-03-12 12:43:54.790016 
	 Mac Address: 18:60:24:33:42:fa 
	 Name in network: HP3342FA.home 
	 Given name: Impresora of Angel 
	 Allowed on network: True
Log: 2023-03-12 12:43:54.792883 
	 Mac Address: ee:25:61:93:dc:ce 
	 Name in network:  
	 Given name: None 
	 Allowed on network: None
Log: 2023-03-12 12:43:54.792989 
	 Mac Address: f0:72:ea:e5:e5:7a 
	 Name in network: Chromecast.home 
	 Given name: None 
	 Allowed on network: None
Log: 2023-03-12 12:43:54.793053 
	 Mac Address: 34:25:be:f1:94:27 
	 Name in network:  
	 Given name: None 
	 Allowed on network: None
Log: 2023-03-12 12:43:54.793114 
	 Mac Address: None 
	 Name in network: raspberrypi.home 
	 Given name: None 
	 Allowed on network: None
Log: 2023-03-12 12:43:54.793176 
	 Mac Address: a0:9f:10:1a:bd:fc 
	 Name in network:  
	 Given name: None 
	 Allowed on network: None
Log: 2023-03-12 12:44:41.776625 
	 Mac Address: 18:60:24:33:42:fa 
	 Name in network: HP3342FA.home 
	 Given name: Impresora of Angel 
	 Allowed on network: True
Log: 2023-03-12 12:44:41.778958 
	 Mac Address: 94:6a:b0:5c:3b:29 
	 Name in network: liveboxfibra 
	 Given name: None 
	 Allowed on network: None
Log: 2023-03-12 12:44:41.779141 
	 Mac Address: f0:72:ea:e5:e5:7a 
	 Name in network: Chromecast.home 
	 Given name: None 
	 Allowed on network: None
Log: 2023-03-12 12:44:41.779220 
	 Mac Address: 34:25:be:f1:94:27 
	 Name in network:  
	 Given name: None 
	 Allowed on network: None
Log: 2023-03-12 12:44:41.779286 
	 Mac Address: None 
	 Name in network: raspberrypi.home 
	 Given name: None 
	 Allowed on network: None
Log: 2023-03-12 12:44:41.779351 
	 Mac Address: a0:9f:10:1a:bd:fc 
	 Name in network:  
	 Given name: None 
	 Allowed on network: None
Log: 2023-03-12 12:45:48.031083 
	 Mac Address: 94:6a:b0:5c:3b:29 
	 Name in network: liveboxfibra 
	 Given name: Router of Pruden 
	 Allowed on network: True
Log: 2023-03-12 12:45:48.031360 
	 Mac Address: 18:60:24:33:42:fa 
	 Name in network: HP3342FA.home 
	 Given name: Impresora of Angel 
	 Allowed on network: True
Log: 2023-03-12 12:45:48.034188 
	 Mac Address: f0:72:ea:e5:e5:7a 
	 Name in network: Chromecast.home 
	 Given name: None 
	 Allowed on network: None
Log: 2023-03-12 12:45:48.034280 
	 Mac Address: 34:25:be:f1:94:27 
	 Name in network:  
	 Given name: None 
	 Allowed on network: None
Log: 2023-03-12 12:45:48.034346 
	 Mac Address: ea:fd:36:8c:10:30 
	 Name in network: Galaxy-S9-de-NURIA-ISABEL.home 
	 Given name: None 
	 Allowed on network: None
Log: 2023-03-12 12:45:48.034459 
	 Mac Address: None 
	 Name in network: raspberrypi.home 
	 Given name: None 
	 Allowed on network: None
Log: 2023-03-12 12:45:48.034521 
	 Mac Address: a0:9f:10:1a:bd:fc 
	 Name in network:  
	 Given name: None 
	 Allowed on network: None
Log: 2023-03-12 12:52:52.507811 
	 Mac Address: 94:6a:b0:5c:3b:29 
	 Name in network: liveboxfibra 
	 Given name: Router of Pruden 
	 Allowed on network: True
Log: 2023-03-12 12:52:52.508043 
	 Mac Address: 18:60:24:33:42:fa 
	 Name in network: HP3342FA.home 
	 Given name: Impresora of Angel 
	 Allowed on network: True
Log: 2023-03-12 12:52:52.511533 
	 Mac Address: f0:72:ea:e5:e5:7a 
	 Name in network: Chromecast.home 
	 Given name: None 
	 Allowed on network: None
Log: 2023-03-12 12:52:52.511647 
	 Mac Address: 34:25:be:f1:94:27 
	 Name in network:  
	 Given name: None 
	 Allowed on network: None
Log: 2023-03-12 12:52:52.511716 
	 Mac Address: None 
	 Name in network: raspberrypi.home 
	 Given name: None 
	 Allowed on network: None
Log: 2023-03-12 12:52:52.511783 
	 Mac Address: a0:9f:10:1a:bd:fc 
	 Name in network:  
	 Given name: None 
	 Allowed on network: None
Log: 2023-03-12 17:17:57.912031 
	 Mac Address: 94:6a:b0:5c:3b:29 
	 Name in network: liveboxfibra 
	 Given name: Router of Pruden 
	 Allowed on network: True
Log: 2023-03-12 17:17:57.912175 
	 Mac Address: 18:60:24:33:42:fa 
	 Name in network: HP3342FA.home 
	 Given name: Impresora of Angel 
	 Allowed on network: True
Log: 2023-03-12 17:17:57.915260 
	 Mac Address: 4e:a7:39:cd:10:d2 
	 Name in network: GETINO.home 
	 Given name: None 
	 Allowed on network: None
Log: 2023-03-12 17:17:57.915378 
	 Mac Address: f0:72:ea:e5:e5:7a 
	 Name in network: Chromecast.home 
	 Given name: None 
	 Allowed on network: None
Log: 2023-03-12 17:17:57.915447 
	 Mac Address: 34:25:be:f1:94:27 
	 Name in network:  
	 Given name: None 
	 Allowed on network: None
Log: 2023-03-12 17:17:57.915512 
	 Mac Address: None 
	 Name in network: raspberrypi.home 
	 Given name: None 
	 Allowed on network: None
Log: 2023-03-12 17:17:57.915575 
	 Mac Address: ec:0e:c4:8c:76:dd 
	 Name in network:  
	 Given name: None 
	 Allowed on network: None
Log: 2023-03-12 17:17:57.915633 
	 Mac Address: b8:76:3f:48:a3:0c 
	 Name in network: tvc212d6ff59a7.home 
	 Given name: None 
	 Allowed on network: None
Log: 2023-03-12 17:17:57.915691 
	 Mac Address: a0:9f:10:1a:bd:fc 
	 Name in network:  
	 Given name: None 
	 Allowed on network: None
Log: 2023-03-12 20:10:50.180489 
	 Mac Address: 94:6a:b0:5c:3b:29 
	 Name in network: liveboxfibra 
	 Given name: Router of Pruden 
	 Allowed on network: True
Log: 2023-03-12 20:10:50.180689 
	 Mac Address: 18:60:24:33:42:fa 
	 Name in network: HP3342FA.home 
	 Given name: Impresora of Angel 
	 Allowed on network: True
Log: 2023-03-12 20:10:50.184991 
	 Mac Address: 4e:a7:39:cd:10:d2 
	 Name in network: GETINO.home 
	 Given name: None 
	 Allowed on network: None
Log: 2023-03-12 20:10:50.185118 
	 Mac Address: ee:25:61:93:dc:ce 
	 Name in network:  
	 Given name: None 
	 Allowed on network: None
Log: 2023-03-12 20:10:50.185226 
	 Mac Address: 34:25:be:f1:94:27 
	 Name in network:  
	 Given name: None 
	 Allowed on network: None
Log: 2023-03-12 20:10:50.185319 
	 Mac Address: None 
	 Name in network: raspberrypi.home 
	 Given name: None 
	 Allowed on network: None
Log: 2023-03-12 20:10:50.185419 
	 Mac Address: 72:52:cb:9e:ed:4a 
	 Name in network:  
	 Given name: None 
	 Allowed on network: None
Log: 2023-03-12 20:10:50.185509 
	 Mac Address: b8:76:3f:48:a3:0c 
	 Name in network: tvc212d6ff59a7.home 
	 Given name: None 
	 Allowed on network: None
Log: 2023-03-12 20:10:50.185604 
	 Mac Address: a0:9f:10:1a:bd:fc 
	 Name in network:  
	 Given name: None 
	 Allowed on network: None
Log: 2023-03-12 23:12:34.797769 
	 Mac Address: 94:6a:b0:5c:3b:29 
	 Name in network: liveboxfibra 
	 Given name: Router of Pruden 
	 Allowed on network: True
Log: 2023-03-12 23:12:34.800525 
	 Mac Address: 4e:a7:39:cd:10:d2 
	 Name in network: GETINO.home 
	 Given name: None 
	 Allowed on network: None
Log: 2023-03-12 23:12:34.800652 
	 Mac Address: f0:72:ea:e5:e5:7a 
	 Name in network: Chromecast.home 
	 Given name: None 
	 Allowed on network: None
Log: 2023-03-12 23:12:34.800750 
	 Mac Address: 34:25:be:f1:94:27 
	 Name in network:  
	 Given name: None 
	 Allowed on network: None
Log: 2023-03-12 23:12:34.800840 
	 Mac Address: ea:fd:36:8c:10:30 
	 Name in network: Galaxy-S9-de-NURIA-ISABEL.home 
	 Given name: None 
	 Allowed on network: None
Log: 2023-03-12 23:12:34.800933 
	 Mac Address: None 
	 Name in network: raspberrypi.home 
	 Given name: None 
	 Allowed on network: None
Log: 2023-03-12 23:12:34.801021 
	 Mac Address: 18:60:24:33:42:fa 
	 Name in network: HP3342FA.home 
	 Given name: None 
	 Allowed on network: None
Log: 2023-03-12 23:12:34.801103 
	 Mac Address: ec:0e:c4:8c:76:dd 
	 Name in network:  
	 Given name: None 
	 Allowed on network: None
Log: 2023-03-12 23:12:34.801198 
	 Mac Address: b8:76:3f:48:a3:0c 
	 Name in network: tvc212d6ff59a7.home 
	 Given name: None 
	 Allowed on network: None
Log: 2023-03-12 23:12:34.801280 
	 Mac Address: a0:9f:10:1a:bd:fc 
	 Name in network:  
	 Given name: None 
	 Allowed on network: None
Log: 2023-03-12 23:18:42.937031 
	 Mac Address: 94:6a:b0:5c:3b:29 
	 Name in network: liveboxfibra 
	 Given name: Router of Pruden 
	 Allowed on network: True
Log: 2023-03-12 23:18:42.937190 
	 Mac Address: 18:60:24:33:42:fa 
	 Name in network: HP3342FA.home 
	 Given name: impresora of angel 
	 Allowed on network: false
Log: 2023-03-12 23:18:42.940268 
	 Mac Address: 4e:a7:39:cd:10:d2 
	 Name in network: GETINO.home 
	 Given name: None 
	 Allowed on network: None
Log: 2023-03-12 23:18:42.940366 
	 Mac Address: f0:72:ea:e5:e5:7a 
	 Name in network: Chromecast.home 
	 Given name: None 
	 Allowed on network: None
Log: 2023-03-12 23:18:42.940440 
	 Mac Address: 34:25:be:f1:94:27 
	 Name in network:  
	 Given name: None 
	 Allowed on network: None
Log: 2023-03-12 23:18:42.940505 
	 Mac Address: ea:fd:36:8c:10:30 
	 Name in network: Galaxy-S9-de-NURIA-ISABEL.home 
	 Given name: None 
	 Allowed on network: None
Log: 2023-03-12 23:18:42.940567 
	 Mac Address: None 
	 Name in network: raspberrypi.home 
	 Given name: None 
	 Allowed on network: None
Log: 2023-03-12 23:18:42.940630 
	 Mac Address: ec:0e:c4:8c:76:dd 
	 Name in network:  
	 Given name: None 
	 Allowed on network: None
Log: 2023-03-12 23:18:42.940688 
	 Mac Address: b8:76:3f:48:a3:0c 
	 Name in network: tvc212d6ff59a7.home 
	 Given name: None 
	 Allowed on network: None
Log: 2023-03-12 23:18:42.940745 
	 Mac Address: a0:9f:10:1a:bd:fc 
	 Name in network:  
	 Given name: None 
	 Allowed on network: None
Log: 2023-03-12 23:19:12.117231 
	 Mac Address: 94:6a:b0:5c:3b:29 
	 Name in network: liveboxfibra 
	 Given name: Router of Pruden 
	 Allowed on network: True
Log: 2023-03-12 23:19:12.119269 
	 Mac Address: 4e:a7:39:cd:10:d2 
	 Name in network: GETINO.home 
	 Given name: None 
	 Allowed on network: None
Log: 2023-03-12 23:19:12.119363 
	 Mac Address: f0:72:ea:e5:e5:7a 
	 Name in network: Chromecast.home 
	 Given name: None 
	 Allowed on network: None
Log: 2023-03-12 23:19:12.119430 
	 Mac Address: 34:25:be:f1:94:27 
	 Name in network:  
	 Given name: None 
	 Allowed on network: None
Log: 2023-03-12 23:19:12.119495 
	 Mac Address: f8:8f:07:42:7f:e6 
	 Name in network: GalaxyWatchActive2-FFE5.home 
	 Given name: None 
	 Allowed on network: None
Log: 2023-03-12 23:19:12.119558 
	 Mac Address: ea:fd:36:8c:10:30 
	 Name in network: Galaxy-S9-de-NURIA-ISABEL.home 
	 Given name: None 
	 Allowed on network: None
Log: 2023-03-12 23:19:12.119618 
	 Mac Address: None 
	 Name in network: raspberrypi.home 
	 Given name: None 
	 Allowed on network: None
Log: 2023-03-12 23:19:12.119689 
	 Mac Address: 18:60:24:33:42:fa 
	 Name in network: HP3342FA.home 
	 Given name: None 
	 Allowed on network: None
Log: 2023-03-12 23:19:12.119745 
	 Mac Address: ec:0e:c4:8c:76:dd 
	 Name in network:  
	 Given name: None 
	 Allowed on network: None
Log: 2023-03-12 23:19:12.119802 
	 Mac Address: b8:76:3f:48:a3:0c 
	 Name in network: tvc212d6ff59a7.home 
	 Given name: None 
	 Allowed on network: None
Log: 2023-03-12 23:19:12.119858 
	 Mac Address: a0:9f:10:1a:bd:fc 
	 Name in network:  
	 Given name: None 
	 Allowed on network: None
Log: 2023-03-12 23:19:45.581082 
	 Mac Address: 94:6a:b0:5c:3b:29 
	 Name in network: liveboxfibra 
	 Given name: Router of Pruden 
	 Allowed on network: True
Log: 2023-03-12 23:19:45.581235 
	 Mac Address: 18:60:24:33:42:fa 
	 Name in network: HP3342FA.home 
	 Given name: Impresora of Angel 
	 Allowed on network: True
Log: 2023-03-12 23:19:45.584325 
	 Mac Address: 4e:a7:39:cd:10:d2 
	 Name in network: GETINO.home 
	 Given name: None 
	 Allowed on network: None
Log: 2023-03-12 23:19:45.584433 
	 Mac Address: ee:25:61:93:dc:ce 
	 Name in network:  
	 Given name: None 
	 Allowed on network: None
Log: 2023-03-12 23:19:45.584505 
	 Mac Address: f0:72:ea:e5:e5:7a 
	 Name in network: Chromecast.home 
	 Given name: None 
	 Allowed on network: None
Log: 2023-03-12 23:19:45.584570 
	 Mac Address: 34:25:be:f1:94:27 
	 Name in network:  
	 Given name: None 
	 Allowed on network: None
Log: 2023-03-12 23:19:45.584631 
	 Mac Address: ea:fd:36:8c:10:30 
	 Name in network: Galaxy-S9-de-NURIA-ISABEL.home 
	 Given name: None 
	 Allowed on network: None
Log: 2023-03-12 23:19:45.584689 
	 Mac Address: None 
	 Name in network: raspberrypi.home 
	 Given name: None 
	 Allowed on network: None
Log: 2023-03-12 23:19:45.584751 
	 Mac Address: ec:0e:c4:8c:76:dd 
	 Name in network:  
	 Given name: None 
	 Allowed on network: None
Log: 2023-03-12 23:19:45.584808 
	 Mac Address: b8:76:3f:48:a3:0c 
	 Name in network: tvc212d6ff59a7.home 
	 Given name: None 
	 Allowed on network: None
Log: 2023-03-12 23:19:45.584866 
	 Mac Address: a0:9f:10:1a:bd:fc 
	 Name in network:  
	 Given name: None 
	 Allowed on network: None
