{    "log": "2023-05-06 13:07:02.386227",    "mac_address": "94:6a:b0:5c:3b:29"}
{    "log": "2023-05-06 13:07:02.388740",    "mac_address": "ee:25:61:93:dc:ce"}
{    "log": "2023-05-06 13:07:02.391063",    "mac_address": "34:25:be:f1:94:27"}
{    "log": "2023-05-06 13:07:02.393380",    "mac_address": "f8:8f:07:42:7f:e6"}
{    "log": "2023-05-06 13:07:02.395668",    "mac_address": "90:32:4b:94:3a:8b"}
{    "log": "2023-05-06 13:07:02.398020",    "mac_address": null}
{    "log": "2023-05-06 13:07:02.400332",    "mac_address": "18:60:24:33:42:fa"}
{    "log": "2023-05-06 13:07:02.402626",    "mac_address": "78:f2:35:84:96:d2"}
{    "log": "2023-05-06 13:07:02.404922",    "mac_address": "a0:9f:10:1a:bd:fc"}
{    "log": "2023-05-06 13:09:06.527512",    "mac_address": "94:6a:b0:5c:3b:29"}
{    "log": "2023-05-06 13:09:06.530027",    "mac_address": "34:25:be:f1:94:27"}
{    "log": "2023-05-06 13:09:06.532354",    "mac_address": "90:32:4b:94:3a:8b"}
{    "log": "2023-05-06 13:09:06.534676",    "mac_address": null}
{    "log": "2023-05-06 13:09:06.537090",    "mac_address": "18:60:24:33:42:fa"}
{    "log": "2023-05-06 13:09:06.539379",    "mac_address": "72:52:cb:9e:ed:4a"}
{    "log": "2023-05-06 13:09:06.541677",    "mac_address": "78:f2:35:84:96:d2"}
{    "log": "2023-05-06 13:09:06.544006",    "mac_address": "a0:9f:10:1a:bd:fc"}
{    "log": "2023-05-06 13:09:09.296330",    "mac_address": "94:6a:b0:5c:3b:29"}
{    "log": "2023-05-06 13:09:09.298915",    "mac_address": "ee:25:61:93:dc:ce"}
{    "log": "2023-05-06 13:09:09.301437",    "mac_address": "34:25:be:f1:94:27"}
{    "log": "2023-05-06 13:09:09.303927",    "mac_address": "90:32:4b:94:3a:8b"}
{    "log": "2023-05-06 13:09:09.306481",    "mac_address": null}
{    "log": "2023-05-06 13:09:09.308956",    "mac_address": "18:60:24:33:42:fa"}
{    "log": "2023-05-06 13:09:09.311414",    "mac_address": "78:f2:35:84:96:d2"}
{    "log": "2023-05-06 13:09:09.313914",    "mac_address": "a0:9f:10:1a:bd:fc"}
{    "log": "2023-05-06 13:09:13.656380",    "mac_address": "94:6a:b0:5c:3b:29"}
{    "log": "2023-05-06 13:09:13.658887",    "mac_address": "ee:25:61:93:dc:ce"}
{    "log": "2023-05-06 13:09:13.661232",    "mac_address": "34:25:be:f1:94:27"}
{    "log": "2023-05-06 13:09:13.663570",    "mac_address": "90:32:4b:94:3a:8b"}
{    "log": "2023-05-06 13:09:13.665882",    "mac_address": null}
{    "log": "2023-05-06 13:09:13.668367",    "mac_address": "18:60:24:33:42:fa"}
{    "log": "2023-05-06 13:09:13.670669",    "mac_address": "78:f2:35:84:96:d2"}
{    "log": "2023-05-06 13:09:13.673004",    "mac_address": "a0:9f:10:1a:bd:fc"}
{    "log": "2023-05-06 13:11:35.975974",    "mac_address": "94:6a:b0:5c:3b:29"}
{    "log": "2023-05-06 13:11:35.978627",    "mac_address": "34:25:be:f1:94:27"}
{    "log": "2023-05-06 13:11:35.981065",    "mac_address": "f8:8f:07:42:7f:e6"}
{    "log": "2023-05-06 13:11:35.983505",    "mac_address": "90:32:4b:94:3a:8b"}
{    "log": "2023-05-06 13:11:35.985927",    "mac_address": null}
{    "log": "2023-05-06 13:11:35.988378",    "mac_address": "18:60:24:33:42:fa"}
{    "log": "2023-05-06 13:11:35.990763",    "mac_address": "78:f2:35:84:96:d2"}
{    "log": "2023-05-06 13:11:35.993202",    "mac_address": "a0:9f:10:1a:bd:fc"}
{    "log": "2023-05-06 13:16:38.315811",    "mac_address": "94:6a:b0:5c:3b:29"}
{    "log": "2023-05-06 13:16:38.318433",    "mac_address": "34:25:be:f1:94:27"}
{    "log": "2023-05-06 13:16:38.320969",    "mac_address": "90:32:4b:94:3a:8b"}
{    "log": "2023-05-06 13:16:38.323492",    "mac_address": null}
{    "log": "2023-05-06 13:16:38.325944",    "mac_address": "18:60:24:33:42:fa"}
{    "log": "2023-05-06 13:16:38.328744",    "mac_address": "78:f2:35:84:96:d2"}
{    "log": "2023-05-06 13:16:38.331214",    "mac_address": "a0:9f:10:1a:bd:fc"}
