Log: 2023-03-11 12:37:44.883756 
	 Mac Address: 94:6a:b0:5c:3b:29 
	 Name in network: liveboxfibra 
	 Given name: Router of Prudencio  
	 Allowed on network: True
Log: 2023-03-11 12:37:44.886713 
	 Mac Address: 4e:a7:39:cd:10:d2 
	 Name in network: GETINO.home 
	 Given name: None 
	 Allowed on network: None
Log: 2023-03-11 12:37:44.886846 
	 Mac Address: ee:25:61:93:dc:ce 
	 Name in network:  
	 Given name: None 
	 Allowed on network: None
Log: 2023-03-11 12:37:44.886937 
	 Mac Address: 34:25:be:f1:94:27 
	 Name in network:  
	 Given name: None 
	 Allowed on network: None
Log: 2023-03-11 12:37:44.887022 
	 Mac Address: None 
	 Name in network: raspberrypi.home 
	 Given name: None 
	 Allowed on network: None
Log: 2023-03-11 12:37:44.887113 
	 Mac Address: 18:60:24:33:42:fa 
	 Name in network: HP3342FA.home 
	 Given name: None 
	 Allowed on network: None
Log: 2023-03-11 12:37:44.887194 
	 Mac Address: a0:9f:10:1a:bd:fc 
	 Name in network:  
	 Given name: None 
	 Allowed on network: None
Log: 2023-03-11 12:38:38.120348 
	 Mac Address: 94:6a:b0:5c:3b:29 
	 Name in network: liveboxfibra 
	 Given name: Router of Prudencio  
	 Allowed on network: True
Log: 2023-03-11 12:38:38.122638 
	 Mac Address: 4e:a7:39:cd:10:d2 
	 Name in network: GETINO.home 
	 Given name: None 
	 Allowed on network: None
Log: 2023-03-11 12:38:38.122742 
	 Mac Address: ee:25:61:93:dc:ce 
	 Name in network:  
	 Given name: None 
	 Allowed on network: None
Log: 2023-03-11 12:38:38.122814 
	 Mac Address: 34:25:be:f1:94:27 
	 Name in network:  
	 Given name: None 
	 Allowed on network: None
Log: 2023-03-11 12:38:38.122875 
	 Mac Address: None 
	 Name in network: raspberrypi.home 
	 Given name: None 
	 Allowed on network: None
Log: 2023-03-11 12:38:38.122940 
	 Mac Address: 18:60:24:33:42:fa 
	 Name in network: HP3342FA.home 
	 Given name: None 
	 Allowed on network: None
Log: 2023-03-11 12:38:38.122998 
	 Mac Address: 72:52:cb:9e:ed:4a 
	 Name in network:  
	 Given name: None 
	 Allowed on network: None
Log: 2023-03-11 12:38:38.123055 
	 Mac Address: a0:9f:10:1a:bd:fc 
	 Name in network:  
	 Given name: None 
	 Allowed on network: None
Log: 2023-03-11 12:44:33.433861 
	 Mac Address: 94:6a:b0:5c:3b:29 
	 Name in network: liveboxfibra 
	 Given name: Router of Prudencio  
	 Allowed on network: True
Log: 2023-03-11 12:44:33.436130 
	 Mac Address: 4e:a7:39:cd:10:d2 
	 Name in network: GETINO.home 
	 Given name: None 
	 Allowed on network: None
Log: 2023-03-11 12:44:33.436232 
	 Mac Address: ee:25:61:93:dc:ce 
	 Name in network:  
	 Given name: None 
	 Allowed on network: None
Log: 2023-03-11 12:44:33.436306 
	 Mac Address: 34:25:be:f1:94:27 
	 Name in network:  
	 Given name: None 
	 Allowed on network: None
Log: 2023-03-11 12:44:33.436369 
	 Mac Address: None 
	 Name in network: raspberrypi.home 
	 Given name: None 
	 Allowed on network: None
Log: 2023-03-11 12:44:33.436435 
	 Mac Address: 18:60:24:33:42:fa 
	 Name in network: HP3342FA.home 
	 Given name: None 
	 Allowed on network: None
Log: 2023-03-11 12:44:33.436492 
	 Mac Address: a0:9f:10:1a:bd:fc 
	 Name in network:  
	 Given name: None 
	 Allowed on network: None
Log: 2023-03-11 12:52:34.375694 
	 Mac Address: 94:6a:b0:5c:3b:29 
	 Name in network: liveboxfibra 
	 Given name: Router of Prudencio  
	 Allowed on network: True
Log: 2023-03-11 12:52:34.378014 
	 Mac Address: 4e:a7:39:cd:10:d2 
	 Name in network: GETINO.home 
	 Given name: None 
	 Allowed on network: None
Log: 2023-03-11 12:52:34.378125 
	 Mac Address: None 
	 Name in network: raspberrypi.home 
	 Given name: None 
	 Allowed on network: None
Log: 2023-03-11 12:52:34.378197 
	 Mac Address: 18:60:24:33:42:fa 
	 Name in network: HP3342FA.home 
	 Given name: None 
	 Allowed on network: None
Log: 2023-03-11 12:52:34.378258 
	 Mac Address: a0:9f:10:1a:bd:fc 
	 Name in network:  
	 Given name: None 
	 Allowed on network: None
Log: 2023-03-11 12:53:36.577268 
	 Mac Address: 94:6a:b0:5c:3b:29 
	 Name in network: liveboxfibra 
	 Given name: Router of Prudencio  
	 Allowed on network: True
Log: 2023-03-11 12:53:36.579330 
	 Mac Address: 4e:a7:39:cd:10:d2 
	 Name in network: GETINO.home 
	 Given name: None 
	 Allowed on network: None
Log: 2023-03-11 12:53:36.579429 
	 Mac Address: ee:25:61:93:dc:ce 
	 Name in network:  
	 Given name: None 
	 Allowed on network: None
Log: 2023-03-11 12:53:36.579500 
	 Mac Address: 34:25:be:f1:94:27 
	 Name in network:  
	 Given name: None 
	 Allowed on network: None
Log: 2023-03-11 12:53:36.579561 
	 Mac Address: None 
	 Name in network: raspberrypi.home 
	 Given name: None 
	 Allowed on network: None
Log: 2023-03-11 12:53:36.579627 
	 Mac Address: 18:60:24:33:42:fa 
	 Name in network: HP3342FA.home 
	 Given name: None 
	 Allowed on network: None
Log: 2023-03-11 12:53:36.579684 
	 Mac Address: a0:9f:10:1a:bd:fc 
	 Name in network:  
	 Given name: None 
	 Allowed on network: None
Log: 2023-03-11 13:14:09.541138 
	 Mac Address: 94:6a:b0:5c:3b:29 
	 Name in network: liveboxfibra 
	 Given name: Router of Prudencio  
	 Allowed on network: True
Log: 2023-03-11 13:14:09.543229 
	 Mac Address: 4e:a7:39:cd:10:d2 
	 Name in network: GETINO.home 
	 Given name: None 
	 Allowed on network: None
Log: 2023-03-11 13:14:09.543328 
	 Mac Address: 34:25:be:f1:94:27 
	 Name in network:  
	 Given name: None 
	 Allowed on network: None
Log: 2023-03-11 13:14:09.543400 
	 Mac Address: None 
	 Name in network: raspberrypi.home 
	 Given name: None 
	 Allowed on network: None
Log: 2023-03-11 13:14:09.543467 
	 Mac Address: 18:60:24:33:42:fa 
	 Name in network: HP3342FA.home 
	 Given name: None 
	 Allowed on network: None
Log: 2023-03-11 13:14:09.543528 
	 Mac Address: a0:9f:10:1a:bd:fc 
	 Name in network:  
	 Given name: None 
	 Allowed on network: None
Log: 2023-03-11 13:29:09.818337 
	 Mac Address: 94:6a:b0:5c:3b:29 
	 Name in network: liveboxfibra 
	 Given name: Router of Prudencio  
	 Allowed on network: True
Log: 2023-03-11 13:29:09.820404 
	 Mac Address: 4e:a7:39:cd:10:d2 
	 Name in network: GETINO.home 
	 Given name: None 
	 Allowed on network: None
Log: 2023-03-11 13:29:09.820501 
	 Mac Address: 34:25:be:f1:94:27 
	 Name in network:  
	 Given name: None 
	 Allowed on network: None
Log: 2023-03-11 13:29:09.820575 
	 Mac Address: None 
	 Name in network: raspberrypi.home 
	 Given name: None 
	 Allowed on network: None
Log: 2023-03-11 13:29:09.820640 
	 Mac Address: 18:60:24:33:42:fa 
	 Name in network: HP3342FA.home 
	 Given name: None 
	 Allowed on network: None
Log: 2023-03-11 13:29:09.820700 
	 Mac Address: a0:9f:10:1a:bd:fc 
	 Name in network:  
	 Given name: None 
	 Allowed on network: None
Log: 2023-03-11 17:22:30.059464 
	 Mac Address: 94:6a:b0:5c:3b:29 
	 Name in network: liveboxfibra 
	 Given name: Router of Prudencio  
	 Allowed on network: True
Log: 2023-03-11 17:22:30.061516 
	 Mac Address: 34:25:be:f1:94:27 
	 Name in network:  
	 Given name: None 
	 Allowed on network: None
Log: 2023-03-11 17:22:30.061623 
	 Mac Address: None 
	 Name in network: raspberrypi.home 
	 Given name: None 
	 Allowed on network: None
Log: 2023-03-11 17:22:30.061691 
	 Mac Address: 18:60:24:33:42:fa 
	 Name in network: HP3342FA.home 
	 Given name: None 
	 Allowed on network: None
Log: 2023-03-11 17:22:30.061752 
	 Mac Address: b8:76:3f:48:a3:0c 
	 Name in network: tvc212d6ff59a7.home 
	 Given name: None 
	 Allowed on network: None
Log: 2023-03-11 17:22:30.061816 
	 Mac Address: a0:9f:10:1a:bd:fc 
	 Name in network:  
	 Given name: None 
	 Allowed on network: None
Log: 2023-03-11 17:31:33.929783 
	 Mac Address: 18:60:24:33:42:fa 
	 Name in network: HP3342FA.home 
	 Given name: Impresora of Angel 
	 Allowed on network: True
Log: 2023-03-11 17:31:33.931994 
	 Mac Address: 94:6a:b0:5c:3b:29 
	 Name in network: liveboxfibra 
	 Given name: None 
	 Allowed on network: None
Log: 2023-03-11 17:31:33.932094 
	 Mac Address: 34:25:be:f1:94:27 
	 Name in network:  
	 Given name: None 
	 Allowed on network: None
Log: 2023-03-11 17:31:33.932166 
	 Mac Address: None 
	 Name in network: raspberrypi.home 
	 Given name: None 
	 Allowed on network: None
Log: 2023-03-11 17:31:33.932234 
	 Mac Address: b8:76:3f:48:a3:0c 
	 Name in network: tvc212d6ff59a7.home 
	 Given name: None 
	 Allowed on network: None
Log: 2023-03-11 17:31:33.932297 
	 Mac Address: a0:9f:10:1a:bd:fc 
	 Name in network:  
	 Given name: None 
	 Allowed on network: None
Log: 2023-03-11 17:36:07.537275 
	 Mac Address: 94:6a:b0:5c:3b:29 
	 Name in network: liveboxfibra 
	 Given name: Router of Pruden 
	 Allowed on network: True
Log: 2023-03-11 17:36:07.537464 
	 Mac Address: 18:60:24:33:42:fa 
	 Name in network: HP3342FA.home 
	 Given name: Impresora of Angel 
	 Allowed on network: True
Log: 2023-03-11 17:36:07.541352 
	 Mac Address: 34:25:be:f1:94:27 
	 Name in network:  
	 Given name: None 
	 Allowed on network: None
Log: 2023-03-11 17:36:07.541488 
	 Mac Address: None 
	 Name in network: raspberrypi.home 
	 Given name: None 
	 Allowed on network: None
Log: 2023-03-11 17:36:07.541581 
	 Mac Address: b8:76:3f:48:a3:0c 
	 Name in network: tvc212d6ff59a7.home 
	 Given name: None 
	 Allowed on network: None
Log: 2023-03-11 17:36:07.541670 
	 Mac Address: a0:9f:10:1a:bd:fc 
	 Name in network:  
	 Given name: None 
	 Allowed on network: None
Log: 2023-03-11 17:36:16.968590 
	 Mac Address: 94:6a:b0:5c:3b:29 
	 Name in network: liveboxfibra 
	 Given name: Router of Pruden 
	 Allowed on network: True
Log: 2023-03-11 17:36:16.968818 
	 Mac Address: 18:60:24:33:42:fa 
	 Name in network: HP3342FA.home 
	 Given name: Impresora of Angel 
	 Allowed on network: True
Log: 2023-03-11 17:36:16.973602 
	 Mac Address: ee:25:61:93:dc:ce 
	 Name in network:  
	 Given name: None 
	 Allowed on network: None
Log: 2023-03-11 17:36:16.973759 
	 Mac Address: 34:25:be:f1:94:27 
	 Name in network:  
	 Given name: None 
	 Allowed on network: None
Log: 2023-03-11 17:36:16.973867 
	 Mac Address: None 
	 Name in network: raspberrypi.home 
	 Given name: None 
	 Allowed on network: None
Log: 2023-03-11 17:36:16.973982 
	 Mac Address: b8:76:3f:48:a3:0c 
	 Name in network: tvc212d6ff59a7.home 
	 Given name: None 
	 Allowed on network: None
Log: 2023-03-11 17:36:16.974090 
	 Mac Address: a0:9f:10:1a:bd:fc 
	 Name in network:  
	 Given name: None 
	 Allowed on network: None
Log: 2023-03-11 18:31:56.475658 
	 Mac Address: 94:6a:b0:5c:3b:29 
	 Name in network: liveboxfibra 
	 Given name: Router of Pruden 
	 Allowed on network: True
Log: 2023-03-11 18:31:56.475860 
	 Mac Address: 18:60:24:33:42:fa 
	 Name in network: HP3342FA.home 
	 Given name: Impresora of Angel 
	 Allowed on network: True
Log: 2023-03-11 18:31:56.480199 
	 Mac Address: ee:25:61:93:dc:ce 
	 Name in network:  
	 Given name: None 
	 Allowed on network: None
Log: 2023-03-11 18:31:56.480351 
	 Mac Address: 34:25:be:f1:94:27 
	 Name in network:  
	 Given name: None 
	 Allowed on network: None
Log: 2023-03-11 18:31:56.480447 
	 Mac Address: None 
	 Name in network: raspberrypi.home 
	 Given name: None 
	 Allowed on network: None
Log: 2023-03-11 18:31:56.480547 
	 Mac Address: e8:3a:12:47:16:e5 
	 Name in network: Galaxy-Tab-A.home 
	 Given name: None 
	 Allowed on network: None
Log: 2023-03-11 18:31:56.480645 
	 Mac Address: b8:76:3f:48:a3:0c 
	 Name in network: tvc212d6ff59a7.home 
	 Given name: None 
	 Allowed on network: None
Log: 2023-03-11 18:31:56.480735 
	 Mac Address: a0:9f:10:1a:bd:fc 
	 Name in network:  
	 Given name: None 
	 Allowed on network: None
Log: 2023-03-11 19:07:30.158144 
	 Mac Address: 94:6a:b0:5c:3b:29 
	 Name in network: liveboxfibra 
	 Given name: Router of Pruden 
	 Allowed on network: True
Log: 2023-03-11 19:07:30.158387 
	 Mac Address: 18:60:24:33:42:fa 
	 Name in network: HP3342FA.home 
	 Given name: Impresora of Angel 
	 Allowed on network: True
Log: 2023-03-11 19:07:30.163994 
	 Mac Address: 34:25:be:f1:94:27 
	 Name in network:  
	 Given name: None 
	 Allowed on network: None
Log: 2023-03-11 19:07:30.164178 
	 Mac Address: None 
	 Name in network: raspberrypi.home 
	 Given name: None 
	 Allowed on network: None
Log: 2023-03-11 19:07:30.164309 
	 Mac Address: e8:3a:12:47:16:e5 
	 Name in network: Galaxy-Tab-A.home 
	 Given name: None 
	 Allowed on network: None
Log: 2023-03-11 19:07:30.164436 
	 Mac Address: b8:76:3f:48:a3:0c 
	 Name in network: tvc212d6ff59a7.home 
	 Given name: None 
	 Allowed on network: None
Log: 2023-03-11 19:07:30.164555 
	 Mac Address: a0:9f:10:1a:bd:fc 
	 Name in network:  
	 Given name: None 
	 Allowed on network: None
Log: 2023-03-11 19:08:43.630714 
	 Mac Address: 94:6a:b0:5c:3b:29 
	 Name in network: liveboxfibra 
	 Given name: Router of Pruden 
	 Allowed on network: True
Log: 2023-03-11 19:08:43.630864 
	 Mac Address: 18:60:24:33:42:fa 
	 Name in network: HP3342FA.home 
	 Given name: Impresora of Angel 
	 Allowed on network: True
Log: 2023-03-11 19:08:43.633696 
	 Mac Address: 34:25:be:f1:94:27 
	 Name in network:  
	 Given name: None 
	 Allowed on network: None
Log: 2023-03-11 19:08:43.633798 
	 Mac Address: ea:fd:36:8c:10:30 
	 Name in network: Galaxy-S9-de-NURIA-ISABEL.home 
	 Given name: None 
	 Allowed on network: None
Log: 2023-03-11 19:08:43.633862 
	 Mac Address: None 
	 Name in network: raspberrypi.home 
	 Given name: None 
	 Allowed on network: None
Log: 2023-03-11 19:08:43.633929 
	 Mac Address: e8:3a:12:47:16:e5 
	 Name in network: Galaxy-Tab-A.home 
	 Given name: None 
	 Allowed on network: None
Log: 2023-03-11 19:08:43.633994 
	 Mac Address: b8:76:3f:48:a3:0c 
	 Name in network: tvc212d6ff59a7.home 
	 Given name: None 
	 Allowed on network: None
Log: 2023-03-11 19:08:43.634053 
	 Mac Address: a0:9f:10:1a:bd:fc 
	 Name in network:  
	 Given name: None 
	 Allowed on network: None
Log: 2023-03-11 19:10:11.767795 
	 Mac Address: 94:6a:b0:5c:3b:29 
	 Name in network: liveboxfibra 
	 Given name: Router of Pruden 
	 Allowed on network: True
Log: 2023-03-11 19:10:11.767942 
	 Mac Address: 18:60:24:33:42:fa 
	 Name in network: HP3342FA.home 
	 Given name: Impresora of Angel 
	 Allowed on network: True
Log: 2023-03-11 19:10:11.770735 
	 Mac Address: 34:25:be:f1:94:27 
	 Name in network:  
	 Given name: None 
	 Allowed on network: None
Log: 2023-03-11 19:10:11.770833 
	 Mac Address: ea:fd:36:8c:10:30 
	 Name in network: Galaxy-S9-de-NURIA-ISABEL.home 
	 Given name: None 
	 Allowed on network: None
Log: 2023-03-11 19:10:11.770896 
	 Mac Address: None 
	 Name in network: raspberrypi.home 
	 Given name: None 
	 Allowed on network: None
Log: 2023-03-11 19:10:11.770961 
	 Mac Address: e8:3a:12:47:16:e5 
	 Name in network: Galaxy-Tab-A.home 
	 Given name: None 
	 Allowed on network: None
Log: 2023-03-11 19:10:11.771024 
	 Mac Address: b8:76:3f:48:a3:0c 
	 Name in network: tvc212d6ff59a7.home 
	 Given name: None 
	 Allowed on network: None
Log: 2023-03-11 19:10:11.771082 
	 Mac Address: a0:9f:10:1a:bd:fc 
	 Name in network:  
	 Given name: None 
	 Allowed on network: None
Log: 2023-03-11 19:10:45.693294 
	 Mac Address: 94:6a:b0:5c:3b:29 
	 Name in network: liveboxfibra 
	 Given name: Router of Pruden 
	 Allowed on network: True
Log: 2023-03-11 19:10:45.693502 
	 Mac Address: 18:60:24:33:42:fa 
	 Name in network: HP3342FA.home 
	 Given name: Impresora of Angel 
	 Allowed on network: True
Log: 2023-03-11 19:10:45.697932 
	 Mac Address: 34:25:be:f1:94:27 
	 Name in network:  
	 Given name: None 
	 Allowed on network: None
Log: 2023-03-11 19:10:45.698091 
	 Mac Address: f8:8f:07:42:7f:e6 
	 Name in network: GalaxyWatchActive2-FFE5.home 
	 Given name: None 
	 Allowed on network: None
Log: 2023-03-11 19:10:45.698190 
	 Mac Address: ea:fd:36:8c:10:30 
	 Name in network: Galaxy-S9-de-NURIA-ISABEL.home 
	 Given name: None 
	 Allowed on network: None
Log: 2023-03-11 19:10:45.698285 
	 Mac Address: None 
	 Name in network: raspberrypi.home 
	 Given name: None 
	 Allowed on network: None
Log: 2023-03-11 19:10:45.698384 
	 Mac Address: b8:76:3f:48:a3:0c 
	 Name in network: tvc212d6ff59a7.home 
	 Given name: None 
	 Allowed on network: None
Log: 2023-03-11 19:10:45.698477 
	 Mac Address: a0:9f:10:1a:bd:fc 
	 Name in network:  
	 Given name: None 
	 Allowed on network: None
Log: 2023-03-11 19:12:00.132289 
	 Mac Address: 94:6a:b0:5c:3b:29 
	 Name in network: liveboxfibra 
	 Given name: Router of Pruden 
	 Allowed on network: True
Log: 2023-03-11 19:12:00.132438 
	 Mac Address: 18:60:24:33:42:fa 
	 Name in network: HP3342FA.home 
	 Given name: Impresora of Angel 
	 Allowed on network: True
Log: 2023-03-11 19:12:00.135319 
	 Mac Address: 34:25:be:f1:94:27 
	 Name in network:  
	 Given name: None 
	 Allowed on network: None
Log: 2023-03-11 19:12:00.135427 
	 Mac Address: ea:fd:36:8c:10:30 
	 Name in network: Galaxy-S9-de-NURIA-ISABEL.home 
	 Given name: None 
	 Allowed on network: None
Log: 2023-03-11 19:12:00.135493 
	 Mac Address: None 
	 Name in network: raspberrypi.home 
	 Given name: None 
	 Allowed on network: None
Log: 2023-03-11 19:12:00.135561 
	 Mac Address: e8:3a:12:47:16:e5 
	 Name in network: Galaxy-Tab-A.home 
	 Given name: None 
	 Allowed on network: None
Log: 2023-03-11 19:12:00.135627 
	 Mac Address: b8:76:3f:48:a3:0c 
	 Name in network: tvc212d6ff59a7.home 
	 Given name: None 
	 Allowed on network: None
Log: 2023-03-11 19:12:00.135686 
	 Mac Address: a0:9f:10:1a:bd:fc 
	 Name in network:  
	 Given name: None 
	 Allowed on network: None
Log: 2023-03-11 19:12:52.411356 
	 Mac Address: 94:6a:b0:5c:3b:29 
	 Name in network: liveboxfibra 
	 Given name: Router of Pruden 
	 Allowed on network: True
Log: 2023-03-11 19:12:52.411554 
	 Mac Address: e8:3a:12:47:16:e5 
	 Name in network: Galaxy-Tab-A.home 
	 Given name: tablet of nuria 
	 Allowed on network: True
Log: 2023-03-11 19:12:52.411644 
	 Mac Address: 18:60:24:33:42:fa 
	 Name in network: HP3342FA.home 
	 Given name: Impresora of Angel 
	 Allowed on network: True
Log: 2023-03-11 19:12:52.417461 
	 Mac Address: 34:25:be:f1:94:27 
	 Name in network:  
	 Given name: None 
	 Allowed on network: None
Log: 2023-03-11 19:12:52.417614 
	 Mac Address: f8:8f:07:42:7f:e6 
	 Name in network: GalaxyWatchActive2-FFE5.home 
	 Given name: None 
	 Allowed on network: None
Log: 2023-03-11 19:12:52.417710 
	 Mac Address: ea:fd:36:8c:10:30 
	 Name in network: Galaxy-S9-de-NURIA-ISABEL.home 
	 Given name: None 
	 Allowed on network: None
Log: 2023-03-11 19:12:52.417805 
	 Mac Address: None 
	 Name in network: raspberrypi.home 
	 Given name: None 
	 Allowed on network: None
Log: 2023-03-11 19:12:52.417903 
	 Mac Address: b8:76:3f:48:a3:0c 
	 Name in network: tvc212d6ff59a7.home 
	 Given name: None 
	 Allowed on network: None
Log: 2023-03-11 19:12:52.417997 
	 Mac Address: a0:9f:10:1a:bd:fc 
	 Name in network:  
	 Given name: None 
	 Allowed on network: None
Log: 2023-03-11 19:13:37.467742 
	 Mac Address: 94:6a:b0:5c:3b:29 
	 Name in network: liveboxfibra 
	 Given name: Router of Pruden 
	 Allowed on network: True
Log: 2023-03-11 19:13:37.467900 
	 Mac Address: e8:3a:12:47:16:e5 
	 Name in network: Galaxy-Tab-A.home 
	 Given name: tablet of nuria 
	 Allowed on network: True
Log: 2023-03-11 19:13:37.467959 
	 Mac Address: 18:60:24:33:42:fa 
	 Name in network: HP3342FA.home 
	 Given name: Impresora of Angel 
	 Allowed on network: True
Log: 2023-03-11 19:13:37.471716 
	 Mac Address: 34:25:be:f1:94:27 
	 Name in network:  
	 Given name: None 
	 Allowed on network: None
Log: 2023-03-11 19:13:37.471814 
	 Mac Address: f8:8f:07:42:7f:e6 
	 Name in network: GalaxyWatchActive2-FFE5.home 
	 Given name: None 
	 Allowed on network: None
Log: 2023-03-11 19:13:37.471877 
	 Mac Address: ea:fd:36:8c:10:30 
	 Name in network: Galaxy-S9-de-NURIA-ISABEL.home 
	 Given name: None 
	 Allowed on network: None
Log: 2023-03-11 19:13:37.471943 
	 Mac Address: None 
	 Name in network: raspberrypi.home 
	 Given name: None 
	 Allowed on network: None
Log: 2023-03-11 19:13:37.472006 
	 Mac Address: b8:76:3f:48:a3:0c 
	 Name in network: tvc212d6ff59a7.home 
	 Given name: None 
	 Allowed on network: None
Log: 2023-03-11 19:13:37.472067 
	 Mac Address: a0:9f:10:1a:bd:fc 
	 Name in network:  
	 Given name: None 
	 Allowed on network: None
Log: 2023-03-11 19:15:01.113794 
	 Mac Address: 94:6a:b0:5c:3b:29 
	 Name in network: liveboxfibra 
	 Given name: Router of Pruden 
	 Allowed on network: True
Log: 2023-03-11 19:15:01.113946 
	 Mac Address: 18:60:24:33:42:fa 
	 Name in network: HP3342FA.home 
	 Given name: Impresora of Angel 
	 Allowed on network: True
Log: 2023-03-11 19:15:01.116851 
	 Mac Address: 34:25:be:f1:94:27 
	 Name in network:  
	 Given name: None 
	 Allowed on network: None
Log: 2023-03-11 19:15:01.116962 
	 Mac Address: ea:fd:36:8c:10:30 
	 Name in network: Galaxy-S9-de-NURIA-ISABEL.home 
	 Given name: None 
	 Allowed on network: None
Log: 2023-03-11 19:15:01.117025 
	 Mac Address: None 
	 Name in network: raspberrypi.home 
	 Given name: None 
	 Allowed on network: None
Log: 2023-03-11 19:15:01.117092 
	 Mac Address: e8:3a:12:47:16:e5 
	 Name in network: Galaxy-Tab-A.home 
	 Given name: None 
	 Allowed on network: None
Log: 2023-03-11 19:15:01.117157 
	 Mac Address: b8:76:3f:48:a3:0c 
	 Name in network: tvc212d6ff59a7.home 
	 Given name: None 
	 Allowed on network: None
Log: 2023-03-11 19:15:01.117214 
	 Mac Address: a0:9f:10:1a:bd:fc 
	 Name in network:  
	 Given name: None 
	 Allowed on network: None
