Log: 2023-04-13 00:00:54.136258 
	 Mac Address: 94:6a:b0:5c:3b:29 
	 Name in network: liveboxfibra 
	 Given name: Router of Pruden 
	 Allowed on network: True
Log: 2023-04-13 00:00:54.136405 
	 Mac Address: 18:60:24:33:42:fa 
	 Name in network: HP3342FA.home 
	 Given name: Impresora of Angel 
	 Allowed on network: True
Log: 2023-04-13 00:00:54.142758 
	 Mac Address: 4e:a7:39:cd:10:d2 
	 Name in network: GETINO.home 
	 Given name: None 
	 Allowed on network: None
Log: 2023-04-13 00:00:54.142864 
	 Mac Address: 34:25:be:f1:94:27 
	 Name in network:  
	 Given name: None 
	 Allowed on network: None
Log: 2023-04-13 00:00:54.142926 
	 Mac Address: 90:32:4b:94:3a:8b 
	 Name in network: DESKTOP-TVQ3456.home 
	 Given name: None 
	 Allowed on network: None
Log: 2023-04-13 00:00:54.142989 
	 Mac Address: None 
	 Name in network: raspberrypi.home 
	 Given name: None 
	 Allowed on network: None
Log: 2023-04-13 00:00:54.143051 
	 Mac Address: e8:3a:12:47:16:e5 
	 Name in network: Galaxy-Tab-A.home 
	 Given name: None 
	 Allowed on network: None
Log: 2023-04-13 00:00:54.143194 
	 Mac Address: 00:00:00:00:00:00 
	 Name in network:  
	 Given name: None 
	 Allowed on network: None
Log: 2023-04-13 00:00:54.143254 
	 Mac Address: b8:76:3f:48:a3:0c 
	 Name in network: tvc212d6ff59a7.home 
	 Given name: None 
	 Allowed on network: None
Log: 2023-04-13 00:00:54.143313 
	 Mac Address: 78:f2:35:84:96:d2 
	 Name in network: MITV.home 
	 Given name: None 
	 Allowed on network: None
Log: 2023-04-13 00:00:54.143373 
	 Mac Address: d4:8a:3b:12:54:b0 
	 Name in network:  
	 Given name: None 
	 Allowed on network: None
Log: 2023-04-13 00:00:54.143432 
	 Mac Address: a0:9f:10:1a:bd:fc 
	 Name in network:  
	 Given name: None 
	 Allowed on network: None
Log: 2023-04-13 00:01:24.768590 
	 Mac Address: 94:6a:b0:5c:3b:29 
	 Name in network: liveboxfibra 
	 Given name: Router of Pruden 
	 Allowed on network: True
Log: 2023-04-13 00:01:24.768731 
	 Mac Address: 18:60:24:33:42:fa 
	 Name in network: HP3342FA.home 
	 Given name: Impresora of Angel 
	 Allowed on network: True
Log: 2023-04-13 00:01:24.775221 
	 Mac Address: 4e:a7:39:cd:10:d2 
	 Name in network: GETINO.home 
	 Given name: None 
	 Allowed on network: None
Log: 2023-04-13 00:01:24.775333 
	 Mac Address: 34:25:be:f1:94:27 
	 Name in network:  
	 Given name: None 
	 Allowed on network: None
Log: 2023-04-13 00:01:24.775397 
	 Mac Address: 00:00:00:00:00:00 
	 Name in network: GalaxyWatchActive2-FFE5.home 
	 Given name: None 
	 Allowed on network: None
Log: 2023-04-13 00:01:24.775460 
	 Mac Address: 90:32:4b:94:3a:8b 
	 Name in network: DESKTOP-TVQ3456.home 
	 Given name: None 
	 Allowed on network: None
Log: 2023-04-13 00:01:24.775521 
	 Mac Address: None 
	 Name in network: raspberrypi.home 
	 Given name: None 
	 Allowed on network: None
Log: 2023-04-13 00:01:24.775582 
	 Mac Address: e8:3a:12:47:16:e5 
	 Name in network: Galaxy-Tab-A.home 
	 Given name: None 
	 Allowed on network: None
Log: 2023-04-13 00:01:24.775642 
	 Mac Address: ec:0e:c4:8c:76:dd 
	 Name in network:  
	 Given name: None 
	 Allowed on network: None
Log: 2023-04-13 00:01:24.775701 
	 Mac Address: b8:76:3f:48:a3:0c 
	 Name in network: tvc212d6ff59a7.home 
	 Given name: None 
	 Allowed on network: None
Log: 2023-04-13 00:01:24.775779 
	 Mac Address: 78:f2:35:84:96:d2 
	 Name in network: MITV.home 
	 Given name: None 
	 Allowed on network: None
Log: 2023-04-13 00:01:24.775838 
	 Mac Address: d4:8a:3b:12:54:b0 
	 Name in network:  
	 Given name: None 
	 Allowed on network: None
Log: 2023-04-13 00:01:24.775897 
	 Mac Address: a0:9f:10:1a:bd:fc 
	 Name in network:  
	 Given name: None 
	 Allowed on network: None
Log: 2023-04-13 00:01:52.822857 
	 Mac Address: 94:6a:b0:5c:3b:29 
	 Name in network: liveboxfibra 
	 Given name: Router of Pruden 
	 Allowed on network: True
Log: 2023-04-13 00:01:52.823004 
	 Mac Address: 18:60:24:33:42:fa 
	 Name in network: HP3342FA.home 
	 Given name: Impresora of Angel 
	 Allowed on network: True
Log: 2023-04-13 00:01:52.829652 
	 Mac Address: 4e:a7:39:cd:10:d2 
	 Name in network: GETINO.home 
	 Given name: None 
	 Allowed on network: None
Log: 2023-04-13 00:01:52.829770 
	 Mac Address: ee:25:61:93:dc:ce 
	 Name in network:  
	 Given name: None 
	 Allowed on network: None
Log: 2023-04-13 00:01:52.829834 
	 Mac Address: 34:25:be:f1:94:27 
	 Name in network:  
	 Given name: None 
	 Allowed on network: None
Log: 2023-04-13 00:01:52.829897 
	 Mac Address: f8:8f:07:42:7f:e6 
	 Name in network: GalaxyWatchActive2-FFE5.home 
	 Given name: None 
	 Allowed on network: None
Log: 2023-04-13 00:01:52.829959 
	 Mac Address: 90:32:4b:94:3a:8b 
	 Name in network: DESKTOP-TVQ3456.home 
	 Given name: None 
	 Allowed on network: None
Log: 2023-04-13 00:01:52.830019 
	 Mac Address: ea:fd:36:8c:10:30 
	 Name in network: Galaxy-S9-de-NURIA-ISABEL.home 
	 Given name: None 
	 Allowed on network: None
Log: 2023-04-13 00:01:52.830081 
	 Mac Address: None 
	 Name in network: raspberrypi.home 
	 Given name: None 
	 Allowed on network: None
Log: 2023-04-13 00:01:52.830151 
	 Mac Address: e8:3a:12:47:16:e5 
	 Name in network: Galaxy-Tab-A.home 
	 Given name: None 
	 Allowed on network: None
Log: 2023-04-13 00:01:52.830212 
	 Mac Address: ec:0e:c4:8c:76:dd 
	 Name in network:  
	 Given name: None 
	 Allowed on network: None
Log: 2023-04-13 00:01:52.830272 
	 Mac Address: b8:76:3f:48:a3:0c 
	 Name in network: tvc212d6ff59a7.home 
	 Given name: None 
	 Allowed on network: None
Log: 2023-04-13 00:01:52.830330 
	 Mac Address: 78:f2:35:84:96:d2 
	 Name in network: MITV.home 
	 Given name: None 
	 Allowed on network: None
Log: 2023-04-13 00:01:52.830389 
	 Mac Address: d4:8a:3b:12:54:b0 
	 Name in network:  
	 Given name: None 
	 Allowed on network: None
Log: 2023-04-13 00:01:52.830447 
	 Mac Address: a0:9f:10:1a:bd:fc 
	 Name in network:  
	 Given name: None 
	 Allowed on network: None
Log: 2023-04-13 00:02:43.970471 
	 Mac Address: 94:6a:b0:5c:3b:29 
	 Name in network: liveboxfibra 
	 Given name: Router of Pruden 
	 Allowed on network: True
Log: 2023-04-13 00:02:43.970616 
	 Mac Address: 18:60:24:33:42:fa 
	 Name in network: HP3342FA.home 
	 Given name: Impresora of Angel 
	 Allowed on network: True
Log: 2023-04-13 00:02:43.977234 
	 Mac Address: 4e:a7:39:cd:10:d2 
	 Name in network: GETINO.home 
	 Given name: None 
	 Allowed on network: None
Log: 2023-04-13 00:02:43.977354 
	 Mac Address: ee:25:61:93:dc:ce 
	 Name in network:  
	 Given name: None 
	 Allowed on network: None
Log: 2023-04-13 00:02:43.977418 
	 Mac Address: 34:25:be:f1:94:27 
	 Name in network:  
	 Given name: None 
	 Allowed on network: None
Log: 2023-04-13 00:02:43.977480 
	 Mac Address: 90:32:4b:94:3a:8b 
	 Name in network: DESKTOP-TVQ3456.home 
	 Given name: None 
	 Allowed on network: None
Log: 2023-04-13 00:02:43.977541 
	 Mac Address: None 
	 Name in network: raspberrypi.home 
	 Given name: None 
	 Allowed on network: None
Log: 2023-04-13 00:02:43.977602 
	 Mac Address: e8:3a:12:47:16:e5 
	 Name in network: Galaxy-Tab-A.home 
	 Given name: None 
	 Allowed on network: None
Log: 2023-04-13 00:02:43.977661 
	 Mac Address: ec:0e:c4:8c:76:dd 
	 Name in network:  
	 Given name: None 
	 Allowed on network: None
Log: 2023-04-13 00:02:43.977721 
	 Mac Address: 72:52:cb:9e:ed:4a 
	 Name in network:  
	 Given name: None 
	 Allowed on network: None
Log: 2023-04-13 00:02:43.977782 
	 Mac Address: b8:76:3f:48:a3:0c 
	 Name in network: tvc212d6ff59a7.home 
	 Given name: None 
	 Allowed on network: None
Log: 2023-04-13 00:02:43.977842 
	 Mac Address: 78:f2:35:84:96:d2 
	 Name in network: MITV.home 
	 Given name: None 
	 Allowed on network: None
Log: 2023-04-13 00:02:43.977901 
	 Mac Address: d4:8a:3b:12:54:b0 
	 Name in network:  
	 Given name: None 
	 Allowed on network: None
Log: 2023-04-13 00:02:43.977960 
	 Mac Address: a0:9f:10:1a:bd:fc 
	 Name in network:  
	 Given name: None 
	 Allowed on network: None
Log: 2023-04-13 00:04:14.176878 
	 Mac Address: 94:6a:b0:5c:3b:29 
	 Name in network: liveboxfibra 
	 Given name: Router of Pruden 
	 Allowed on network: True
Log: 2023-04-13 00:04:14.177021 
	 Mac Address: 18:60:24:33:42:fa 
	 Name in network: HP3342FA.home 
	 Given name: Impresora of Angel 
	 Allowed on network: True
Log: 2023-04-13 00:04:14.183806 
	 Mac Address: 4e:a7:39:cd:10:d2 
	 Name in network: GETINO.home 
	 Given name: None 
	 Allowed on network: None
Log: 2023-04-13 00:04:14.183913 
	 Mac Address: ee:25:61:93:dc:ce 
	 Name in network:  
	 Given name: None 
	 Allowed on network: None
Log: 2023-04-13 00:04:14.183975 
	 Mac Address: 90:32:4b:94:3a:8b 
	 Name in network: DESKTOP-TVQ3456.home 
	 Given name: None 
	 Allowed on network: None
Log: 2023-04-13 00:04:14.184039 
	 Mac Address: None 
	 Name in network: raspberrypi.home 
	 Given name: None 
	 Allowed on network: None
Log: 2023-04-13 00:04:14.184102 
	 Mac Address: e8:3a:12:47:16:e5 
	 Name in network: Galaxy-Tab-A.home 
	 Given name: None 
	 Allowed on network: None
Log: 2023-04-13 00:04:14.184162 
	 Mac Address: ec:0e:c4:8c:76:dd 
	 Name in network:  
	 Given name: None 
	 Allowed on network: None
Log: 2023-04-13 00:04:14.184221 
	 Mac Address: b8:76:3f:48:a3:0c 
	 Name in network: tvc212d6ff59a7.home 
	 Given name: None 
	 Allowed on network: None
Log: 2023-04-13 00:04:14.184281 
	 Mac Address: 78:f2:35:84:96:d2 
	 Name in network: MITV.home 
	 Given name: None 
	 Allowed on network: None
Log: 2023-04-13 00:04:14.184342 
	 Mac Address: d4:8a:3b:12:54:b0 
	 Name in network:  
	 Given name: None 
	 Allowed on network: None
Log: 2023-04-13 00:04:14.184415 
	 Mac Address: a0:9f:10:1a:bd:fc 
	 Name in network:  
	 Given name: None 
	 Allowed on network: None
Log: 2023-04-13 00:04:36.558984 
	 Mac Address: 94:6a:b0:5c:3b:29 
	 Name in network: liveboxfibra 
	 Given name: Router of Pruden 
	 Allowed on network: True
Log: 2023-04-13 00:04:36.559125 
	 Mac Address: 34:25:be:f1:94:27 
	 Name in network:  
	 Given name: firetv of angel 
	 Allowed on network: true
Log: 2023-04-13 00:04:36.559183 
	 Mac Address: 18:60:24:33:42:fa 
	 Name in network: HP3342FA.home 
	 Given name: Impresora of Angel 
	 Allowed on network: True
Log: 2023-04-13 00:04:36.567849 
	 Mac Address: 4e:a7:39:cd:10:d2 
	 Name in network: GETINO.home 
	 Given name: None 
	 Allowed on network: None
Log: 2023-04-13 00:04:36.567952 
	 Mac Address: ee:25:61:93:dc:ce 
	 Name in network:  
	 Given name: None 
	 Allowed on network: None
Log: 2023-04-13 00:04:36.568016 
	 Mac Address: 90:32:4b:94:3a:8b 
	 Name in network: DESKTOP-TVQ3456.home 
	 Given name: None 
	 Allowed on network: None
Log: 2023-04-13 00:04:36.568077 
	 Mac Address: None 
	 Name in network: raspberrypi.home 
	 Given name: None 
	 Allowed on network: None
Log: 2023-04-13 00:04:36.568138 
	 Mac Address: e8:3a:12:47:16:e5 
	 Name in network: Galaxy-Tab-A.home 
	 Given name: None 
	 Allowed on network: None
Log: 2023-04-13 00:04:36.568199 
	 Mac Address: ec:0e:c4:8c:76:dd 
	 Name in network:  
	 Given name: None 
	 Allowed on network: None
Log: 2023-04-13 00:04:36.568258 
	 Mac Address: b8:76:3f:48:a3:0c 
	 Name in network: tvc212d6ff59a7.home 
	 Given name: None 
	 Allowed on network: None
Log: 2023-04-13 00:04:36.568319 
	 Mac Address: 78:f2:35:84:96:d2 
	 Name in network: MITV.home 
	 Given name: None 
	 Allowed on network: None
Log: 2023-04-13 00:04:36.568379 
	 Mac Address: d4:8a:3b:12:54:b0 
	 Name in network:  
	 Given name: None 
	 Allowed on network: None
Log: 2023-04-13 00:04:36.568455 
	 Mac Address: a0:9f:10:1a:bd:fc 
	 Name in network:  
	 Given name: None 
	 Allowed on network: None
Log: 2023-04-13 00:05:16.501921 
	 Mac Address: 94:6a:b0:5c:3b:29 
	 Name in network: liveboxfibra 
	 Given name: Router of Pruden 
	 Allowed on network: True
Log: 2023-04-13 00:05:16.502064 
	 Mac Address: 34:25:be:f1:94:27 
	 Name in network:  
	 Given name: firetv of angel 
	 Allowed on network: true
Log: 2023-04-13 00:05:16.502121 
	 Mac Address: 18:60:24:33:42:fa 
	 Name in network: HP3342FA.home 
	 Given name: Impresora of Angel 
	 Allowed on network: True
Log: 2023-04-13 00:05:16.510941 
	 Mac Address: 4e:a7:39:cd:10:d2 
	 Name in network: GETINO.home 
	 Given name: None 
	 Allowed on network: None
Log: 2023-04-13 00:05:16.511046 
	 Mac Address: ee:25:61:93:dc:ce 
	 Name in network:  
	 Given name: None 
	 Allowed on network: None
Log: 2023-04-13 00:05:16.511109 
	 Mac Address: f8:8f:07:42:7f:e6 
	 Name in network: GalaxyWatchActive2-FFE5.home 
	 Given name: None 
	 Allowed on network: None
Log: 2023-04-13 00:05:16.511169 
	 Mac Address: 90:32:4b:94:3a:8b 
	 Name in network: DESKTOP-TVQ3456.home 
	 Given name: None 
	 Allowed on network: None
Log: 2023-04-13 00:05:16.511244 
	 Mac Address: None 
	 Name in network: raspberrypi.home 
	 Given name: None 
	 Allowed on network: None
Log: 2023-04-13 00:05:16.511305 
	 Mac Address: e8:3a:12:47:16:e5 
	 Name in network: Galaxy-Tab-A.home 
	 Given name: None 
	 Allowed on network: None
Log: 2023-04-13 00:05:16.511365 
	 Mac Address: ec:0e:c4:8c:76:dd 
	 Name in network:  
	 Given name: None 
	 Allowed on network: None
Log: 2023-04-13 00:05:16.511427 
	 Mac Address: b8:76:3f:48:a3:0c 
	 Name in network: tvc212d6ff59a7.home 
	 Given name: None 
	 Allowed on network: None
Log: 2023-04-13 00:05:16.511515 
	 Mac Address: 78:f2:35:84:96:d2 
	 Name in network: MITV.home 
	 Given name: None 
	 Allowed on network: None
Log: 2023-04-13 00:05:16.511574 
	 Mac Address: d4:8a:3b:12:54:b0 
	 Name in network:  
	 Given name: None 
	 Allowed on network: None
Log: 2023-04-13 00:05:16.511632 
	 Mac Address: a0:9f:10:1a:bd:fc 
	 Name in network:  
	 Given name: None 
	 Allowed on network: None
Log: 2023-04-13 00:05:22.506703 
	 Mac Address: 94:6a:b0:5c:3b:29 
	 Name in network: liveboxfibra 
	 Given name: Router of Pruden 
	 Allowed on network: True
Log: 2023-04-13 00:05:22.506848 
	 Mac Address: 34:25:be:f1:94:27 
	 Name in network:  
	 Given name: firetv of angel 
	 Allowed on network: true
Log: 2023-04-13 00:05:22.506913 
	 Mac Address: 18:60:24:33:42:fa 
	 Name in network: HP3342FA.home 
	 Given name: Impresora of Angel 
	 Allowed on network: True
Log: 2023-04-13 00:05:22.517514 
	 Mac Address: 90:32:4b:94:3a:8b 
	 Name in network: DESKTOP-TVQ3456.home 
	 Given name: None 
	 Allowed on network: None
Log: 2023-04-13 00:05:22.517619 
	 Mac Address: None 
	 Name in network: raspberrypi.home 
	 Given name: None 
	 Allowed on network: None
Log: 2023-04-13 00:05:22.517684 
	 Mac Address: e8:3a:12:47:16:e5 
	 Name in network: Galaxy-Tab-A.home 
	 Given name: None 
	 Allowed on network: None
Log: 2023-04-13 00:05:22.517744 
	 Mac Address: ec:0e:c4:8c:76:dd 
	 Name in network:  
	 Given name: None 
	 Allowed on network: None
Log: 2023-04-13 00:05:22.517804 
	 Mac Address: b8:76:3f:48:a3:0c 
	 Name in network: tvc212d6ff59a7.home 
	 Given name: None 
	 Allowed on network: None
Log: 2023-04-13 00:05:22.517863 
	 Mac Address: 78:f2:35:84:96:d2 
	 Name in network: MITV.home 
	 Given name: None 
	 Allowed on network: None
Log: 2023-04-13 00:05:22.517923 
	 Mac Address: d4:8a:3b:12:54:b0 
	 Name in network:  
	 Given name: None 
	 Allowed on network: None
Log: 2023-04-13 00:05:22.517982 
	 Mac Address: a0:9f:10:1a:bd:fc 
	 Name in network:  
	 Given name: None 
	 Allowed on network: None
Log: 2023-04-13 00:05:26.742366 
	 Mac Address: 94:6a:b0:5c:3b:29 
	 Name in network: liveboxfibra 
	 Given name: Router of Pruden 
	 Allowed on network: True
Log: 2023-04-13 00:05:26.742508 
	 Mac Address: 18:60:24:33:42:fa 
	 Name in network: HP3342FA.home 
	 Given name: Impresora of Angel 
	 Allowed on network: True
Log: 2023-04-13 00:05:26.748937 
	 Mac Address: 4e:a7:39:cd:10:d2 
	 Name in network: GETINO.home 
	 Given name: None 
	 Allowed on network: None
Log: 2023-04-13 00:05:26.749045 
	 Mac Address: 90:32:4b:94:3a:8b 
	 Name in network: DESKTOP-TVQ3456.home 
	 Given name: None 
	 Allowed on network: None
Log: 2023-04-13 00:05:26.749109 
	 Mac Address: None 
	 Name in network: raspberrypi.home 
	 Given name: None 
	 Allowed on network: None
Log: 2023-04-13 00:05:26.749172 
	 Mac Address: ec:0e:c4:8c:76:dd 
	 Name in network:  
	 Given name: None 
	 Allowed on network: None
Log: 2023-04-13 00:05:26.749233 
	 Mac Address: b8:76:3f:48:a3:0c 
	 Name in network: tvc212d6ff59a7.home 
	 Given name: None 
	 Allowed on network: None
Log: 2023-04-13 00:05:26.749293 
	 Mac Address: 78:f2:35:84:96:d2 
	 Name in network: MITV.home 
	 Given name: None 
	 Allowed on network: None
Log: 2023-04-13 00:05:26.749352 
	 Mac Address: d4:8a:3b:12:54:b0 
	 Name in network:  
	 Given name: None 
	 Allowed on network: None
Log: 2023-04-13 00:05:26.749411 
	 Mac Address: a0:9f:10:1a:bd:fc 
	 Name in network:  
	 Given name: None 
	 Allowed on network: None
Log: 2023-04-13 00:05:34.210262 
	 Mac Address: 94:6a:b0:5c:3b:29 
	 Name in network: liveboxfibra 
	 Given name: Router of Pruden 
	 Allowed on network: True
Log: 2023-04-13 00:05:34.210405 
	 Mac Address: 34:25:be:f1:94:27 
	 Name in network:  
	 Given name: firetv of angel 
	 Allowed on network: true
Log: 2023-04-13 00:05:34.210462 
	 Mac Address: 18:60:24:33:42:fa 
	 Name in network: HP3342FA.home 
	 Given name: Impresora of Angel 
	 Allowed on network: True
Log: 2023-04-13 00:05:34.218971 
	 Mac Address: 4e:a7:39:cd:10:d2 
	 Name in network: GETINO.home 
	 Given name: None 
	 Allowed on network: None
Log: 2023-04-13 00:05:34.219202 
	 Mac Address: ee:25:61:93:dc:ce 
	 Name in network:  
	 Given name: None 
	 Allowed on network: None
Log: 2023-04-13 00:05:34.219270 
	 Mac Address: 90:32:4b:94:3a:8b 
	 Name in network: DESKTOP-TVQ3456.home 
	 Given name: None 
	 Allowed on network: None
Log: 2023-04-13 00:05:34.219331 
	 Mac Address: None 
	 Name in network: raspberrypi.home 
	 Given name: None 
	 Allowed on network: None
Log: 2023-04-13 00:05:34.219393 
	 Mac Address: e8:3a:12:47:16:e5 
	 Name in network: Galaxy-Tab-A.home 
	 Given name: None 
	 Allowed on network: None
Log: 2023-04-13 00:05:34.219453 
	 Mac Address: ec:0e:c4:8c:76:dd 
	 Name in network:  
	 Given name: None 
	 Allowed on network: None
Log: 2023-04-13 00:05:34.219512 
	 Mac Address: b8:76:3f:48:a3:0c 
	 Name in network: tvc212d6ff59a7.home 
	 Given name: None 
	 Allowed on network: None
Log: 2023-04-13 00:05:34.219573 
	 Mac Address: 78:f2:35:84:96:d2 
	 Name in network: MITV.home 
	 Given name: None 
	 Allowed on network: None
Log: 2023-04-13 00:05:34.219647 
	 Mac Address: d4:8a:3b:12:54:b0 
	 Name in network:  
	 Given name: None 
	 Allowed on network: None
Log: 2023-04-13 00:05:34.219706 
	 Mac Address: a0:9f:10:1a:bd:fc 
	 Name in network:  
	 Given name: None 
	 Allowed on network: None
Log: 2023-04-13 00:05:38.078059 
	 Mac Address: 94:6a:b0:5c:3b:29 
	 Name in network: liveboxfibra 
	 Given name: Router of Pruden 
	 Allowed on network: True
Log: 2023-04-13 00:05:38.078204 
	 Mac Address: 18:60:24:33:42:fa 
	 Name in network: HP3342FA.home 
	 Given name: Impresora of Angel 
	 Allowed on network: True
Log: 2023-04-13 00:05:38.084933 
	 Mac Address: 4e:a7:39:cd:10:d2 
	 Name in network: GETINO.home 
	 Given name: None 
	 Allowed on network: None
Log: 2023-04-13 00:05:38.085128 
	 Mac Address: 90:32:4b:94:3a:8b 
	 Name in network: DESKTOP-TVQ3456.home 
	 Given name: None 
	 Allowed on network: None
Log: 2023-04-13 00:05:38.085194 
	 Mac Address: ea:fd:36:8c:10:30 
	 Name in network: Galaxy-S9-de-NURIA-ISABEL.home 
	 Given name: None 
	 Allowed on network: None
Log: 2023-04-13 00:05:38.085258 
	 Mac Address: None 
	 Name in network: raspberrypi.home 
	 Given name: None 
	 Allowed on network: None
Log: 2023-04-13 00:05:38.085321 
	 Mac Address: e8:3a:12:47:16:e5 
	 Name in network: Galaxy-Tab-A.home 
	 Given name: None 
	 Allowed on network: None
Log: 2023-04-13 00:05:38.085381 
	 Mac Address: ec:0e:c4:8c:76:dd 
	 Name in network:  
	 Given name: None 
	 Allowed on network: None
Log: 2023-04-13 00:05:38.085441 
	 Mac Address: b8:76:3f:48:a3:0c 
	 Name in network: tvc212d6ff59a7.home 
	 Given name: None 
	 Allowed on network: None
Log: 2023-04-13 00:05:38.085501 
	 Mac Address: 78:f2:35:84:96:d2 
	 Name in network: MITV.home 
	 Given name: None 
	 Allowed on network: None
Log: 2023-04-13 00:05:38.085562 
	 Mac Address: d4:8a:3b:12:54:b0 
	 Name in network:  
	 Given name: None 
	 Allowed on network: None
Log: 2023-04-13 00:05:38.085620 
	 Mac Address: a0:9f:10:1a:bd:fc 
	 Name in network:  
	 Given name: None 
	 Allowed on network: None
Log: 2023-04-13 00:05:40.515239 
	 Mac Address: 94:6a:b0:5c:3b:29 
	 Name in network: liveboxfibra 
	 Given name: Router of Pruden 
	 Allowed on network: True
Log: 2023-04-13 00:05:40.515383 
	 Mac Address: 18:60:24:33:42:fa 
	 Name in network: HP3342FA.home 
	 Given name: Impresora of Angel 
	 Allowed on network: True
Log: 2023-04-13 00:05:40.521748 
	 Mac Address: 4e:a7:39:cd:10:d2 
	 Name in network: GETINO.home 
	 Given name: None 
	 Allowed on network: None
Log: 2023-04-13 00:05:40.521853 
	 Mac Address: 90:32:4b:94:3a:8b 
	 Name in network: DESKTOP-TVQ3456.home 
	 Given name: None 
	 Allowed on network: None
Log: 2023-04-13 00:05:40.521916 
	 Mac Address: None 
	 Name in network: raspberrypi.home 
	 Given name: None 
	 Allowed on network: None
Log: 2023-04-13 00:05:40.521980 
	 Mac Address: e8:3a:12:47:16:e5 
	 Name in network: Galaxy-Tab-A.home 
	 Given name: None 
	 Allowed on network: None
Log: 2023-04-13 00:05:40.522040 
	 Mac Address: ec:0e:c4:8c:76:dd 
	 Name in network:  
	 Given name: None 
	 Allowed on network: None
Log: 2023-04-13 00:05:40.522100 
	 Mac Address: b8:76:3f:48:a3:0c 
	 Name in network: tvc212d6ff59a7.home 
	 Given name: None 
	 Allowed on network: None
Log: 2023-04-13 00:05:40.522159 
	 Mac Address: 78:f2:35:84:96:d2 
	 Name in network: MITV.home 
	 Given name: None 
	 Allowed on network: None
Log: 2023-04-13 00:05:40.522217 
	 Mac Address: d4:8a:3b:12:54:b0 
	 Name in network:  
	 Given name: None 
	 Allowed on network: None
Log: 2023-04-13 00:05:40.522278 
	 Mac Address: a0:9f:10:1a:bd:fc 
	 Name in network:  
	 Given name: None 
	 Allowed on network: None
Log: 2023-04-13 00:05:43.682987 
	 Mac Address: 94:6a:b0:5c:3b:29 
	 Name in network: liveboxfibra 
	 Given name: Router of Pruden 
	 Allowed on network: True
Log: 2023-04-13 00:05:43.683181 
	 Mac Address: 18:60:24:33:42:fa 
	 Name in network: HP3342FA.home 
	 Given name: Impresora of Angel 
	 Allowed on network: True
Log: 2023-04-13 00:05:43.689804 
	 Mac Address: 90:32:4b:94:3a:8b 
	 Name in network: DESKTOP-TVQ3456.home 
	 Given name: None 
	 Allowed on network: None
Log: 2023-04-13 00:05:43.689994 
	 Mac Address: None 
	 Name in network: raspberrypi.home 
	 Given name: None 
	 Allowed on network: None
Log: 2023-04-13 00:05:43.690066 
	 Mac Address: e8:3a:12:47:16:e5 
	 Name in network: Galaxy-Tab-A.home 
	 Given name: None 
	 Allowed on network: None
Log: 2023-04-13 00:05:43.690130 
	 Mac Address: ec:0e:c4:8c:76:dd 
	 Name in network:  
	 Given name: None 
	 Allowed on network: None
Log: 2023-04-13 00:05:43.690191 
	 Mac Address: b8:76:3f:48:a3:0c 
	 Name in network: tvc212d6ff59a7.home 
	 Given name: None 
	 Allowed on network: None
Log: 2023-04-13 00:05:43.690250 
	 Mac Address: 78:f2:35:84:96:d2 
	 Name in network: MITV.home 
	 Given name: None 
	 Allowed on network: None
Log: 2023-04-13 00:05:43.690309 
	 Mac Address: d4:8a:3b:12:54:b0 
	 Name in network:  
	 Given name: None 
	 Allowed on network: None
Log: 2023-04-13 00:05:43.690367 
	 Mac Address: a0:9f:10:1a:bd:fc 
	 Name in network:  
	 Given name: None 
	 Allowed on network: None
Log: 2023-04-13 00:05:49.398540 
	 Mac Address: 94:6a:b0:5c:3b:29 
	 Name in network: liveboxfibra 
	 Given name: Router of Pruden 
	 Allowed on network: True
Log: 2023-04-13 00:05:49.398683 
	 Mac Address: 34:25:be:f1:94:27 
	 Name in network:  
	 Given name: firetv of angel 
	 Allowed on network: true
Log: 2023-04-13 00:05:49.398740 
	 Mac Address: 18:60:24:33:42:fa 
	 Name in network: HP3342FA.home 
	 Given name: Impresora of Angel 
	 Allowed on network: True
Log: 2023-04-13 00:05:49.407075 
	 Mac Address: 4e:a7:39:cd:10:d2 
	 Name in network: GETINO.home 
	 Given name: None 
	 Allowed on network: None
Log: 2023-04-13 00:05:49.407185 
	 Mac Address: ee:25:61:93:dc:ce 
	 Name in network:  
	 Given name: None 
	 Allowed on network: None
Log: 2023-04-13 00:05:49.407253 
	 Mac Address: 90:32:4b:94:3a:8b 
	 Name in network: DESKTOP-TVQ3456.home 
	 Given name: None 
	 Allowed on network: None
Log: 2023-04-13 00:05:49.407315 
	 Mac Address: None 
	 Name in network: raspberrypi.home 
	 Given name: None 
	 Allowed on network: None
Log: 2023-04-13 00:05:49.407377 
	 Mac Address: e8:3a:12:47:16:e5 
	 Name in network: Galaxy-Tab-A.home 
	 Given name: None 
	 Allowed on network: None
Log: 2023-04-13 00:05:49.407437 
	 Mac Address: ec:0e:c4:8c:76:dd 
	 Name in network:  
	 Given name: None 
	 Allowed on network: None
Log: 2023-04-13 00:05:49.407497 
	 Mac Address: b8:76:3f:48:a3:0c 
	 Name in network: tvc212d6ff59a7.home 
	 Given name: None 
	 Allowed on network: None
Log: 2023-04-13 00:05:49.407558 
	 Mac Address: 78:f2:35:84:96:d2 
	 Name in network: MITV.home 
	 Given name: None 
	 Allowed on network: None
Log: 2023-04-13 00:05:49.407636 
	 Mac Address: d4:8a:3b:12:54:b0 
	 Name in network:  
	 Given name: None 
	 Allowed on network: None
Log: 2023-04-13 00:05:49.407696 
	 Mac Address: a0:9f:10:1a:bd:fc 
	 Name in network:  
	 Given name: None 
	 Allowed on network: None
Log: 2023-04-13 00:05:53.876049 
	 Mac Address: 94:6a:b0:5c:3b:29 
	 Name in network: liveboxfibra 
	 Given name: Router of Pruden 
	 Allowed on network: True
Log: 2023-04-13 00:05:53.876196 
	 Mac Address: 18:60:24:33:42:fa 
	 Name in network: HP3342FA.home 
	 Given name: Impresora of Angel 
	 Allowed on network: True
Log: 2023-04-13 00:05:53.884244 
	 Mac Address: 4e:a7:39:cd:10:d2 
	 Name in network: GETINO.home 
	 Given name: None 
	 Allowed on network: None
Log: 2023-04-13 00:05:53.884353 
	 Mac Address: ee:25:61:93:dc:ce 
	 Name in network:  
	 Given name: None 
	 Allowed on network: None
Log: 2023-04-13 00:05:53.884417 
	 Mac Address: 90:32:4b:94:3a:8b 
	 Name in network: DESKTOP-TVQ3456.home 
	 Given name: None 
	 Allowed on network: None
Log: 2023-04-13 00:05:53.884481 
	 Mac Address: None 
	 Name in network: raspberrypi.home 
	 Given name: None 
	 Allowed on network: None
Log: 2023-04-13 00:05:53.884545 
	 Mac Address: e8:3a:12:47:16:e5 
	 Name in network: Galaxy-Tab-A.home 
	 Given name: None 
	 Allowed on network: None
Log: 2023-04-13 00:05:53.884606 
	 Mac Address: ec:0e:c4:8c:76:dd 
	 Name in network:  
	 Given name: None 
	 Allowed on network: None
Log: 2023-04-13 00:05:53.884666 
	 Mac Address: b8:76:3f:48:a3:0c 
	 Name in network: tvc212d6ff59a7.home 
	 Given name: None 
	 Allowed on network: None
Log: 2023-04-13 00:05:53.884728 
	 Mac Address: 78:f2:35:84:96:d2 
	 Name in network: MITV.home 
	 Given name: None 
	 Allowed on network: None
Log: 2023-04-13 00:05:53.884807 
	 Mac Address: d4:8a:3b:12:54:b0 
	 Name in network:  
	 Given name: None 
	 Allowed on network: None
Log: 2023-04-13 00:05:53.884868 
	 Mac Address: a0:9f:10:1a:bd:fc 
	 Name in network:  
	 Given name: None 
	 Allowed on network: None
Log: 2023-04-13 00:05:58.699533 
	 Mac Address: 94:6a:b0:5c:3b:29 
	 Name in network: liveboxfibra 
	 Given name: Router of Pruden 
	 Allowed on network: True
Log: 2023-04-13 00:05:58.699677 
	 Mac Address: 34:25:be:f1:94:27 
	 Name in network:  
	 Given name: firetv of angel 
	 Allowed on network: true
Log: 2023-04-13 00:05:58.699736 
	 Mac Address: 18:60:24:33:42:fa 
	 Name in network: HP3342FA.home 
	 Given name: Impresora of Angel 
	 Allowed on network: True
Log: 2023-04-13 00:05:58.708302 
	 Mac Address: 4e:a7:39:cd:10:d2 
	 Name in network: GETINO.home 
	 Given name: None 
	 Allowed on network: None
Log: 2023-04-13 00:05:58.708485 
	 Mac Address: f8:8f:07:42:7f:e6 
	 Name in network: GalaxyWatchActive2-FFE5.home 
	 Given name: None 
	 Allowed on network: None
Log: 2023-04-13 00:05:58.708554 
	 Mac Address: 90:32:4b:94:3a:8b 
	 Name in network: DESKTOP-TVQ3456.home 
	 Given name: None 
	 Allowed on network: None
Log: 2023-04-13 00:05:58.708616 
	 Mac Address: None 
	 Name in network: raspberrypi.home 
	 Given name: None 
	 Allowed on network: None
Log: 2023-04-13 00:05:58.708680 
	 Mac Address: e8:3a:12:47:16:e5 
	 Name in network: Galaxy-Tab-A.home 
	 Given name: None 
	 Allowed on network: None
Log: 2023-04-13 00:05:58.708740 
	 Mac Address: ec:0e:c4:8c:76:dd 
	 Name in network:  
	 Given name: None 
	 Allowed on network: None
Log: 2023-04-13 00:05:58.708802 
	 Mac Address: b8:76:3f:48:a3:0c 
	 Name in network: tvc212d6ff59a7.home 
	 Given name: None 
	 Allowed on network: None
Log: 2023-04-13 00:05:58.708863 
	 Mac Address: 78:f2:35:84:96:d2 
	 Name in network: MITV.home 
	 Given name: None 
	 Allowed on network: None
Log: 2023-04-13 00:05:58.708940 
	 Mac Address: d4:8a:3b:12:54:b0 
	 Name in network:  
	 Given name: None 
	 Allowed on network: None
Log: 2023-04-13 00:05:58.708998 
	 Mac Address: a0:9f:10:1a:bd:fc 
	 Name in network:  
	 Given name: None 
	 Allowed on network: None
Log: 2023-04-13 00:06:05.769506 
	 Mac Address: 94:6a:b0:5c:3b:29 
	 Name in network: liveboxfibra 
	 Given name: Router of Pruden 
	 Allowed on network: True
Log: 2023-04-13 00:06:05.769665 
	 Mac Address: 34:25:be:f1:94:27 
	 Name in network:  
	 Given name: firetv of angel 
	 Allowed on network: true
Log: 2023-04-13 00:06:05.769723 
	 Mac Address: 18:60:24:33:42:fa 
	 Name in network: HP3342FA.home 
	 Given name: Impresora of Angel 
	 Allowed on network: True
Log: 2023-04-13 00:06:05.778294 
	 Mac Address: ee:25:61:93:dc:ce 
	 Name in network:  
	 Given name: None 
	 Allowed on network: None
Log: 2023-04-13 00:06:05.778441 
	 Mac Address: 90:32:4b:94:3a:8b 
	 Name in network: DESKTOP-TVQ3456.home 
	 Given name: None 
	 Allowed on network: None
Log: 2023-04-13 00:06:05.778505 
	 Mac Address: ea:fd:36:8c:10:30 
	 Name in network: Galaxy-S9-de-NURIA-ISABEL.home 
	 Given name: None 
	 Allowed on network: None
Log: 2023-04-13 00:06:05.778566 
	 Mac Address: None 
	 Name in network: raspberrypi.home 
	 Given name: None 
	 Allowed on network: None
Log: 2023-04-13 00:06:05.778628 
	 Mac Address: e8:3a:12:47:16:e5 
	 Name in network: Galaxy-Tab-A.home 
	 Given name: None 
	 Allowed on network: None
Log: 2023-04-13 00:06:05.778687 
	 Mac Address: ec:0e:c4:8c:76:dd 
	 Name in network:  
	 Given name: None 
	 Allowed on network: None
Log: 2023-04-13 00:06:05.778749 
	 Mac Address: b8:76:3f:48:a3:0c 
	 Name in network: tvc212d6ff59a7.home 
	 Given name: None 
	 Allowed on network: None
Log: 2023-04-13 00:06:05.778808 
	 Mac Address: 78:f2:35:84:96:d2 
	 Name in network: MITV.home 
	 Given name: None 
	 Allowed on network: None
Log: 2023-04-13 00:06:05.778883 
	 Mac Address: d4:8a:3b:12:54:b0 
	 Name in network:  
	 Given name: None 
	 Allowed on network: None
Log: 2023-04-13 00:06:05.778942 
	 Mac Address: a0:9f:10:1a:bd:fc 
	 Name in network:  
	 Given name: None 
	 Allowed on network: None
Log: 2023-04-13 00:06:12.918536 
	 Mac Address: 94:6a:b0:5c:3b:29 
	 Name in network: liveboxfibra 
	 Given name: Router of Pruden 
	 Allowed on network: True
Log: 2023-04-13 00:06:12.918679 
	 Mac Address: 18:60:24:33:42:fa 
	 Name in network: HP3342FA.home 
	 Given name: Impresora of Angel 
	 Allowed on network: True
Log: 2023-04-13 00:06:12.925118 
	 Mac Address: 4e:a7:39:cd:10:d2 
	 Name in network: GETINO.home 
	 Given name: None 
	 Allowed on network: None
Log: 2023-04-13 00:06:12.925228 
	 Mac Address: ee:25:61:93:dc:ce 
	 Name in network:  
	 Given name: None 
	 Allowed on network: None
Log: 2023-04-13 00:06:12.925291 
	 Mac Address: 34:25:be:f1:94:27 
	 Name in network:  
	 Given name: None 
	 Allowed on network: None
Log: 2023-04-13 00:06:12.925353 
	 Mac Address: 90:32:4b:94:3a:8b 
	 Name in network: DESKTOP-TVQ3456.home 
	 Given name: None 
	 Allowed on network: None
Log: 2023-04-13 00:06:12.925414 
	 Mac Address: None 
	 Name in network: raspberrypi.home 
	 Given name: None 
	 Allowed on network: None
Log: 2023-04-13 00:06:12.925476 
	 Mac Address: e8:3a:12:47:16:e5 
	 Name in network: Galaxy-Tab-A.home 
	 Given name: None 
	 Allowed on network: None
Log: 2023-04-13 00:06:12.925535 
	 Mac Address: ec:0e:c4:8c:76:dd 
	 Name in network:  
	 Given name: None 
	 Allowed on network: None
Log: 2023-04-13 00:06:12.925595 
	 Mac Address: b8:76:3f:48:a3:0c 
	 Name in network: tvc212d6ff59a7.home 
	 Given name: None 
	 Allowed on network: None
Log: 2023-04-13 00:06:12.925672 
	 Mac Address: 78:f2:35:84:96:d2 
	 Name in network: MITV.home 
	 Given name: None 
	 Allowed on network: None
Log: 2023-04-13 00:06:12.925733 
	 Mac Address: d4:8a:3b:12:54:b0 
	 Name in network:  
	 Given name: None 
	 Allowed on network: None
Log: 2023-04-13 00:06:12.925791 
	 Mac Address: a0:9f:10:1a:bd:fc 
	 Name in network:  
	 Given name: None 
	 Allowed on network: None
Log: 2023-04-13 00:06:17.227352 
	 Mac Address: 94:6a:b0:5c:3b:29 
	 Name in network: liveboxfibra 
	 Given name: Router of Pruden 
	 Allowed on network: True
Log: 2023-04-13 00:06:17.227501 
	 Mac Address: 18:60:24:33:42:fa 
	 Name in network: HP3342FA.home 
	 Given name: Impresora of Angel 
	 Allowed on network: True
Log: 2023-04-13 00:06:17.234248 
	 Mac Address: 4e:a7:39:cd:10:d2 
	 Name in network: GETINO.home 
	 Given name: None 
	 Allowed on network: None
Log: 2023-04-13 00:06:17.234444 
	 Mac Address: ee:25:61:93:dc:ce 
	 Name in network:  
	 Given name: None 
	 Allowed on network: None
Log: 2023-04-13 00:06:17.234512 
	 Mac Address: 90:32:4b:94:3a:8b 
	 Name in network: DESKTOP-TVQ3456.home 
	 Given name: None 
	 Allowed on network: None
Log: 2023-04-13 00:06:17.234574 
	 Mac Address: None 
	 Name in network: raspberrypi.home 
	 Given name: None 
	 Allowed on network: None
Log: 2023-04-13 00:06:17.234637 
	 Mac Address: e8:3a:12:47:16:e5 
	 Name in network: Galaxy-Tab-A.home 
	 Given name: None 
	 Allowed on network: None
Log: 2023-04-13 00:06:17.234696 
	 Mac Address: ec:0e:c4:8c:76:dd 
	 Name in network:  
	 Given name: None 
	 Allowed on network: None
Log: 2023-04-13 00:06:17.234755 
	 Mac Address: b8:76:3f:48:a3:0c 
	 Name in network: tvc212d6ff59a7.home 
	 Given name: None 
	 Allowed on network: None
Log: 2023-04-13 00:06:17.234814 
	 Mac Address: 78:f2:35:84:96:d2 
	 Name in network: MITV.home 
	 Given name: None 
	 Allowed on network: None
Log: 2023-04-13 00:06:17.234875 
	 Mac Address: d4:8a:3b:12:54:b0 
	 Name in network:  
	 Given name: None 
	 Allowed on network: None
Log: 2023-04-13 00:06:17.234934 
	 Mac Address: a0:9f:10:1a:bd:fc 
	 Name in network:  
	 Given name: None 
	 Allowed on network: None
Log: 2023-04-13 00:06:19.714181 
	 Mac Address: 94:6a:b0:5c:3b:29 
	 Name in network: liveboxfibra 
	 Given name: Router of Pruden 
	 Allowed on network: True
Log: 2023-04-13 00:06:19.714328 
	 Mac Address: 18:60:24:33:42:fa 
	 Name in network: HP3342FA.home 
	 Given name: Impresora of Angel 
	 Allowed on network: True
Log: 2023-04-13 00:06:19.720621 
	 Mac Address: 4e:a7:39:cd:10:d2 
	 Name in network: GETINO.home 
	 Given name: None 
	 Allowed on network: None
Log: 2023-04-13 00:06:19.720720 
	 Mac Address: 90:32:4b:94:3a:8b 
	 Name in network: DESKTOP-TVQ3456.home 
	 Given name: None 
	 Allowed on network: None
Log: 2023-04-13 00:06:19.720785 
	 Mac Address: None 
	 Name in network: raspberrypi.home 
	 Given name: None 
	 Allowed on network: None
Log: 2023-04-13 00:06:19.720848 
	 Mac Address: e8:3a:12:47:16:e5 
	 Name in network: Galaxy-Tab-A.home 
	 Given name: None 
	 Allowed on network: None
Log: 2023-04-13 00:06:19.720909 
	 Mac Address: ec:0e:c4:8c:76:dd 
	 Name in network:  
	 Given name: None 
	 Allowed on network: None
Log: 2023-04-13 00:06:19.720970 
	 Mac Address: b8:76:3f:48:a3:0c 
	 Name in network: tvc212d6ff59a7.home 
	 Given name: None 
	 Allowed on network: None
Log: 2023-04-13 00:06:19.721029 
	 Mac Address: 78:f2:35:84:96:d2 
	 Name in network: MITV.home 
	 Given name: None 
	 Allowed on network: None
Log: 2023-04-13 00:06:19.721088 
	 Mac Address: d4:8a:3b:12:54:b0 
	 Name in network:  
	 Given name: None 
	 Allowed on network: None
Log: 2023-04-13 00:06:19.721149 
	 Mac Address: a0:9f:10:1a:bd:fc 
	 Name in network:  
	 Given name: None 
	 Allowed on network: None
Log: 2023-04-13 10:42:04.064564 
	 Mac Address: 94:6a:b0:5c:3b:29 
	 Name in network: liveboxfibra 
	 Given name: Router of Pruden 
	 Allowed on network: True
Log: 2023-04-13 10:42:04.064643 
	 Mac Address: 18:60:24:33:42:fa 
	 Name in network: HP3342FA.home 
	 Given name: Impresora of Angel 
	 Allowed on network: True
Log: 2023-04-13 10:42:04.071084 
	 Mac Address: 4e:a7:39:cd:10:d2 
	 Name in network: GETINO.home 
	 Given name: None 
	 Allowed on network: None
Log: 2023-04-13 10:42:04.071174 
	 Mac Address: ee:25:61:93:dc:ce 
	 Name in network:  
	 Given name: None 
	 Allowed on network: None
Log: 2023-04-13 10:42:04.071259 
	 Mac Address: 34:25:be:f1:94:27 
	 Name in network:  
	 Given name: None 
	 Allowed on network: None
Log: 2023-04-13 10:42:04.071342 
	 Mac Address: 90:32:4b:94:3a:8b 
	 Name in network: DESKTOP-TVQ3456.home 
	 Given name: None 
	 Allowed on network: None
Log: 2023-04-13 10:42:04.071426 
	 Mac Address: None 
	 Name in network: raspberrypi.home 
	 Given name: None 
	 Allowed on network: None
Log: 2023-04-13 10:42:04.071509 
	 Mac Address: 84:ef:18:a2:22:5e 
	 Name in network: LAPTOP-QR73OQRL.home 
	 Given name: None 
	 Allowed on network: None
Log: 2023-04-13 10:42:04.071590 
	 Mac Address: 78:f2:35:84:96:d2 
	 Name in network: MITV.home 
	 Given name: None 
	 Allowed on network: None
Log: 2023-04-13 10:42:04.071672 
	 Mac Address: d4:8a:3b:12:54:b0 
	 Name in network:  
	 Given name: None 
	 Allowed on network: None
Log: 2023-04-13 10:42:04.071757 
	 Mac Address: a0:9f:10:1a:bd:fc 
	 Name in network:  
	 Given name: None 
	 Allowed on network: None
Log: 2023-04-13 10:43:06.505463 
	 Mac Address: 94:6a:b0:5c:3b:29 
	 Name in network: liveboxfibra 
	 Given name: Router of Pruden 
	 Allowed on network: True
Log: 2023-04-13 10:43:06.505543 
	 Mac Address: 18:60:24:33:42:fa 
	 Name in network: HP3342FA.home 
	 Given name: Impresora of Angel 
	 Allowed on network: True
Log: 2023-04-13 10:43:06.512464 
	 Mac Address: 4e:a7:39:cd:10:d2 
	 Name in network: GETINO.home 
	 Given name: None 
	 Allowed on network: None
Log: 2023-04-13 10:43:06.512555 
	 Mac Address: ee:25:61:93:dc:ce 
	 Name in network:  
	 Given name: None 
	 Allowed on network: None
Log: 2023-04-13 10:43:06.512638 
	 Mac Address: 34:25:be:f1:94:27 
	 Name in network:  
	 Given name: None 
	 Allowed on network: None
Log: 2023-04-13 10:43:06.512722 
	 Mac Address: 90:32:4b:94:3a:8b 
	 Name in network: DESKTOP-TVQ3456.home 
	 Given name: None 
	 Allowed on network: None
Log: 2023-04-13 10:43:06.512805 
	 Mac Address: None 
	 Name in network: raspberrypi.home 
	 Given name: None 
	 Allowed on network: None
Log: 2023-04-13 10:43:06.512889 
	 Mac Address: 84:ef:18:a2:22:5e 
	 Name in network: LAPTOP-QR73OQRL.home 
	 Given name: None 
	 Allowed on network: None
Log: 2023-04-13 10:43:06.512972 
	 Mac Address: 78:f2:35:84:96:d2 
	 Name in network: MITV.home 
	 Given name: None 
	 Allowed on network: None
Log: 2023-04-13 10:43:06.513053 
	 Mac Address: d4:8a:3b:12:54:b0 
	 Name in network:  
	 Given name: None 
	 Allowed on network: None
Log: 2023-04-13 10:43:06.513169 
	 Mac Address: a0:9f:10:1a:bd:fc 
	 Name in network:  
	 Given name: None 
	 Allowed on network: None
Log: 2023-04-13 10:43:25.105272 
	 Mac Address: 94:6a:b0:5c:3b:29 
	 Name in network: liveboxfibra 
	 Given name: Router of Pruden 
	 Allowed on network: True
Log: 2023-04-13 10:43:25.105351 
	 Mac Address: 18:60:24:33:42:fa 
	 Name in network: HP3342FA.home 
	 Given name: Impresora of Angel 
	 Allowed on network: True
Log: 2023-04-13 10:43:25.112364 
	 Mac Address: 4e:a7:39:cd:10:d2 
	 Name in network: GETINO.home 
	 Given name: None 
	 Allowed on network: None
Log: 2023-04-13 10:43:25.112454 
	 Mac Address: ee:25:61:93:dc:ce 
	 Name in network:  
	 Given name: None 
	 Allowed on network: None
Log: 2023-04-13 10:43:25.112538 
	 Mac Address: 34:25:be:f1:94:27 
	 Name in network:  
	 Given name: None 
	 Allowed on network: None
Log: 2023-04-13 10:43:25.112621 
	 Mac Address: 90:32:4b:94:3a:8b 
	 Name in network: DESKTOP-TVQ3456.home 
	 Given name: None 
	 Allowed on network: None
Log: 2023-04-13 10:43:25.112705 
	 Mac Address: None 
	 Name in network: raspberrypi.home 
	 Given name: None 
	 Allowed on network: None
Log: 2023-04-13 10:43:25.112788 
	 Mac Address: 84:ef:18:a2:22:5e 
	 Name in network: LAPTOP-QR73OQRL.home 
	 Given name: None 
	 Allowed on network: None
Log: 2023-04-13 10:43:25.112871 
	 Mac Address: 78:f2:35:84:96:d2 
	 Name in network: MITV.home 
	 Given name: None 
	 Allowed on network: None
Log: 2023-04-13 10:43:25.112953 
	 Mac Address: d4:8a:3b:12:54:b0 
	 Name in network:  
	 Given name: None 
	 Allowed on network: None
Log: 2023-04-13 10:43:25.113034 
	 Mac Address: a0:9f:10:1a:bd:fc 
	 Name in network:  
	 Given name: None 
	 Allowed on network: None
Log: 2023-04-13 10:46:04.828426 
	 Mac Address: 94:6a:b0:5c:3b:29 
	 Name in network: liveboxfibra 
	 Given name: Router of Pruden 
	 Allowed on network: True
Log: 2023-04-13 10:46:04.828508 
	 Mac Address: 18:60:24:33:42:fa 
	 Name in network: HP3342FA.home 
	 Given name: Impresora of Angel 
	 Allowed on network: True
Log: 2023-04-13 10:46:04.835660 
	 Mac Address: 4e:a7:39:cd:10:d2 
	 Name in network: GETINO.home 
	 Given name: None 
	 Allowed on network: None
Log: 2023-04-13 10:46:04.835751 
	 Mac Address: 34:25:be:f1:94:27 
	 Name in network:  
	 Given name: None 
	 Allowed on network: None
Log: 2023-04-13 10:46:04.835835 
	 Mac Address: 90:32:4b:94:3a:8b 
	 Name in network: DESKTOP-TVQ3456.home 
	 Given name: None 
	 Allowed on network: None
Log: 2023-04-13 10:46:04.835919 
	 Mac Address: None 
	 Name in network: raspberrypi.home 
	 Given name: None 
	 Allowed on network: None
Log: 2023-04-13 10:46:04.836003 
	 Mac Address: 84:ef:18:a2:22:5e 
	 Name in network: LAPTOP-QR73OQRL.home 
	 Given name: None 
	 Allowed on network: None
Log: 2023-04-13 10:46:04.836085 
	 Mac Address: 78:f2:35:84:96:d2 
	 Name in network: MITV.home 
	 Given name: None 
	 Allowed on network: None
Log: 2023-04-13 10:46:04.836166 
	 Mac Address: d4:8a:3b:12:54:b0 
	 Name in network:  
	 Given name: None 
	 Allowed on network: None
Log: 2023-04-13 10:46:04.836247 
	 Mac Address: a0:9f:10:1a:bd:fc 
	 Name in network:  
	 Given name: None 
	 Allowed on network: None
Log: 2023-04-13 10:52:05.578622 
	 Mac Address: 94:6a:b0:5c:3b:29 
	 Name in network: liveboxfibra 
	 Given name: Router of Pruden 
	 Allowed on network: True
Log: 2023-04-13 10:52:05.578703 
	 Mac Address: 18:60:24:33:42:fa 
	 Name in network: HP3342FA.home 
	 Given name: Impresora of Angel 
	 Allowed on network: True
Log: 2023-04-13 10:52:05.586793 
	 Mac Address: 90:32:4b:94:3a:8b 
	 Name in network: DESKTOP-TVQ3456.home 
	 Given name: None 
	 Allowed on network: None
Log: 2023-04-13 10:52:05.586894 
	 Mac Address: None 
	 Name in network: raspberrypi.home 
	 Given name: None 
	 Allowed on network: None
Log: 2023-04-13 10:52:05.586979 
	 Mac Address: 84:ef:18:a2:22:5e 
	 Name in network: LAPTOP-QR73OQRL.home 
	 Given name: None 
	 Allowed on network: None
Log: 2023-04-13 10:52:05.587063 
	 Mac Address: 78:f2:35:84:96:d2 
	 Name in network: MITV.home 
	 Given name: None 
	 Allowed on network: None
Log: 2023-04-13 10:52:05.587145 
	 Mac Address: d4:8a:3b:12:54:b0 
	 Name in network:  
	 Given name: None 
	 Allowed on network: None
Log: 2023-04-13 10:52:05.587225 
	 Mac Address: a0:9f:10:1a:bd:fc 
	 Name in network:  
	 Given name: None 
	 Allowed on network: None
Log: 2023-04-13 10:57:57.620865 
	 Mac Address: 94:6a:b0:5c:3b:29 
	 Name in network: liveboxfibra 
	 Given name: Router of Pruden 
	 Allowed on network: True
Log: 2023-04-13 10:57:57.620949 
	 Mac Address: 18:60:24:33:42:fa 
	 Name in network: HP3342FA.home 
	 Given name: Impresora of Angel 
	 Allowed on network: True
Log: 2023-04-13 10:57:57.628795 
	 Mac Address: 34:25:be:f1:94:27 
	 Name in network:  
	 Given name: None 
	 Allowed on network: None
Log: 2023-04-13 10:57:57.628904 
	 Mac Address: 90:32:4b:94:3a:8b 
	 Name in network: DESKTOP-TVQ3456.home 
	 Given name: None 
	 Allowed on network: None
Log: 2023-04-13 10:57:57.628990 
	 Mac Address: None 
	 Name in network: raspberrypi.home 
	 Given name: None 
	 Allowed on network: None
Log: 2023-04-13 10:57:57.629077 
	 Mac Address: 84:ef:18:a2:22:5e 
	 Name in network: LAPTOP-QR73OQRL.home 
	 Given name: None 
	 Allowed on network: None
Log: 2023-04-13 10:57:57.629159 
	 Mac Address: 78:f2:35:84:96:d2 
	 Name in network: MITV.home 
	 Given name: None 
	 Allowed on network: None
Log: 2023-04-13 10:57:57.629242 
	 Mac Address: d4:8a:3b:12:54:b0 
	 Name in network:  
	 Given name: None 
	 Allowed on network: None
Log: 2023-04-13 10:57:57.629323 
	 Mac Address: a0:9f:10:1a:bd:fc 
	 Name in network:  
	 Given name: None 
	 Allowed on network: None
Log: 2023-04-13 10:58:27.532670 
	 Mac Address: 94:6a:b0:5c:3b:29 
	 Name in network: liveboxfibra 
	 Given name: Router of Pruden 
	 Allowed on network: True
Log: 2023-04-13 10:58:27.532754 
	 Mac Address: 18:60:24:33:42:fa 
	 Name in network: HP3342FA.home 
	 Given name: Impresora of Angel 
	 Allowed on network: True
Log: 2023-04-13 10:58:27.540768 
	 Mac Address: 34:25:be:f1:94:27 
	 Name in network:  
	 Given name: None 
	 Allowed on network: None
Log: 2023-04-13 10:58:27.540874 
	 Mac Address: 90:32:4b:94:3a:8b 
	 Name in network: DESKTOP-TVQ3456.home 
	 Given name: None 
	 Allowed on network: None
Log: 2023-04-13 10:58:27.540959 
	 Mac Address: None 
	 Name in network: raspberrypi.home 
	 Given name: None 
	 Allowed on network: None
Log: 2023-04-13 10:58:27.541045 
	 Mac Address: 84:ef:18:a2:22:5e 
	 Name in network: LAPTOP-QR73OQRL.home 
	 Given name: None 
	 Allowed on network: None
Log: 2023-04-13 10:58:27.541127 
	 Mac Address: 72:52:cb:9e:ed:4a 
	 Name in network:  
	 Given name: None 
	 Allowed on network: None
Log: 2023-04-13 10:58:27.541209 
	 Mac Address: 78:f2:35:84:96:d2 
	 Name in network: MITV.home 
	 Given name: None 
	 Allowed on network: None
Log: 2023-04-13 10:58:27.541289 
	 Mac Address: d4:8a:3b:12:54:b0 
	 Name in network:  
	 Given name: None 
	 Allowed on network: None
Log: 2023-04-13 10:58:27.541369 
	 Mac Address: a0:9f:10:1a:bd:fc 
	 Name in network:  
	 Given name: None 
	 Allowed on network: None
Log: 2023-04-13 10:59:23.170956 
	 Mac Address: 94:6a:b0:5c:3b:29 
	 Name in network: liveboxfibra 
	 Given name: Router of Pruden 
	 Allowed on network: True
Log: 2023-04-13 10:59:23.171039 
	 Mac Address: 18:60:24:33:42:fa 
	 Name in network: HP3342FA.home 
	 Given name: Impresora of Angel 
	 Allowed on network: True
Log: 2023-04-13 10:59:23.179221 
	 Mac Address: 34:25:be:f1:94:27 
	 Name in network:  
	 Given name: None 
	 Allowed on network: None
Log: 2023-04-13 10:59:23.179420 
	 Mac Address: 90:32:4b:94:3a:8b 
	 Name in network: DESKTOP-TVQ3456.home 
	 Given name: None 
	 Allowed on network: None
Log: 2023-04-13 10:59:23.179597 
	 Mac Address: None 
	 Name in network: raspberrypi.home 
	 Given name: None 
	 Allowed on network: None
Log: 2023-04-13 10:59:23.179772 
	 Mac Address: 84:ef:18:a2:22:5e 
	 Name in network: LAPTOP-QR73OQRL.home 
	 Given name: None 
	 Allowed on network: None
Log: 2023-04-13 10:59:23.179945 
	 Mac Address: 78:f2:35:84:96:d2 
	 Name in network: MITV.home 
	 Given name: None 
	 Allowed on network: None
Log: 2023-04-13 10:59:23.180117 
	 Mac Address: d4:8a:3b:12:54:b0 
	 Name in network:  
	 Given name: None 
	 Allowed on network: None
Log: 2023-04-13 10:59:23.180286 
	 Mac Address: a0:9f:10:1a:bd:fc 
	 Name in network:  
	 Given name: None 
	 Allowed on network: None
Log: 2023-04-13 11:02:37.898981 
	 Mac Address: 94:6a:b0:5c:3b:29 
	 Name in network: liveboxfibra 
	 Given name: Router of Pruden 
	 Allowed on network: True
Log: 2023-04-13 11:02:37.899062 
	 Mac Address: 18:60:24:33:42:fa 
	 Name in network: HP3342FA.home 
	 Given name: Impresora of Angel 
	 Allowed on network: True
Log: 2023-04-13 11:02:37.907257 
	 Mac Address: 90:32:4b:94:3a:8b 
	 Name in network: DESKTOP-TVQ3456.home 
	 Given name: None 
	 Allowed on network: None
Log: 2023-04-13 11:02:37.907454 
	 Mac Address: None 
	 Name in network: raspberrypi.home 
	 Given name: None 
	 Allowed on network: None
Log: 2023-04-13 11:02:37.907633 
	 Mac Address: 84:ef:18:a2:22:5e 
	 Name in network: LAPTOP-QR73OQRL.home 
	 Given name: None 
	 Allowed on network: None
Log: 2023-04-13 11:02:37.907807 
	 Mac Address: 78:f2:35:84:96:d2 
	 Name in network: MITV.home 
	 Given name: None 
	 Allowed on network: None
Log: 2023-04-13 11:02:37.907979 
	 Mac Address: d4:8a:3b:12:54:b0 
	 Name in network:  
	 Given name: None 
	 Allowed on network: None
Log: 2023-04-13 11:02:37.908145 
	 Mac Address: a0:9f:10:1a:bd:fc 
	 Name in network:  
	 Given name: None 
	 Allowed on network: None
Log: 2023-04-13 11:03:15.588882 
	 Mac Address: 94:6a:b0:5c:3b:29 
	 Name in network: liveboxfibra 
	 Given name: Router of Pruden 
	 Allowed on network: True
Log: 2023-04-13 11:03:15.588964 
	 Mac Address: 18:60:24:33:42:fa 
	 Name in network: HP3342FA.home 
	 Given name: Impresora of Angel 
	 Allowed on network: True
Log: 2023-04-13 11:03:15.597082 
	 Mac Address: 90:32:4b:94:3a:8b 
	 Name in network: DESKTOP-TVQ3456.home 
	 Given name: None 
	 Allowed on network: None
Log: 2023-04-13 11:03:15.597186 
	 Mac Address: None 
	 Name in network: raspberrypi.home 
	 Given name: None 
	 Allowed on network: None
Log: 2023-04-13 11:03:15.597271 
	 Mac Address: 84:ef:18:a2:22:5e 
	 Name in network: LAPTOP-QR73OQRL.home 
	 Given name: None 
	 Allowed on network: None
Log: 2023-04-13 11:03:15.597354 
	 Mac Address: 78:f2:35:84:96:d2 
	 Name in network: MITV.home 
	 Given name: None 
	 Allowed on network: None
Log: 2023-04-13 11:03:15.597436 
	 Mac Address: d4:8a:3b:12:54:b0 
	 Name in network:  
	 Given name: None 
	 Allowed on network: None
Log: 2023-04-13 11:03:15.597517 
	 Mac Address: a0:9f:10:1a:bd:fc 
	 Name in network:  
	 Given name: None 
	 Allowed on network: None
Log: 2023-04-13 11:04:07.368071 
	 Mac Address: 94:6a:b0:5c:3b:29 
	 Name in network: liveboxfibra 
	 Given name: Router of Pruden 
	 Allowed on network: True
Log: 2023-04-13 11:04:07.368151 
	 Mac Address: 18:60:24:33:42:fa 
	 Name in network: HP3342FA.home 
	 Given name: Impresora of Angel 
	 Allowed on network: True
Log: 2023-04-13 11:04:07.376274 
	 Mac Address: 90:32:4b:94:3a:8b 
	 Name in network: DESKTOP-TVQ3456.home 
	 Given name: None 
	 Allowed on network: None
Log: 2023-04-13 11:04:07.376373 
	 Mac Address: None 
	 Name in network: raspberrypi.home 
	 Given name: None 
	 Allowed on network: None
Log: 2023-04-13 11:04:07.376458 
	 Mac Address: 84:ef:18:a2:22:5e 
	 Name in network: LAPTOP-QR73OQRL.home 
	 Given name: None 
	 Allowed on network: None
Log: 2023-04-13 11:04:07.376542 
	 Mac Address: 78:f2:35:84:96:d2 
	 Name in network: MITV.home 
	 Given name: None 
	 Allowed on network: None
Log: 2023-04-13 11:04:07.376624 
	 Mac Address: d4:8a:3b:12:54:b0 
	 Name in network:  
	 Given name: None 
	 Allowed on network: None
Log: 2023-04-13 11:04:07.376705 
	 Mac Address: a0:9f:10:1a:bd:fc 
	 Name in network:  
	 Given name: None 
	 Allowed on network: None
Log: 2023-04-13 11:05:05.820290 
	 Mac Address: 94:6a:b0:5c:3b:29 
	 Name in network: liveboxfibra 
	 Given name: Router of Pruden 
	 Allowed on network: True
Log: 2023-04-13 11:05:05.820370 
	 Mac Address: 90:32:4b:94:3a:8b 
	 Name in network: DESKTOP-TVQ3456.home 
	 Given name: ordenador of jesus 
	 Allowed on network: True
Log: 2023-04-13 11:05:05.820448 
	 Mac Address: 18:60:24:33:42:fa 
	 Name in network: HP3342FA.home 
	 Given name: Impresora of Angel 
	 Allowed on network: True
Log: 2023-04-13 11:05:05.833024 
	 Mac Address: 34:25:be:f1:94:27 
	 Name in network:  
	 Given name: None 
	 Allowed on network: None
Log: 2023-04-13 11:05:05.833153 
	 Mac Address: None 
	 Name in network: raspberrypi.home 
	 Given name: None 
	 Allowed on network: None
Log: 2023-04-13 11:05:05.833239 
	 Mac Address: 84:ef:18:a2:22:5e 
	 Name in network: LAPTOP-QR73OQRL.home 
	 Given name: None 
	 Allowed on network: None
Log: 2023-04-13 11:05:05.833322 
	 Mac Address: 78:f2:35:84:96:d2 
	 Name in network: MITV.home 
	 Given name: None 
	 Allowed on network: None
Log: 2023-04-13 11:05:05.833405 
	 Mac Address: d4:8a:3b:12:54:b0 
	 Name in network:  
	 Given name: None 
	 Allowed on network: None
Log: 2023-04-13 11:05:05.833487 
	 Mac Address: a0:9f:10:1a:bd:fc 
	 Name in network:  
	 Given name: None 
	 Allowed on network: None
Log: 2023-04-13 11:05:23.210228 
	 Mac Address: 94:6a:b0:5c:3b:29 
	 Name in network: liveboxfibra 
	 Given name: Router of Pruden 
	 Allowed on network: True
Log: 2023-04-13 11:05:23.210308 
	 Mac Address: 18:60:24:33:42:fa 
	 Name in network: HP3342FA.home 
	 Given name: Impresora of Angel 
	 Allowed on network: True
Log: 2023-04-13 11:05:23.219822 
	 Mac Address: ee:25:61:93:dc:ce 
	 Name in network:  
	 Given name: None 
	 Allowed on network: None
Log: 2023-04-13 11:05:23.219919 
	 Mac Address: 90:32:4b:94:3a:8b 
	 Name in network: DESKTOP-TVQ3456.home 
	 Given name: None 
	 Allowed on network: None
Log: 2023-04-13 11:05:23.220004 
	 Mac Address: None 
	 Name in network: raspberrypi.home 
	 Given name: None 
	 Allowed on network: None
Log: 2023-04-13 11:05:23.220090 
	 Mac Address: 84:ef:18:a2:22:5e 
	 Name in network: LAPTOP-QR73OQRL.home 
	 Given name: None 
	 Allowed on network: None
Log: 2023-04-13 11:05:23.220172 
	 Mac Address: 78:f2:35:84:96:d2 
	 Name in network: MITV.home 
	 Given name: None 
	 Allowed on network: None
Log: 2023-04-13 11:05:23.220255 
	 Mac Address: d4:8a:3b:12:54:b0 
	 Name in network:  
	 Given name: None 
	 Allowed on network: None
Log: 2023-04-13 11:05:23.220335 
	 Mac Address: a0:9f:10:1a:bd:fc 
	 Name in network:  
	 Given name: None 
	 Allowed on network: None
Log: 2023-04-13 11:10:55.291289 
	 Mac Address: 94:6a:b0:5c:3b:29 
	 Name in network: liveboxfibra 
	 Given name: Router of Pruden 
	 Allowed on network: True 
	 Tiempo conectado: 2023-04-13 11:10:55.291299
Log: 2023-04-13 11:10:55.291390 
	 Mac Address: 18:60:24:33:42:fa 
	 Name in network: HP3342FA.home 
	 Given name: Impresora of Angel 
	 Allowed on network: True 
	 Tiempo conectado: 2023-04-13 11:10:55.291400
Log: 2023-04-13 11:10:55.299337 
	 Mac Address: 90:32:4b:94:3a:8b 
	 Name in network: DESKTOP-TVQ3456.home 
	 Given name: None 
	 Allowed on network: None 
	 Tiempo conectado: 2023-04-13 11:10:55.299347
Log: 2023-04-13 11:10:55.299461 
	 Mac Address: None 
	 Name in network: raspberrypi.home 
	 Given name: None 
	 Allowed on network: None 
	 Tiempo conectado: 2023-04-13 11:10:55.299470
Log: 2023-04-13 11:10:55.299566 
	 Mac Address: 84:ef:18:a2:22:5e 
	 Name in network: LAPTOP-QR73OQRL.home 
	 Given name: None 
	 Allowed on network: None 
	 Tiempo conectado: 2023-04-13 11:10:55.299575
Log: 2023-04-13 11:10:55.299666 
	 Mac Address: 72:52:cb:9e:ed:4a 
	 Name in network:  
	 Given name: None 
	 Allowed on network: None 
	 Tiempo conectado: 2023-04-13 11:10:55.299675
Log: 2023-04-13 11:10:55.299766 
	 Mac Address: 78:f2:35:84:96:d2 
	 Name in network: MITV.home 
	 Given name: None 
	 Allowed on network: None 
	 Tiempo conectado: 2023-04-13 11:10:55.299775
Log: 2023-04-13 11:10:55.299864 
	 Mac Address: d4:8a:3b:12:54:b0 
	 Name in network:  
	 Given name: None 
	 Allowed on network: None 
	 Tiempo conectado: 2023-04-13 11:10:55.299874
Log: 2023-04-13 11:10:55.299964 
	 Mac Address: a0:9f:10:1a:bd:fc 
	 Name in network:  
	 Given name: None 
	 Allowed on network: None 
	 Tiempo conectado: 2023-04-13 11:10:55.299973
