{
    "0": [
        {
            "94:6a:b0:5c:3b:29": 1,
            "4e:a7:39:cd:10:d2": 1,
            "f0:72:ea:e5:e5:7a": 1,
            "34:25:be:f1:94:27": 1,
            "90:32:4b:94:3a:8b": 1,
            "null": 1,
            "18:60:24:33:42:fa": 1,
            "b8:76:3f:48:a3:0c": 1,
            "a0:9f:10:1a:bd:fc": 1
        },
        {
            "94:6a:b0:5c:3b:29": 1,
            "4e:a7:39:cd:10:d2": 1,
            "ee:25:61:93:dc:ce": 1,
            "f0:72:ea:e5:e5:7a": 1,
            "34:25:be:f1:94:27": 1,
            "90:32:4b:94:3a:8b": 1,
            "null": 1,
            "18:60:24:33:42:fa": 1,
            "5c:0c:e6:7f:6e:1e": 1,
            "b8:76:3f:48:a3:0c": 1,
            "a0:9f:10:1a:bd:fc": 1
        },
        {
            "94:6a:b0:5c:3b:29": 1,
            "4e:a7:39:cd:10:d2": 1,
            "ee:25:61:93:dc:ce": 1,
            "f0:72:ea:e5:e5:7a": 1,
            "34:25:be:f1:94:27": 1,
            "90:32:4b:94:3a:8b": 1,
            "ea:fd:36:8c:10:30": 1,
            "null": 1,
            "18:60:24:33:42:fa": 1,
            "5c:0c:e6:7f:6e:1e": 1,
            "b8:76:3f:48:a3:0c": 1,
            "a0:9f:10:1a:bd:fc": 1
        },
        {
            "94:6a:b0:5c:3b:29": 1,
            "4e:a7:39:cd:10:d2": 1,
            "ee:25:61:93:dc:ce": 1,
            "f0:72:ea:e5:e5:7a": 1,
            "34:25:be:f1:94:27": 1,
            "f8:8f:07:42:7f:e6": 1,
            "90:32:4b:94:3a:8b": 1,
            "ea:fd:36:8c:10:30": 1,
            "null": 1,
            "18:60:24:33:42:fa": 1,
            "5c:0c:e6:7f:6e:1e": 1,
            "b8:76:3f:48:a3:0c": 1,
            "a0:9f:10:1a:bd:fc": 1
        }
    ],
    "1": [
        {
            "94:6a:b0:5c:3b:29": 1,
            "4e:a7:39:cd:10:d2": 1,
            "f0:72:ea:e5:e5:7a": 1,
            "90:32:4b:94:3a:8b": 1,
            "ea:fd:36:8c:10:30": 1,
            "null": 1,
            "18:60:24:33:42:fa": 1,
            "5c:0c:e6:7f:6e:1e": 1,
            "b8:76:3f:48:a3:0c": 1,
            "a0:9f:10:1a:bd:fc": 1
        },
        {
            "94:6a:b0:5c:3b:29": 1,
            "4e:a7:39:cd:10:d2": 1,
            "ee:25:61:93:dc:ce": 1,
            "f0:72:ea:e5:e5:7a": 1,
            "34:25:be:f1:94:27": 1,
            "90:32:4b:94:3a:8b": 1,
            "null": 1,
            "18:60:24:33:42:fa": 1,
            "5c:0c:e6:7f:6e:1e": 1,
            "72:52:cb:9e:ed:4a": 1,
            "b8:76:3f:48:a3:0c": 1,
            "a0:9f:10:1a:bd:fc": 1
        },
        {
            "94:6a:b0:5c:3b:29": 1,
            "4e:a7:39:cd:10:d2": 1,
            "f0:72:ea:e5:e5:7a": 1,
            "34:25:be:f1:94:27": 1,
            "90:32:4b:94:3a:8b": 1,
            "null": 1,
            "18:60:24:33:42:fa": 1,
            "5c:0c:e6:7f:6e:1e": 1,
            "b8:76:3f:48:a3:0c": 1,
            "a0:9f:10:1a:bd:fc": 1
        },
        {
            "94:6a:b0:5c:3b:29": 1,
            "4e:a7:39:cd:10:d2": 1,
            "ee:25:61:93:dc:ce": 1,
            "f0:72:ea:e5:e5:7a": 1,
            "34:25:be:f1:94:27": 1,
            "90:32:4b:94:3a:8b": 1,
            "null": 1,
            "18:60:24:33:42:fa": 1,
            "5c:0c:e6:7f:6e:1e": 1,
            "b8:76:3f:48:a3:0c": 1,
            "a0:9f:10:1a:bd:fc": 1
        }
    ],
    "2": [
        {
            "94:6a:b0:5c:3b:29": 1,
            "4e:a7:39:cd:10:d2": 1,
            "ee:25:61:93:dc:ce": 1,
            "f0:72:ea:e5:e5:7a": 1,
            "34:25:be:f1:94:27": 1,
            "f8:8f:07:42:7f:e6": 1,
            "90:32:4b:94:3a:8b": 1,
            "null": 1,
            "18:60:24:33:42:fa": 1,
            "5c:0c:e6:7f:6e:1e": 1,
            "b8:76:3f:48:a3:0c": 1,
            "a0:9f:10:1a:bd:fc": 1
        },
        {
            "94:6a:b0:5c:3b:29": 1,
            "4e:a7:39:cd:10:d2": 1,
            "ee:25:61:93:dc:ce": 1,
            "34:25:be:f1:94:27": 1,
            "90:32:4b:94:3a:8b": 1,
            "null": 1,
            "18:60:24:33:42:fa": 1,
            "5c:0c:e6:7f:6e:1e": 1,
            "72:52:cb:9e:ed:4a": 1,
            "b8:76:3f:48:a3:0c": 1,
            "a0:9f:10:1a:bd:fc": 1
        },
        {
            "94:6a:b0:5c:3b:29": 1,
            "ee:25:61:93:dc:ce": 1,
            "f0:72:ea:e5:e5:7a": 1,
            "34:25:be:f1:94:27": 1,
            "90:32:4b:94:3a:8b": 1,
            "null": 1,
            "18:60:24:33:42:fa": 1,
            "b8:76:3f:48:a3:0c": 1,
            "a0:9f:10:1a:bd:fc": 1
        },
        {
            "94:6a:b0:5c:3b:29": 1,
            "ee:25:61:93:dc:ce": 1,
            "f0:72:ea:e5:e5:7a": 1,
            "34:25:be:f1:94:27": 1,
            "90:32:4b:94:3a:8b": 1,
            "null": 1,
            "18:60:24:33:42:fa": 1,
            "72:52:cb:9e:ed:4a": 1,
            "b8:76:3f:48:a3:0c": 1,
            "a0:9f:10:1a:bd:fc": 1
        }
    ],
    "3": [
        {
            "94:6a:b0:5c:3b:29": 1,
            "4e:a7:39:cd:10:d2": 1,
            "ee:25:61:93:dc:ce": 1,
            "f0:72:ea:e5:e5:7a": 1,
            "34:25:be:f1:94:27": 1,
            "90:32:4b:94:3a:8b": 1,
            "null": 1,
            "18:60:24:33:42:fa": 1,
            "5c:0c:e6:7f:6e:1e": 1,
            "72:52:cb:9e:ed:4a": 1,
            "b8:76:3f:48:a3:0c": 1,
            "a0:9f:10:1a:bd:fc": 1
        },
        {
            "94:6a:b0:5c:3b:29": 1,
            "4e:a7:39:cd:10:d2": 1,
            "ee:25:61:93:dc:ce": 1,
            "f0:72:ea:e5:e5:7a": 1,
            "34:25:be:f1:94:27": 1,
            "f8:8f:07:42:7f:e6": 1,
            "90:32:4b:94:3a:8b": 1,
            "null": 1,
            "18:60:24:33:42:fa": 1,
            "5c:0c:e6:7f:6e:1e": 1,
            "72:52:cb:9e:ed:4a": 1,
            "b8:76:3f:48:a3:0c": 1,
            "a0:9f:10:1a:bd:fc": 1
        },
        {
            "94:6a:b0:5c:3b:29": 1,
            "ee:25:61:93:dc:ce": 1,
            "f0:72:ea:e5:e5:7a": 1,
            "34:25:be:f1:94:27": 1,
            "90:32:4b:94:3a:8b": 1,
            "ea:fd:36:8c:10:30": 1,
            "null": 1,
            "18:60:24:33:42:fa": 1,
            "b8:76:3f:48:a3:0c": 1,
            "a0:9f:10:1a:bd:fc": 1
        },
        {
            "94:6a:b0:5c:3b:29": 1,
            "4e:a7:39:cd:10:d2": 1,
            "ee:25:61:93:dc:ce": 1,
            "f0:72:ea:e5:e5:7a": 1,
            "34:25:be:f1:94:27": 1,
            "90:32:4b:94:3a:8b": 1,
            "null": 1,
            "18:60:24:33:42:fa": 1,
            "5c:0c:e6:7f:6e:1e": 1,
            "b8:76:3f:48:a3:0c": 1,
            "a0:9f:10:1a:bd:fc": 1
        }
    ],
    "4": [
        {
            "94:6a:b0:5c:3b:29": 1,
            "4e:a7:39:cd:10:d2": 1,
            "f0:72:ea:e5:e5:7a": 1,
            "34:25:be:f1:94:27": 1,
            "90:32:4b:94:3a:8b": 1,
            "null": 1,
            "18:60:24:33:42:fa": 1,
            "b8:76:3f:48:a3:0c": 1,
            "a0:9f:10:1a:bd:fc": 1
        },
        {
            "94:6a:b0:5c:3b:29": 1,
            "4e:a7:39:cd:10:d2": 1,
            "ee:25:61:93:dc:ce": 1,
            "f0:72:ea:e5:e5:7a": 1,
            "90:32:4b:94:3a:8b": 1,
            "null": 1,
            "18:60:24:33:42:fa": 1,
            "b8:76:3f:48:a3:0c": 1,
            "a0:9f:10:1a:bd:fc": 1
        },
        {
            "94:6a:b0:5c:3b:29": 1,
            "4e:a7:39:cd:10:d2": 1,
            "ee:25:61:93:dc:ce": 1,
            "f0:72:ea:e5:e5:7a": 1,
            "34:25:be:f1:94:27": 1,
            "f8:8f:07:42:7f:e6": 1,
            "90:32:4b:94:3a:8b": 1,
            "null": 1,
            "18:60:24:33:42:fa": 1,
            "72:52:cb:9e:ed:4a": 1,
            "b8:76:3f:48:a3:0c": 1,
            "a0:9f:10:1a:bd:fc": 1
        },
        {
            "94:6a:b0:5c:3b:29": 1,
            "4e:a7:39:cd:10:d2": 1,
            "ee:25:61:93:dc:ce": 1,
            "f0:72:ea:e5:e5:7a": 1,
            "34:25:be:f1:94:27": 1,
            "90:32:4b:94:3a:8b": 1,
            "ea:fd:36:8c:10:30": 1,
            "null": 1,
            "18:60:24:33:42:fa": 1,
            "b8:76:3f:48:a3:0c": 1,
            "a0:9f:10:1a:bd:fc": 1
        }
    ]
}