Log: 2023-04-10 20:23:12.222398 
	 Mac Address: 94:6a:b0:5c:3b:29 
	 Name in network: liveboxfibra 
	 Given name: Router of Pruden 
	 Allowed on network: True
Log: 2023-04-10 20:23:12.222602 
	 Mac Address: 18:60:24:33:42:fa 
	 Name in network: HP3342FA.home 
	 Given name: Impresora of Angel 
	 Allowed on network: True
Log: 2023-04-10 20:23:12.227254 
	 Mac Address: 4e:a7:39:cd:10:d2 
	 Name in network: GETINO.home 
	 Given name: None 
	 Allowed on network: None
Log: 2023-04-10 20:23:12.227410 
	 Mac Address: ee:25:61:93:dc:ce 
	 Name in network:  
	 Given name: None 
	 Allowed on network: None
Log: 2023-04-10 20:23:12.227519 
	 Mac Address: 34:25:be:f1:94:27 
	 Name in network:  
	 Given name: None 
	 Allowed on network: None
Log: 2023-04-10 20:23:12.227614 
	 Mac Address: f8:8f:07:42:7f:e6 
	 Name in network: GalaxyWatchActive2-FFE5.home 
	 Given name: None 
	 Allowed on network: None
Log: 2023-04-10 20:23:12.227707 
	 Mac Address: ea:fd:36:8c:10:30 
	 Name in network: Galaxy-S9-de-NURIA-ISABEL.home 
	 Given name: None 
	 Allowed on network: None
Log: 2023-04-10 20:23:12.227799 
	 Mac Address: None 
	 Name in network:  
	 Given name: None 
	 Allowed on network: None
Log: 2023-04-10 20:23:12.227897 
	 Mac Address: d4:8a:3b:12:54:b0 
	 Name in network:  
	 Given name: None 
	 Allowed on network: None
Log: 2023-04-10 20:23:12.227987 
	 Mac Address: a0:9f:10:1a:bd:fc 
	 Name in network:  
	 Given name: None 
	 Allowed on network: None
Log: 2023-04-10 20:23:25.669876 
	 Mac Address: 94:6a:b0:5c:3b:29 
	 Name in network: liveboxfibra 
	 Given name: Router of Pruden 
	 Allowed on network: True
Log: 2023-04-10 20:23:25.670090 
	 Mac Address: 18:60:24:33:42:fa 
	 Name in network: HP3342FA.home 
	 Given name: Impresora of Angel 
	 Allowed on network: True
Log: 2023-04-10 20:23:25.674830 
	 Mac Address: 4e:a7:39:cd:10:d2 
	 Name in network: GETINO.home 
	 Given name: None 
	 Allowed on network: None
Log: 2023-04-10 20:23:25.674973 
	 Mac Address: ee:25:61:93:dc:ce 
	 Name in network:  
	 Given name: None 
	 Allowed on network: None
Log: 2023-04-10 20:23:25.675081 
	 Mac Address: 34:25:be:f1:94:27 
	 Name in network:  
	 Given name: None 
	 Allowed on network: None
Log: 2023-04-10 20:23:25.675173 
	 Mac Address: f8:8f:07:42:7f:e6 
	 Name in network: GalaxyWatchActive2-FFE5.home 
	 Given name: None 
	 Allowed on network: None
Log: 2023-04-10 20:23:25.675266 
	 Mac Address: ea:fd:36:8c:10:30 
	 Name in network: Galaxy-S9-de-NURIA-ISABEL.home 
	 Given name: None 
	 Allowed on network: None
Log: 2023-04-10 20:23:25.675356 
	 Mac Address: None 
	 Name in network:  
	 Given name: None 
	 Allowed on network: None
Log: 2023-04-10 20:23:25.675452 
	 Mac Address: d4:8a:3b:12:54:b0 
	 Name in network:  
	 Given name: None 
	 Allowed on network: None
Log: 2023-04-10 20:23:25.675541 
	 Mac Address: a0:9f:10:1a:bd:fc 
	 Name in network:  
	 Given name: None 
	 Allowed on network: None
Log: 2023-04-10 21:18:40.440895 
	 Mac Address: 94:6a:b0:5c:3b:29 
	 Name in network: liveboxfibra 
	 Given name: Router of Pruden 
	 Allowed on network: True
Log: 2023-04-10 21:18:40.441037 
	 Mac Address: 18:60:24:33:42:fa 
	 Name in network: HP3342FA.home 
	 Given name: Impresora of Angel 
	 Allowed on network: True
Log: 2023-04-10 21:18:40.447507 
	 Mac Address: 4e:a7:39:cd:10:d2 
	 Name in network: GETINO.home 
	 Given name: None 
	 Allowed on network: None
Log: 2023-04-10 21:18:40.447686 
	 Mac Address: ee:25:61:93:dc:ce 
	 Name in network:  
	 Given name: None 
	 Allowed on network: None
Log: 2023-04-10 21:18:40.447753 
	 Mac Address: 34:25:be:f1:94:27 
	 Name in network:  
	 Given name: None 
	 Allowed on network: None
Log: 2023-04-10 21:18:40.447816 
	 Mac Address: f8:8f:07:42:7f:e6 
	 Name in network: GalaxyWatchActive2-FFE5.home 
	 Given name: None 
	 Allowed on network: None
Log: 2023-04-10 21:18:40.447889 
	 Mac Address: 90:32:4b:94:3a:8b 
	 Name in network: DESKTOP-TVQ3456.home 
	 Given name: None 
	 Allowed on network: None
Log: 2023-04-10 21:18:40.447950 
	 Mac Address: ea:fd:36:8c:10:30 
	 Name in network: Galaxy-S9-de-NURIA-ISABEL.home 
	 Given name: None 
	 Allowed on network: None
Log: 2023-04-10 21:18:40.448010 
	 Mac Address: None 
	 Name in network:  
	 Given name: None 
	 Allowed on network: None
Log: 2023-04-10 21:18:40.448084 
	 Mac Address: 84:ef:18:a2:22:5e 
	 Name in network: LAPTOP-QR73OQRL.home 
	 Given name: None 
	 Allowed on network: None
Log: 2023-04-10 21:18:40.448156 
	 Mac Address: d4:8a:3b:12:54:b0 
	 Name in network:  
	 Given name: None 
	 Allowed on network: None
Log: 2023-04-10 21:18:40.448215 
	 Mac Address: a0:9f:10:1a:bd:fc 
	 Name in network:  
	 Given name: None 
	 Allowed on network: None
Log: 2023-04-10 21:20:19.228676 
	 Mac Address: 94:6a:b0:5c:3b:29 
	 Name in network: liveboxfibra 
	 Given name: Router of Pruden 
	 Allowed on network: True
Log: 2023-04-10 21:20:19.228832 
	 Mac Address: 18:60:24:33:42:fa 
	 Name in network: HP3342FA.home 
	 Given name: Impresora of Angel 
	 Allowed on network: True
Log: 2023-04-10 21:20:19.235606 
	 Mac Address: 4e:a7:39:cd:10:d2 
	 Name in network: GETINO.home 
	 Given name: None 
	 Allowed on network: None
Log: 2023-04-10 21:20:19.235755 
	 Mac Address: ee:25:61:93:dc:ce 
	 Name in network:  
	 Given name: None 
	 Allowed on network: None
Log: 2023-04-10 21:20:19.235818 
	 Mac Address: 34:25:be:f1:94:27 
	 Name in network:  
	 Given name: None 
	 Allowed on network: None
Log: 2023-04-10 21:20:19.235879 
	 Mac Address: 90:32:4b:94:3a:8b 
	 Name in network: DESKTOP-TVQ3456.home 
	 Given name: None 
	 Allowed on network: None
Log: 2023-04-10 21:20:19.235939 
	 Mac Address: ea:fd:36:8c:10:30 
	 Name in network: Galaxy-S9-de-NURIA-ISABEL.home 
	 Given name: None 
	 Allowed on network: None
Log: 2023-04-10 21:20:19.235999 
	 Mac Address: None 
	 Name in network:  
	 Given name: None 
	 Allowed on network: None
Log: 2023-04-10 21:20:19.236071 
	 Mac Address: 84:ef:18:a2:22:5e 
	 Name in network: LAPTOP-QR73OQRL.home 
	 Given name: None 
	 Allowed on network: None
Log: 2023-04-10 21:20:19.236129 
	 Mac Address: d4:8a:3b:12:54:b0 
	 Name in network:  
	 Given name: None 
	 Allowed on network: None
Log: 2023-04-10 21:20:19.236190 
	 Mac Address: a0:9f:10:1a:bd:fc 
	 Name in network:  
	 Given name: None 
	 Allowed on network: None
Log: 2023-04-10 21:20:52.108073 
	 Mac Address: 94:6a:b0:5c:3b:29 
	 Name in network: liveboxfibra 
	 Given name: Router of Pruden 
	 Allowed on network: True
Log: 2023-04-10 21:20:52.108219 
	 Mac Address: 18:60:24:33:42:fa 
	 Name in network: HP3342FA.home 
	 Given name: Impresora of Angel 
	 Allowed on network: True
Log: 2023-04-10 21:20:52.114599 
	 Mac Address: 90:32:4b:94:3a:8b 
	 Name in network: DESKTOP-TVQ3456.home 
	 Given name: None 
	 Allowed on network: None
Log: 2023-04-10 21:20:52.114717 
	 Mac Address: None 
	 Name in network:  
	 Given name: None 
	 Allowed on network: None
Log: 2023-04-10 21:20:52.114791 
	 Mac Address: 84:ef:18:a2:22:5e 
	 Name in network: LAPTOP-QR73OQRL.home 
	 Given name: None 
	 Allowed on network: None
Log: 2023-04-10 21:20:52.114854 
	 Mac Address: d4:8a:3b:12:54:b0 
	 Name in network:  
	 Given name: None 
	 Allowed on network: None
Log: 2023-04-10 21:20:52.114914 
	 Mac Address: a0:9f:10:1a:bd:fc 
	 Name in network:  
	 Given name: None 
	 Allowed on network: None
Log: 2023-04-10 21:20:55.770407 
	 Mac Address: 94:6a:b0:5c:3b:29 
	 Name in network: liveboxfibra 
	 Given name: Router of Pruden 
	 Allowed on network: True
Log: 2023-04-10 21:20:55.770553 
	 Mac Address: 18:60:24:33:42:fa 
	 Name in network: HP3342FA.home 
	 Given name: Impresora of Angel 
	 Allowed on network: True
Log: 2023-04-10 21:20:55.778624 
	 Mac Address: 34:25:be:f1:94:27 
	 Name in network:  
	 Given name: None 
	 Allowed on network: None
Log: 2023-04-10 21:20:55.778727 
	 Mac Address: 90:32:4b:94:3a:8b 
	 Name in network: DESKTOP-TVQ3456.home 
	 Given name: None 
	 Allowed on network: None
Log: 2023-04-10 21:20:55.778789 
	 Mac Address: ea:fd:36:8c:10:30 
	 Name in network: Galaxy-S9-de-NURIA-ISABEL.home 
	 Given name: None 
	 Allowed on network: None
Log: 2023-04-10 21:20:55.778850 
	 Mac Address: None 
	 Name in network:  
	 Given name: None 
	 Allowed on network: None
Log: 2023-04-10 21:20:55.778924 
	 Mac Address: d4:8a:3b:12:54:b0 
	 Name in network:  
	 Given name: None 
	 Allowed on network: None
Log: 2023-04-10 21:20:55.778983 
	 Mac Address: a0:9f:10:1a:bd:fc 
	 Name in network:  
	 Given name: None 
	 Allowed on network: None
Log: 2023-04-10 21:20:58.932646 
	 Mac Address: 94:6a:b0:5c:3b:29 
	 Name in network: liveboxfibra 
	 Given name: Router of Pruden 
	 Allowed on network: True
Log: 2023-04-10 21:20:58.932788 
	 Mac Address: 18:60:24:33:42:fa 
	 Name in network: HP3342FA.home 
	 Given name: Impresora of Angel 
	 Allowed on network: True
Log: 2023-04-10 21:20:58.939140 
	 Mac Address: 34:25:be:f1:94:27 
	 Name in network:  
	 Given name: None 
	 Allowed on network: None
Log: 2023-04-10 21:20:58.939256 
	 Mac Address: 90:32:4b:94:3a:8b 
	 Name in network: DESKTOP-TVQ3456.home 
	 Given name: None 
	 Allowed on network: None
Log: 2023-04-10 21:20:58.939320 
	 Mac Address: ea:fd:36:8c:10:30 
	 Name in network: Galaxy-S9-de-NURIA-ISABEL.home 
	 Given name: None 
	 Allowed on network: None
Log: 2023-04-10 21:20:58.939382 
	 Mac Address: None 
	 Name in network:  
	 Given name: None 
	 Allowed on network: None
Log: 2023-04-10 21:20:58.939449 
	 Mac Address: 84:ef:18:a2:22:5e 
	 Name in network: LAPTOP-QR73OQRL.home 
	 Given name: None 
	 Allowed on network: None
Log: 2023-04-10 21:20:58.939509 
	 Mac Address: d4:8a:3b:12:54:b0 
	 Name in network:  
	 Given name: None 
	 Allowed on network: None
Log: 2023-04-10 21:20:58.939568 
	 Mac Address: a0:9f:10:1a:bd:fc 
	 Name in network:  
	 Given name: None 
	 Allowed on network: None
Log: 2023-04-10 21:21:02.725575 
	 Mac Address: 94:6a:b0:5c:3b:29 
	 Name in network: liveboxfibra 
	 Given name: Router of Pruden 
	 Allowed on network: True
Log: 2023-04-10 21:21:02.725719 
	 Mac Address: 18:60:24:33:42:fa 
	 Name in network: HP3342FA.home 
	 Given name: Impresora of Angel 
	 Allowed on network: True
Log: 2023-04-10 21:21:02.732051 
	 Mac Address: ee:25:61:93:dc:ce 
	 Name in network:  
	 Given name: None 
	 Allowed on network: None
Log: 2023-04-10 21:21:02.732165 
	 Mac Address: f8:8f:07:42:7f:e6 
	 Name in network: GalaxyWatchActive2-FFE5.home 
	 Given name: None 
	 Allowed on network: None
Log: 2023-04-10 21:21:02.732229 
	 Mac Address: 90:32:4b:94:3a:8b 
	 Name in network: DESKTOP-TVQ3456.home 
	 Given name: None 
	 Allowed on network: None
Log: 2023-04-10 21:21:02.732291 
	 Mac Address: ea:fd:36:8c:10:30 
	 Name in network: Galaxy-S9-de-NURIA-ISABEL.home 
	 Given name: None 
	 Allowed on network: None
Log: 2023-04-10 21:21:02.732353 
	 Mac Address: None 
	 Name in network:  
	 Given name: None 
	 Allowed on network: None
Log: 2023-04-10 21:21:02.732420 
	 Mac Address: 84:ef:18:a2:22:5e 
	 Name in network: LAPTOP-QR73OQRL.home 
	 Given name: None 
	 Allowed on network: None
Log: 2023-04-10 21:21:02.732479 
	 Mac Address: d4:8a:3b:12:54:b0 
	 Name in network:  
	 Given name: None 
	 Allowed on network: None
Log: 2023-04-10 21:21:02.732539 
	 Mac Address: a0:9f:10:1a:bd:fc 
	 Name in network:  
	 Given name: None 
	 Allowed on network: None
Log: 2023-04-10 21:21:05.869687 
	 Mac Address: 94:6a:b0:5c:3b:29 
	 Name in network: liveboxfibra 
	 Given name: Router of Pruden 
	 Allowed on network: True
Log: 2023-04-10 21:21:05.869836 
	 Mac Address: 18:60:24:33:42:fa 
	 Name in network: HP3342FA.home 
	 Given name: Impresora of Angel 
	 Allowed on network: True
Log: 2023-04-10 21:21:05.876341 
	 Mac Address: 4e:a7:39:cd:10:d2 
	 Name in network: GETINO.home 
	 Given name: None 
	 Allowed on network: None
Log: 2023-04-10 21:21:05.876450 
	 Mac Address: 34:25:be:f1:94:27 
	 Name in network:  
	 Given name: None 
	 Allowed on network: None
Log: 2023-04-10 21:21:05.876515 
	 Mac Address: f8:8f:07:42:7f:e6 
	 Name in network: GalaxyWatchActive2-FFE5.home 
	 Given name: None 
	 Allowed on network: None
Log: 2023-04-10 21:21:05.876577 
	 Mac Address: 90:32:4b:94:3a:8b 
	 Name in network: DESKTOP-TVQ3456.home 
	 Given name: None 
	 Allowed on network: None
Log: 2023-04-10 21:21:05.876638 
	 Mac Address: None 
	 Name in network:  
	 Given name: None 
	 Allowed on network: None
Log: 2023-04-10 21:21:05.876711 
	 Mac Address: 84:ef:18:a2:22:5e 
	 Name in network: LAPTOP-QR73OQRL.home 
	 Given name: None 
	 Allowed on network: None
Log: 2023-04-10 21:21:05.876769 
	 Mac Address: 5c:0c:e6:7f:6e:1e 
	 Name in network:  
	 Given name: None 
	 Allowed on network: None
Log: 2023-04-10 21:21:05.876827 
	 Mac Address: 72:52:cb:9e:ed:4a 
	 Name in network:  
	 Given name: None 
	 Allowed on network: None
Log: 2023-04-10 21:21:05.876900 
	 Mac Address: d4:8a:3b:12:54:b0 
	 Name in network:  
	 Given name: None 
	 Allowed on network: None
Log: 2023-04-10 21:21:05.876960 
	 Mac Address: a0:9f:10:1a:bd:fc 
	 Name in network:  
	 Given name: None 
	 Allowed on network: None
Log: 2023-04-10 21:21:11.225628 
	 Mac Address: 94:6a:b0:5c:3b:29 
	 Name in network: liveboxfibra 
	 Given name: Router of Pruden 
	 Allowed on network: True
Log: 2023-04-10 21:21:11.225772 
	 Mac Address: 18:60:24:33:42:fa 
	 Name in network: HP3342FA.home 
	 Given name: Impresora of Angel 
	 Allowed on network: True
Log: 2023-04-10 21:21:11.232210 
	 Mac Address: 4e:a7:39:cd:10:d2 
	 Name in network: GETINO.home 
	 Given name: None 
	 Allowed on network: None
Log: 2023-04-10 21:21:11.232316 
	 Mac Address: ee:25:61:93:dc:ce 
	 Name in network:  
	 Given name: None 
	 Allowed on network: None
Log: 2023-04-10 21:21:11.232379 
	 Mac Address: 34:25:be:f1:94:27 
	 Name in network:  
	 Given name: None 
	 Allowed on network: None
Log: 2023-04-10 21:21:11.232441 
	 Mac Address: 90:32:4b:94:3a:8b 
	 Name in network: DESKTOP-TVQ3456.home 
	 Given name: None 
	 Allowed on network: None
Log: 2023-04-10 21:21:11.232502 
	 Mac Address: None 
	 Name in network:  
	 Given name: None 
	 Allowed on network: None
Log: 2023-04-10 21:21:11.232573 
	 Mac Address: 84:ef:18:a2:22:5e 
	 Name in network: LAPTOP-QR73OQRL.home 
	 Given name: None 
	 Allowed on network: None
Log: 2023-04-10 21:21:11.232633 
	 Mac Address: d4:8a:3b:12:54:b0 
	 Name in network:  
	 Given name: None 
	 Allowed on network: None
Log: 2023-04-10 21:21:11.232691 
	 Mac Address: a0:9f:10:1a:bd:fc 
	 Name in network:  
	 Given name: None 
	 Allowed on network: None
Log: 2023-04-10 21:21:22.499398 
	 Mac Address: 94:6a:b0:5c:3b:29 
	 Name in network: liveboxfibra 
	 Given name: Router of Pruden 
	 Allowed on network: True
Log: 2023-04-10 21:21:22.499547 
	 Mac Address: 18:60:24:33:42:fa 
	 Name in network: HP3342FA.home 
	 Given name: Impresora of Angel 
	 Allowed on network: True
Log: 2023-04-10 21:21:22.506025 
	 Mac Address: 4e:a7:39:cd:10:d2 
	 Name in network: GETINO.home 
	 Given name: None 
	 Allowed on network: None
Log: 2023-04-10 21:21:22.506136 
	 Mac Address: ee:25:61:93:dc:ce 
	 Name in network:  
	 Given name: None 
	 Allowed on network: None
Log: 2023-04-10 21:21:22.506200 
	 Mac Address: 34:25:be:f1:94:27 
	 Name in network:  
	 Given name: None 
	 Allowed on network: None
Log: 2023-04-10 21:21:22.506263 
	 Mac Address: 90:32:4b:94:3a:8b 
	 Name in network: DESKTOP-TVQ3456.home 
	 Given name: None 
	 Allowed on network: None
Log: 2023-04-10 21:21:22.506325 
	 Mac Address: None 
	 Name in network:  
	 Given name: None 
	 Allowed on network: None
Log: 2023-04-10 21:21:22.506398 
	 Mac Address: 84:ef:18:a2:22:5e 
	 Name in network: LAPTOP-QR73OQRL.home 
	 Given name: None 
	 Allowed on network: None
Log: 2023-04-10 21:21:22.506458 
	 Mac Address: 5c:0c:e6:7f:6e:1e 
	 Name in network:  
	 Given name: None 
	 Allowed on network: None
Log: 2023-04-10 21:21:22.506516 
	 Mac Address: 72:52:cb:9e:ed:4a 
	 Name in network:  
	 Given name: None 
	 Allowed on network: None
Log: 2023-04-10 21:21:22.506576 
	 Mac Address: d4:8a:3b:12:54:b0 
	 Name in network:  
	 Given name: None 
	 Allowed on network: None
Log: 2023-04-10 21:21:22.506648 
	 Mac Address: a0:9f:10:1a:bd:fc 
	 Name in network:  
	 Given name: None 
	 Allowed on network: None
Log: 2023-04-10 21:21:31.567549 
	 Mac Address: 94:6a:b0:5c:3b:29 
	 Name in network: liveboxfibra 
	 Given name: Router of Pruden 
	 Allowed on network: True
Log: 2023-04-10 21:21:31.567694 
	 Mac Address: 18:60:24:33:42:fa 
	 Name in network: HP3342FA.home 
	 Given name: Impresora of Angel 
	 Allowed on network: True
Log: 2023-04-10 21:21:31.574031 
	 Mac Address: 4e:a7:39:cd:10:d2 
	 Name in network: GETINO.home 
	 Given name: None 
	 Allowed on network: None
Log: 2023-04-10 21:21:31.574136 
	 Mac Address: ee:25:61:93:dc:ce 
	 Name in network:  
	 Given name: None 
	 Allowed on network: None
Log: 2023-04-10 21:21:31.574198 
	 Mac Address: 34:25:be:f1:94:27 
	 Name in network:  
	 Given name: None 
	 Allowed on network: None
Log: 2023-04-10 21:21:31.574259 
	 Mac Address: f8:8f:07:42:7f:e6 
	 Name in network: GalaxyWatchActive2-FFE5.home 
	 Given name: None 
	 Allowed on network: None
Log: 2023-04-10 21:21:31.574320 
	 Mac Address: 90:32:4b:94:3a:8b 
	 Name in network: DESKTOP-TVQ3456.home 
	 Given name: None 
	 Allowed on network: None
Log: 2023-04-10 21:21:31.574378 
	 Mac Address: None 
	 Name in network:  
	 Given name: None 
	 Allowed on network: None
Log: 2023-04-10 21:21:31.574450 
	 Mac Address: 84:ef:18:a2:22:5e 
	 Name in network: LAPTOP-QR73OQRL.home 
	 Given name: None 
	 Allowed on network: None
Log: 2023-04-10 21:21:31.574508 
	 Mac Address: d4:8a:3b:12:54:b0 
	 Name in network:  
	 Given name: None 
	 Allowed on network: None
Log: 2023-04-10 21:21:31.574568 
	 Mac Address: a0:9f:10:1a:bd:fc 
	 Name in network:  
	 Given name: None 
	 Allowed on network: None
Log: 2023-04-10 21:21:39.769699 
	 Mac Address: 94:6a:b0:5c:3b:29 
	 Name in network: liveboxfibra 
	 Given name: Router of Pruden 
	 Allowed on network: True
Log: 2023-04-10 21:21:39.769845 
	 Mac Address: 18:60:24:33:42:fa 
	 Name in network: HP3342FA.home 
	 Given name: Impresora of Angel 
	 Allowed on network: True
Log: 2023-04-10 21:21:39.776249 
	 Mac Address: 4e:a7:39:cd:10:d2 
	 Name in network: GETINO.home 
	 Given name: None 
	 Allowed on network: None
Log: 2023-04-10 21:21:39.776354 
	 Mac Address: ee:25:61:93:dc:ce 
	 Name in network:  
	 Given name: None 
	 Allowed on network: None
Log: 2023-04-10 21:21:39.776418 
	 Mac Address: 34:25:be:f1:94:27 
	 Name in network:  
	 Given name: None 
	 Allowed on network: None
Log: 2023-04-10 21:21:39.776480 
	 Mac Address: f8:8f:07:42:7f:e6 
	 Name in network: GalaxyWatchActive2-FFE5.home 
	 Given name: None 
	 Allowed on network: None
Log: 2023-04-10 21:21:39.776541 
	 Mac Address: 90:32:4b:94:3a:8b 
	 Name in network: DESKTOP-TVQ3456.home 
	 Given name: None 
	 Allowed on network: None
Log: 2023-04-10 21:21:39.776600 
	 Mac Address: None 
	 Name in network:  
	 Given name: None 
	 Allowed on network: None
Log: 2023-04-10 21:21:39.776675 
	 Mac Address: 84:ef:18:a2:22:5e 
	 Name in network: LAPTOP-QR73OQRL.home 
	 Given name: None 
	 Allowed on network: None
Log: 2023-04-10 21:21:39.776735 
	 Mac Address: 5c:0c:e6:7f:6e:1e 
	 Name in network:  
	 Given name: None 
	 Allowed on network: None
Log: 2023-04-10 21:21:39.776796 
	 Mac Address: d4:8a:3b:12:54:b0 
	 Name in network:  
	 Given name: None 
	 Allowed on network: None
Log: 2023-04-10 21:21:39.776868 
	 Mac Address: a0:9f:10:1a:bd:fc 
	 Name in network:  
	 Given name: None 
	 Allowed on network: None
Log: 2023-04-10 21:21:46.257901 
	 Mac Address: 94:6a:b0:5c:3b:29 
	 Name in network: liveboxfibra 
	 Given name: Router of Pruden 
	 Allowed on network: True
Log: 2023-04-10 21:21:46.258052 
	 Mac Address: 18:60:24:33:42:fa 
	 Name in network: HP3342FA.home 
	 Given name: Impresora of Angel 
	 Allowed on network: True
Log: 2023-04-10 21:21:46.264525 
	 Mac Address: 34:25:be:f1:94:27 
	 Name in network:  
	 Given name: None 
	 Allowed on network: None
Log: 2023-04-10 21:21:46.264641 
	 Mac Address: 90:32:4b:94:3a:8b 
	 Name in network: DESKTOP-TVQ3456.home 
	 Given name: None 
	 Allowed on network: None
Log: 2023-04-10 21:21:46.264704 
	 Mac Address: ea:fd:36:8c:10:30 
	 Name in network: Galaxy-S9-de-NURIA-ISABEL.home 
	 Given name: None 
	 Allowed on network: None
Log: 2023-04-10 21:21:46.264768 
	 Mac Address: None 
	 Name in network:  
	 Given name: None 
	 Allowed on network: None
Log: 2023-04-10 21:21:46.264837 
	 Mac Address: 84:ef:18:a2:22:5e 
	 Name in network: LAPTOP-QR73OQRL.home 
	 Given name: None 
	 Allowed on network: None
Log: 2023-04-10 21:21:46.264897 
	 Mac Address: 5c:0c:e6:7f:6e:1e 
	 Name in network:  
	 Given name: None 
	 Allowed on network: None
Log: 2023-04-10 21:21:46.264956 
	 Mac Address: 72:52:cb:9e:ed:4a 
	 Name in network:  
	 Given name: None 
	 Allowed on network: None
Log: 2023-04-10 21:21:46.265015 
	 Mac Address: d4:8a:3b:12:54:b0 
	 Name in network:  
	 Given name: None 
	 Allowed on network: None
Log: 2023-04-10 21:21:46.265076 
	 Mac Address: a0:9f:10:1a:bd:fc 
	 Name in network:  
	 Given name: None 
	 Allowed on network: None
Log: 2023-04-10 21:21:53.755727 
	 Mac Address: 94:6a:b0:5c:3b:29 
	 Name in network: liveboxfibra 
	 Given name: Router of Pruden 
	 Allowed on network: True
Log: 2023-04-10 21:21:53.755873 
	 Mac Address: 18:60:24:33:42:fa 
	 Name in network: HP3342FA.home 
	 Given name: Impresora of Angel 
	 Allowed on network: True
Log: 2023-04-10 21:21:53.762233 
	 Mac Address: ee:25:61:93:dc:ce 
	 Name in network:  
	 Given name: None 
	 Allowed on network: None
Log: 2023-04-10 21:21:53.762349 
	 Mac Address: 34:25:be:f1:94:27 
	 Name in network:  
	 Given name: None 
	 Allowed on network: None
Log: 2023-04-10 21:21:53.762414 
	 Mac Address: 90:32:4b:94:3a:8b 
	 Name in network: DESKTOP-TVQ3456.home 
	 Given name: None 
	 Allowed on network: None
Log: 2023-04-10 21:21:53.762476 
	 Mac Address: ea:fd:36:8c:10:30 
	 Name in network: Galaxy-S9-de-NURIA-ISABEL.home 
	 Given name: None 
	 Allowed on network: None
Log: 2023-04-10 21:21:53.762537 
	 Mac Address: None 
	 Name in network:  
	 Given name: None 
	 Allowed on network: None
Log: 2023-04-10 21:21:53.762603 
	 Mac Address: 84:ef:18:a2:22:5e 
	 Name in network: LAPTOP-QR73OQRL.home 
	 Given name: None 
	 Allowed on network: None
Log: 2023-04-10 21:21:53.762664 
	 Mac Address: d4:8a:3b:12:54:b0 
	 Name in network:  
	 Given name: None 
	 Allowed on network: None
Log: 2023-04-10 21:21:53.762722 
	 Mac Address: a0:9f:10:1a:bd:fc 
	 Name in network:  
	 Given name: None 
	 Allowed on network: None
Log: 2023-04-10 21:22:00.625314 
	 Mac Address: 94:6a:b0:5c:3b:29 
	 Name in network: liveboxfibra 
	 Given name: Router of Pruden 
	 Allowed on network: True
Log: 2023-04-10 21:22:00.625459 
	 Mac Address: 18:60:24:33:42:fa 
	 Name in network: HP3342FA.home 
	 Given name: Impresora of Angel 
	 Allowed on network: True
Log: 2023-04-10 21:22:00.631746 
	 Mac Address: ee:25:61:93:dc:ce 
	 Name in network:  
	 Given name: None 
	 Allowed on network: None
Log: 2023-04-10 21:22:00.631859 
	 Mac Address: 34:25:be:f1:94:27 
	 Name in network:  
	 Given name: None 
	 Allowed on network: None
Log: 2023-04-10 21:22:00.631922 
	 Mac Address: 90:32:4b:94:3a:8b 
	 Name in network: DESKTOP-TVQ3456.home 
	 Given name: None 
	 Allowed on network: None
Log: 2023-04-10 21:22:00.631984 
	 Mac Address: ea:fd:36:8c:10:30 
	 Name in network: Galaxy-S9-de-NURIA-ISABEL.home 
	 Given name: None 
	 Allowed on network: None
Log: 2023-04-10 21:22:00.632045 
	 Mac Address: None 
	 Name in network:  
	 Given name: None 
	 Allowed on network: None
Log: 2023-04-10 21:22:00.632111 
	 Mac Address: 84:ef:18:a2:22:5e 
	 Name in network: LAPTOP-QR73OQRL.home 
	 Given name: None 
	 Allowed on network: None
Log: 2023-04-10 21:22:00.632170 
	 Mac Address: d4:8a:3b:12:54:b0 
	 Name in network:  
	 Given name: None 
	 Allowed on network: None
Log: 2023-04-10 21:22:00.632229 
	 Mac Address: a0:9f:10:1a:bd:fc 
	 Name in network:  
	 Given name: None 
	 Allowed on network: None
Log: 2023-04-10 21:33:59.457836 
	 Mac Address: 94:6a:b0:5c:3b:29 
	 Name in network: liveboxfibra 
	 Given name: Router of Pruden 
	 Allowed on network: True
Log: 2023-04-10 21:33:59.457986 
	 Mac Address: 18:60:24:33:42:fa 
	 Name in network: HP3342FA.home 
	 Given name: Impresora of Angel 
	 Allowed on network: True
Log: 2023-04-10 21:33:59.464589 
	 Mac Address: 4e:a7:39:cd:10:d2 
	 Name in network: GETINO.home 
	 Given name: None 
	 Allowed on network: None
Log: 2023-04-10 21:33:59.464698 
	 Mac Address: ee:25:61:93:dc:ce 
	 Name in network:  
	 Given name: None 
	 Allowed on network: None
Log: 2023-04-10 21:33:59.464761 
	 Mac Address: 34:25:be:f1:94:27 
	 Name in network:  
	 Given name: None 
	 Allowed on network: None
Log: 2023-04-10 21:33:59.464824 
	 Mac Address: 90:32:4b:94:3a:8b 
	 Name in network: DESKTOP-TVQ3456.home 
	 Given name: None 
	 Allowed on network: None
Log: 2023-04-10 21:33:59.464886 
	 Mac Address: None 
	 Name in network:  
	 Given name: None 
	 Allowed on network: None
Log: 2023-04-10 21:33:59.464960 
	 Mac Address: 84:ef:18:a2:22:5e 
	 Name in network: LAPTOP-QR73OQRL.home 
	 Given name: None 
	 Allowed on network: None
Log: 2023-04-10 21:33:59.465020 
	 Mac Address: 5c:0c:e6:7f:6e:1e 
	 Name in network:  
	 Given name: None 
	 Allowed on network: None
Log: 2023-04-10 21:33:59.465079 
	 Mac Address: d4:8a:3b:12:54:b0 
	 Name in network:  
	 Given name: None 
	 Allowed on network: None
Log: 2023-04-10 21:33:59.465141 
	 Mac Address: a0:9f:10:1a:bd:fc 
	 Name in network:  
	 Given name: None 
	 Allowed on network: None
Log: 2023-04-10 21:34:05.393559 
	 Mac Address: 94:6a:b0:5c:3b:29 
	 Name in network: liveboxfibra 
	 Given name: Router of Pruden 
	 Allowed on network: True
Log: 2023-04-10 21:34:05.393710 
	 Mac Address: 18:60:24:33:42:fa 
	 Name in network: HP3342FA.home 
	 Given name: Impresora of Angel 
	 Allowed on network: True
Log: 2023-04-10 21:34:05.400146 
	 Mac Address: 4e:a7:39:cd:10:d2 
	 Name in network: GETINO.home 
	 Given name: None 
	 Allowed on network: None
Log: 2023-04-10 21:34:05.400248 
	 Mac Address: 34:25:be:f1:94:27 
	 Name in network:  
	 Given name: None 
	 Allowed on network: None
Log: 2023-04-10 21:34:05.400311 
	 Mac Address: 90:32:4b:94:3a:8b 
	 Name in network: DESKTOP-TVQ3456.home 
	 Given name: None 
	 Allowed on network: None
Log: 2023-04-10 21:34:05.400373 
	 Mac Address: None 
	 Name in network:  
	 Given name: None 
	 Allowed on network: None
Log: 2023-04-10 21:34:05.400446 
	 Mac Address: 84:ef:18:a2:22:5e 
	 Name in network: LAPTOP-QR73OQRL.home 
	 Given name: None 
	 Allowed on network: None
Log: 2023-04-10 21:34:05.400506 
	 Mac Address: d4:8a:3b:12:54:b0 
	 Name in network:  
	 Given name: None 
	 Allowed on network: None
Log: 2023-04-10 21:34:05.400564 
	 Mac Address: a0:9f:10:1a:bd:fc 
	 Name in network:  
	 Given name: None 
	 Allowed on network: None
Log: 2023-04-10 21:34:09.675406 
	 Mac Address: 94:6a:b0:5c:3b:29 
	 Name in network: liveboxfibra 
	 Given name: Router of Pruden 
	 Allowed on network: True
Log: 2023-04-10 21:34:09.675556 
	 Mac Address: 18:60:24:33:42:fa 
	 Name in network: HP3342FA.home 
	 Given name: Impresora of Angel 
	 Allowed on network: True
Log: 2023-04-10 21:34:09.682057 
	 Mac Address: 4e:a7:39:cd:10:d2 
	 Name in network: GETINO.home 
	 Given name: None 
	 Allowed on network: None
Log: 2023-04-10 21:34:09.682164 
	 Mac Address: ee:25:61:93:dc:ce 
	 Name in network:  
	 Given name: None 
	 Allowed on network: None
Log: 2023-04-10 21:34:09.682228 
	 Mac Address: 34:25:be:f1:94:27 
	 Name in network:  
	 Given name: None 
	 Allowed on network: None
Log: 2023-04-10 21:34:09.682290 
	 Mac Address: 90:32:4b:94:3a:8b 
	 Name in network: DESKTOP-TVQ3456.home 
	 Given name: None 
	 Allowed on network: None
Log: 2023-04-10 21:34:09.682352 
	 Mac Address: None 
	 Name in network:  
	 Given name: None 
	 Allowed on network: None
Log: 2023-04-10 21:34:09.682425 
	 Mac Address: 84:ef:18:a2:22:5e 
	 Name in network: LAPTOP-QR73OQRL.home 
	 Given name: None 
	 Allowed on network: None
Log: 2023-04-10 21:34:09.682485 
	 Mac Address: d4:8a:3b:12:54:b0 
	 Name in network:  
	 Given name: None 
	 Allowed on network: None
Log: 2023-04-10 21:34:09.682544 
	 Mac Address: a0:9f:10:1a:bd:fc 
	 Name in network:  
	 Given name: None 
	 Allowed on network: None
Log: 2023-04-10 21:34:15.307540 
	 Mac Address: 94:6a:b0:5c:3b:29 
	 Name in network: liveboxfibra 
	 Given name: Router of Pruden 
	 Allowed on network: True
Log: 2023-04-10 21:34:15.307692 
	 Mac Address: 18:60:24:33:42:fa 
	 Name in network: HP3342FA.home 
	 Given name: Impresora of Angel 
	 Allowed on network: True
Log: 2023-04-10 21:34:15.314194 
	 Mac Address: 4e:a7:39:cd:10:d2 
	 Name in network: GETINO.home 
	 Given name: None 
	 Allowed on network: None
Log: 2023-04-10 21:34:15.314302 
	 Mac Address: ee:25:61:93:dc:ce 
	 Name in network:  
	 Given name: None 
	 Allowed on network: None
Log: 2023-04-10 21:34:15.314365 
	 Mac Address: 34:25:be:f1:94:27 
	 Name in network:  
	 Given name: None 
	 Allowed on network: None
Log: 2023-04-10 21:34:15.314427 
	 Mac Address: 90:32:4b:94:3a:8b 
	 Name in network: DESKTOP-TVQ3456.home 
	 Given name: None 
	 Allowed on network: None
Log: 2023-04-10 21:34:15.314487 
	 Mac Address: None 
	 Name in network:  
	 Given name: None 
	 Allowed on network: None
Log: 2023-04-10 21:34:15.314561 
	 Mac Address: 84:ef:18:a2:22:5e 
	 Name in network: LAPTOP-QR73OQRL.home 
	 Given name: None 
	 Allowed on network: None
Log: 2023-04-10 21:34:15.314621 
	 Mac Address: 5c:0c:e6:7f:6e:1e 
	 Name in network:  
	 Given name: None 
	 Allowed on network: None
Log: 2023-04-10 21:34:15.314680 
	 Mac Address: d4:8a:3b:12:54:b0 
	 Name in network:  
	 Given name: None 
	 Allowed on network: None
Log: 2023-04-10 21:34:15.314741 
	 Mac Address: a0:9f:10:1a:bd:fc 
	 Name in network:  
	 Given name: None 
	 Allowed on network: None
Log: 2023-04-10 21:34:17.583642 
	 Mac Address: 94:6a:b0:5c:3b:29 
	 Name in network: liveboxfibra 
	 Given name: Router of Pruden 
	 Allowed on network: True
Log: 2023-04-10 21:34:17.583785 
	 Mac Address: 18:60:24:33:42:fa 
	 Name in network: HP3342FA.home 
	 Given name: Impresora of Angel 
	 Allowed on network: True
Log: 2023-04-10 21:34:17.590208 
	 Mac Address: 4e:a7:39:cd:10:d2 
	 Name in network: GETINO.home 
	 Given name: None 
	 Allowed on network: None
Log: 2023-04-10 21:34:17.590311 
	 Mac Address: 34:25:be:f1:94:27 
	 Name in network:  
	 Given name: None 
	 Allowed on network: None
Log: 2023-04-10 21:34:17.590377 
	 Mac Address: 90:32:4b:94:3a:8b 
	 Name in network: DESKTOP-TVQ3456.home 
	 Given name: None 
	 Allowed on network: None
Log: 2023-04-10 21:34:17.590441 
	 Mac Address: None 
	 Name in network:  
	 Given name: None 
	 Allowed on network: None
Log: 2023-04-10 21:34:17.590516 
	 Mac Address: 84:ef:18:a2:22:5e 
	 Name in network: LAPTOP-QR73OQRL.home 
	 Given name: None 
	 Allowed on network: None
Log: 2023-04-10 21:34:17.590576 
	 Mac Address: d4:8a:3b:12:54:b0 
	 Name in network:  
	 Given name: None 
	 Allowed on network: None
Log: 2023-04-10 21:34:17.590635 
	 Mac Address: a0:9f:10:1a:bd:fc 
	 Name in network:  
	 Given name: None 
	 Allowed on network: None
Log: 2023-04-10 21:34:19.722518 
	 Mac Address: 94:6a:b0:5c:3b:29 
	 Name in network: liveboxfibra 
	 Given name: Router of Pruden 
	 Allowed on network: True
Log: 2023-04-10 21:34:19.722662 
	 Mac Address: 18:60:24:33:42:fa 
	 Name in network: HP3342FA.home 
	 Given name: Impresora of Angel 
	 Allowed on network: True
Log: 2023-04-10 21:34:19.730644 
	 Mac Address: 4e:a7:39:cd:10:d2 
	 Name in network: GETINO.home 
	 Given name: None 
	 Allowed on network: None
Log: 2023-04-10 21:34:19.730748 
	 Mac Address: 34:25:be:f1:94:27 
	 Name in network:  
	 Given name: None 
	 Allowed on network: None
Log: 2023-04-10 21:34:19.730812 
	 Mac Address: 90:32:4b:94:3a:8b 
	 Name in network: DESKTOP-TVQ3456.home 
	 Given name: None 
	 Allowed on network: None
Log: 2023-04-10 21:34:19.730874 
	 Mac Address: None 
	 Name in network:  
	 Given name: None 
	 Allowed on network: None
Log: 2023-04-10 21:34:19.730949 
	 Mac Address: 84:ef:18:a2:22:5e 
	 Name in network: LAPTOP-QR73OQRL.home 
	 Given name: None 
	 Allowed on network: None
Log: 2023-04-10 21:34:19.731008 
	 Mac Address: d4:8a:3b:12:54:b0 
	 Name in network:  
	 Given name: None 
	 Allowed on network: None
Log: 2023-04-10 21:34:19.731066 
	 Mac Address: a0:9f:10:1a:bd:fc 
	 Name in network:  
	 Given name: None 
	 Allowed on network: None
Log: 2023-04-10 21:34:26.914838 
	 Mac Address: 94:6a:b0:5c:3b:29 
	 Name in network: liveboxfibra 
	 Given name: Router of Pruden 
	 Allowed on network: True
Log: 2023-04-10 21:34:26.915040 
	 Mac Address: 18:60:24:33:42:fa 
	 Name in network: HP3342FA.home 
	 Given name: Impresora of Angel 
	 Allowed on network: True
Log: 2023-04-10 21:34:26.925161 
	 Mac Address: 4e:a7:39:cd:10:d2 
	 Name in network: GETINO.home 
	 Given name: None 
	 Allowed on network: None
Log: 2023-04-10 21:34:26.925312 
	 Mac Address: ee:25:61:93:dc:ce 
	 Name in network:  
	 Given name: None 
	 Allowed on network: None
Log: 2023-04-10 21:34:26.925411 
	 Mac Address: 34:25:be:f1:94:27 
	 Name in network:  
	 Given name: None 
	 Allowed on network: None
Log: 2023-04-10 21:34:26.925505 
	 Mac Address: f8:8f:07:42:7f:e6 
	 Name in network: GalaxyWatchActive2-FFE5.home 
	 Given name: None 
	 Allowed on network: None
Log: 2023-04-10 21:34:26.925601 
	 Mac Address: 90:32:4b:94:3a:8b 
	 Name in network: DESKTOP-TVQ3456.home 
	 Given name: None 
	 Allowed on network: None
Log: 2023-04-10 21:34:26.925695 
	 Mac Address: ea:fd:36:8c:10:30 
	 Name in network: Galaxy-S9-de-NURIA-ISABEL.home 
	 Given name: None 
	 Allowed on network: None
Log: 2023-04-10 21:34:26.925789 
	 Mac Address: None 
	 Name in network:  
	 Given name: None 
	 Allowed on network: None
Log: 2023-04-10 21:34:26.925902 
	 Mac Address: 84:ef:18:a2:22:5e 
	 Name in network: LAPTOP-QR73OQRL.home 
	 Given name: None 
	 Allowed on network: None
Log: 2023-04-10 21:34:26.926012 
	 Mac Address: 5c:0c:e6:7f:6e:1e 
	 Name in network:  
	 Given name: None 
	 Allowed on network: None
Log: 2023-04-10 21:34:26.926104 
	 Mac Address: 72:52:cb:9e:ed:4a 
	 Name in network:  
	 Given name: None 
	 Allowed on network: None
Log: 2023-04-10 21:34:26.926195 
	 Mac Address: d4:8a:3b:12:54:b0 
	 Name in network:  
	 Given name: None 
	 Allowed on network: None
Log: 2023-04-10 21:34:26.926286 
	 Mac Address: a0:9f:10:1a:bd:fc 
	 Name in network:  
	 Given name: None 
	 Allowed on network: None
Log: 2023-04-10 21:34:33.999879 
	 Mac Address: 94:6a:b0:5c:3b:29 
	 Name in network: liveboxfibra 
	 Given name: Router of Pruden 
	 Allowed on network: True
Log: 2023-04-10 21:34:34.000027 
	 Mac Address: 18:60:24:33:42:fa 
	 Name in network: HP3342FA.home 
	 Given name: Impresora of Angel 
	 Allowed on network: True
Log: 2023-04-10 21:34:34.006470 
	 Mac Address: 4e:a7:39:cd:10:d2 
	 Name in network: GETINO.home 
	 Given name: None 
	 Allowed on network: None
Log: 2023-04-10 21:34:34.006579 
	 Mac Address: ee:25:61:93:dc:ce 
	 Name in network:  
	 Given name: None 
	 Allowed on network: None
Log: 2023-04-10 21:34:34.006641 
	 Mac Address: 34:25:be:f1:94:27 
	 Name in network:  
	 Given name: None 
	 Allowed on network: None
Log: 2023-04-10 21:34:34.006703 
	 Mac Address: 90:32:4b:94:3a:8b 
	 Name in network: DESKTOP-TVQ3456.home 
	 Given name: None 
	 Allowed on network: None
Log: 2023-04-10 21:34:34.006764 
	 Mac Address: ea:fd:36:8c:10:30 
	 Name in network: Galaxy-S9-de-NURIA-ISABEL.home 
	 Given name: None 
	 Allowed on network: None
Log: 2023-04-10 21:34:34.006824 
	 Mac Address: None 
	 Name in network:  
	 Given name: None 
	 Allowed on network: None
Log: 2023-04-10 21:34:34.006895 
	 Mac Address: 84:ef:18:a2:22:5e 
	 Name in network: LAPTOP-QR73OQRL.home 
	 Given name: None 
	 Allowed on network: None
Log: 2023-04-10 21:34:34.006956 
	 Mac Address: 5c:0c:e6:7f:6e:1e 
	 Name in network:  
	 Given name: None 
	 Allowed on network: None
Log: 2023-04-10 21:34:34.007017 
	 Mac Address: d4:8a:3b:12:54:b0 
	 Name in network:  
	 Given name: None 
	 Allowed on network: None
Log: 2023-04-10 21:34:34.007076 
	 Mac Address: a0:9f:10:1a:bd:fc 
	 Name in network:  
	 Given name: None 
	 Allowed on network: None
Log: 2023-04-10 21:34:37.112739 
	 Mac Address: 94:6a:b0:5c:3b:29 
	 Name in network: liveboxfibra 
	 Given name: Router of Pruden 
	 Allowed on network: True
Log: 2023-04-10 21:34:37.112880 
	 Mac Address: 18:60:24:33:42:fa 
	 Name in network: HP3342FA.home 
	 Given name: Impresora of Angel 
	 Allowed on network: True
Log: 2023-04-10 21:34:37.119301 
	 Mac Address: 4e:a7:39:cd:10:d2 
	 Name in network: GETINO.home 
	 Given name: None 
	 Allowed on network: None
Log: 2023-04-10 21:34:37.119407 
	 Mac Address: 34:25:be:f1:94:27 
	 Name in network:  
	 Given name: None 
	 Allowed on network: None
Log: 2023-04-10 21:34:37.119471 
	 Mac Address: 90:32:4b:94:3a:8b 
	 Name in network: DESKTOP-TVQ3456.home 
	 Given name: None 
	 Allowed on network: None
Log: 2023-04-10 21:34:37.119533 
	 Mac Address: None 
	 Name in network:  
	 Given name: None 
	 Allowed on network: None
Log: 2023-04-10 21:34:37.119606 
	 Mac Address: 84:ef:18:a2:22:5e 
	 Name in network: LAPTOP-QR73OQRL.home 
	 Given name: None 
	 Allowed on network: None
Log: 2023-04-10 21:34:37.119666 
	 Mac Address: d4:8a:3b:12:54:b0 
	 Name in network:  
	 Given name: None 
	 Allowed on network: None
Log: 2023-04-10 21:34:37.119724 
	 Mac Address: a0:9f:10:1a:bd:fc 
	 Name in network:  
	 Given name: None 
	 Allowed on network: None
Log: 2023-04-10 21:35:03.005360 
	 Mac Address: 94:6a:b0:5c:3b:29 
	 Name in network: liveboxfibra 
	 Given name: Router of Pruden 
	 Allowed on network: True
Log: 2023-04-10 21:35:03.005507 
	 Mac Address: 18:60:24:33:42:fa 
	 Name in network: HP3342FA.home 
	 Given name: Impresora of Angel 
	 Allowed on network: True
Log: 2023-04-10 21:35:03.011806 
	 Mac Address: 4e:a7:39:cd:10:d2 
	 Name in network: GETINO.home 
	 Given name: None 
	 Allowed on network: None
Log: 2023-04-10 21:35:03.011915 
	 Mac Address: 90:32:4b:94:3a:8b 
	 Name in network: DESKTOP-TVQ3456.home 
	 Given name: None 
	 Allowed on network: None
Log: 2023-04-10 21:35:03.011979 
	 Mac Address: ea:fd:36:8c:10:30 
	 Name in network: Galaxy-S9-de-NURIA-ISABEL.home 
	 Given name: None 
	 Allowed on network: None
Log: 2023-04-10 21:35:03.012042 
	 Mac Address: None 
	 Name in network:  
	 Given name: None 
	 Allowed on network: None
Log: 2023-04-10 21:35:03.012117 
	 Mac Address: 84:ef:18:a2:22:5e 
	 Name in network: LAPTOP-QR73OQRL.home 
	 Given name: None 
	 Allowed on network: None
Log: 2023-04-10 21:35:03.012176 
	 Mac Address: 5c:0c:e6:7f:6e:1e 
	 Name in network:  
	 Given name: None 
	 Allowed on network: None
Log: 2023-04-10 21:35:03.012234 
	 Mac Address: 72:52:cb:9e:ed:4a 
	 Name in network:  
	 Given name: None 
	 Allowed on network: None
Log: 2023-04-10 21:35:03.012293 
	 Mac Address: a0:9f:10:1a:bd:fc 
	 Name in network:  
	 Given name: None 
	 Allowed on network: None
Log: 2023-04-10 21:35:05.942774 
	 Mac Address: 94:6a:b0:5c:3b:29 
	 Name in network: liveboxfibra 
	 Given name: Router of Pruden 
	 Allowed on network: True
Log: 2023-04-10 21:35:05.942927 
	 Mac Address: 18:60:24:33:42:fa 
	 Name in network: HP3342FA.home 
	 Given name: Impresora of Angel 
	 Allowed on network: True
Log: 2023-04-10 21:35:05.949382 
	 Mac Address: 4e:a7:39:cd:10:d2 
	 Name in network: GETINO.home 
	 Given name: None 
	 Allowed on network: None
Log: 2023-04-10 21:35:05.949492 
	 Mac Address: 34:25:be:f1:94:27 
	 Name in network:  
	 Given name: None 
	 Allowed on network: None
Log: 2023-04-10 21:35:05.949560 
	 Mac Address: 90:32:4b:94:3a:8b 
	 Name in network: DESKTOP-TVQ3456.home 
	 Given name: None 
	 Allowed on network: None
Log: 2023-04-10 21:35:05.949623 
	 Mac Address: None 
	 Name in network:  
	 Given name: None 
	 Allowed on network: None
Log: 2023-04-10 21:35:05.949698 
	 Mac Address: 84:ef:18:a2:22:5e 
	 Name in network: LAPTOP-QR73OQRL.home 
	 Given name: None 
	 Allowed on network: None
Log: 2023-04-10 21:35:05.949758 
	 Mac Address: 72:52:cb:9e:ed:4a 
	 Name in network:  
	 Given name: None 
	 Allowed on network: None
Log: 2023-04-10 21:35:05.949817 
	 Mac Address: a0:9f:10:1a:bd:fc 
	 Name in network:  
	 Given name: None 
	 Allowed on network: None
Log: 2023-04-10 21:35:10.697295 
	 Mac Address: 94:6a:b0:5c:3b:29 
	 Name in network: liveboxfibra 
	 Given name: Router of Pruden 
	 Allowed on network: True
Log: 2023-04-10 21:35:10.697441 
	 Mac Address: 18:60:24:33:42:fa 
	 Name in network: HP3342FA.home 
	 Given name: Impresora of Angel 
	 Allowed on network: True
Log: 2023-04-10 21:35:10.703866 
	 Mac Address: 4e:a7:39:cd:10:d2 
	 Name in network: GETINO.home 
	 Given name: None 
	 Allowed on network: None
Log: 2023-04-10 21:35:10.703973 
	 Mac Address: ee:25:61:93:dc:ce 
	 Name in network:  
	 Given name: None 
	 Allowed on network: None
Log: 2023-04-10 21:35:10.704035 
	 Mac Address: 34:25:be:f1:94:27 
	 Name in network:  
	 Given name: None 
	 Allowed on network: None
Log: 2023-04-10 21:35:10.704094 
	 Mac Address: 90:32:4b:94:3a:8b 
	 Name in network: DESKTOP-TVQ3456.home 
	 Given name: None 
	 Allowed on network: None
Log: 2023-04-10 21:35:10.704153 
	 Mac Address: ea:fd:36:8c:10:30 
	 Name in network: Galaxy-S9-de-NURIA-ISABEL.home 
	 Given name: None 
	 Allowed on network: None
Log: 2023-04-10 21:35:10.704213 
	 Mac Address: None 
	 Name in network:  
	 Given name: None 
	 Allowed on network: None
Log: 2023-04-10 21:35:10.704285 
	 Mac Address: 84:ef:18:a2:22:5e 
	 Name in network: LAPTOP-QR73OQRL.home 
	 Given name: None 
	 Allowed on network: None
Log: 2023-04-10 21:35:10.704344 
	 Mac Address: d4:8a:3b:12:54:b0 
	 Name in network:  
	 Given name: None 
	 Allowed on network: None
Log: 2023-04-10 21:35:10.704404 
	 Mac Address: a0:9f:10:1a:bd:fc 
	 Name in network:  
	 Given name: None 
	 Allowed on network: None
Log: 2023-04-10 21:35:18.487337 
	 Mac Address: 94:6a:b0:5c:3b:29 
	 Name in network: liveboxfibra 
	 Given name: Router of Pruden 
	 Allowed on network: True
Log: 2023-04-10 21:35:18.487485 
	 Mac Address: 18:60:24:33:42:fa 
	 Name in network: HP3342FA.home 
	 Given name: Impresora of Angel 
	 Allowed on network: True
Log: 2023-04-10 21:35:18.493860 
	 Mac Address: 4e:a7:39:cd:10:d2 
	 Name in network: GETINO.home 
	 Given name: None 
	 Allowed on network: None
Log: 2023-04-10 21:35:18.493968 
	 Mac Address: 34:25:be:f1:94:27 
	 Name in network:  
	 Given name: None 
	 Allowed on network: None
Log: 2023-04-10 21:35:18.494033 
	 Mac Address: 90:32:4b:94:3a:8b 
	 Name in network: DESKTOP-TVQ3456.home 
	 Given name: None 
	 Allowed on network: None
Log: 2023-04-10 21:35:18.494095 
	 Mac Address: ea:fd:36:8c:10:30 
	 Name in network: Galaxy-S9-de-NURIA-ISABEL.home 
	 Given name: None 
	 Allowed on network: None
Log: 2023-04-10 21:35:18.494155 
	 Mac Address: None 
	 Name in network:  
	 Given name: None 
	 Allowed on network: None
Log: 2023-04-10 21:35:18.494228 
	 Mac Address: 84:ef:18:a2:22:5e 
	 Name in network: LAPTOP-QR73OQRL.home 
	 Given name: None 
	 Allowed on network: None
Log: 2023-04-10 21:35:18.494287 
	 Mac Address: 5c:0c:e6:7f:6e:1e 
	 Name in network:  
	 Given name: None 
	 Allowed on network: None
Log: 2023-04-10 21:35:18.494345 
	 Mac Address: d4:8a:3b:12:54:b0 
	 Name in network:  
	 Given name: None 
	 Allowed on network: None
Log: 2023-04-10 21:35:18.494418 
	 Mac Address: a0:9f:10:1a:bd:fc 
	 Name in network:  
	 Given name: None 
	 Allowed on network: None
