{    "log": "2023-05-30 21:10:56.324954",    "mac_address": "94:6a:b0:5c:3b:29"}
{    "log": "2023-05-30 21:10:56.332164",    "mac_address": "4e:a7:39:cd:10:d2"}
{    "log": "2023-05-30 21:10:56.337920",    "mac_address": "f0:72:ea:e5:e5:7a"}
{    "log": "2023-05-30 21:10:56.343928",    "mac_address": "34:25:be:f1:94:27"}
{    "log": "2023-05-30 21:10:56.349511",    "mac_address": "f8:8f:07:42:7f:e6"}
{    "log": "2023-05-30 21:10:56.354996",    "mac_address": "ea:fd:36:8c:10:30"}
{    "log": "2023-05-30 21:10:56.357810",    "mac_address": null}
{    "log": "2023-05-30 21:10:56.360660",    "mac_address": "e8:3a:12:47:16:e5"}
{    "log": "2023-05-30 21:10:56.363668",    "mac_address": "18:60:24:33:42:fa"}
{    "log": "2023-05-30 21:10:56.366619",    "mac_address": "ec:0e:c4:8c:76:dd"}
{    "log": "2023-05-30 21:10:56.369422",    "mac_address": "72:52:cb:9e:ed:4a"}
{    "log": "2023-05-30 21:10:56.372398",    "mac_address": "b8:76:3f:48:a3:0c"}
{    "log": "2023-05-30 21:10:56.375276",    "mac_address": "a0:9f:10:1a:bd:fc"}
{    "log": "2023-05-30 21:12:10.871852",    "mac_address": "94:6a:b0:5c:3b:29"}
{    "log": "2023-05-30 21:12:10.877487",    "mac_address": "4e:a7:39:cd:10:d2"}
{    "log": "2023-05-30 21:12:10.883744",    "mac_address": "f0:72:ea:e5:e5:7a"}
{    "log": "2023-05-30 21:12:10.889128",    "mac_address": "34:25:be:f1:94:27"}
{    "log": "2023-05-30 21:12:10.894795",    "mac_address": "ea:fd:36:8c:10:30"}
{    "log": "2023-05-30 21:12:10.900203",    "mac_address": null}
{    "log": "2023-05-30 21:12:10.905081",    "mac_address": "e8:3a:12:47:16:e5"}
{    "log": "2023-05-30 21:12:10.908115",    "mac_address": "18:60:24:33:42:fa"}
{    "log": "2023-05-30 21:12:10.911116",    "mac_address": "ec:0e:c4:8c:76:dd"}
{    "log": "2023-05-30 21:12:10.914179",    "mac_address": "72:52:cb:9e:ed:4a"}
{    "log": "2023-05-30 21:12:10.917163",    "mac_address": "b8:76:3f:48:a3:0c"}
{    "log": "2023-05-30 21:12:10.920117",    "mac_address": "a0:9f:10:1a:bd:fc"}
{    "log": "2023-05-30 21:13:59.213757",    "mac_address": "94:6a:b0:5c:3b:29"}
{    "log": "2023-05-30 21:13:59.221309",    "mac_address": "4e:a7:39:cd:10:d2"}
{    "log": "2023-05-30 21:13:59.227784",    "mac_address": "f0:72:ea:e5:e5:7a"}
{    "log": "2023-05-30 21:13:59.234430",    "mac_address": "34:25:be:f1:94:27"}
{    "log": "2023-05-30 21:13:59.240774",    "mac_address": "f8:8f:07:42:7f:e6"}
{    "log": "2023-05-30 21:13:59.247257",    "mac_address": "ea:fd:36:8c:10:30"}
{    "log": "2023-05-30 21:13:59.253603",    "mac_address": null}
{    "log": "2023-05-30 21:13:59.259981",    "mac_address": "e8:3a:12:47:16:e5"}
{    "log": "2023-05-30 21:13:59.266632",    "mac_address": "18:60:24:33:42:fa"}
{    "log": "2023-05-30 21:13:59.273374",    "mac_address": "ec:0e:c4:8c:76:dd"}
{    "log": "2023-05-30 21:13:59.276904",    "mac_address": "72:52:cb:9e:ed:4a"}
{    "log": "2023-05-30 21:13:59.280127",    "mac_address": "b8:76:3f:48:a3:0c"}
{    "log": "2023-05-30 21:13:59.283322",    "mac_address": "a0:9f:10:1a:bd:fc"}
{    "log": "2023-05-30 21:15:01.285310",    "mac_address": "94:6a:b0:5c:3b:29"}
{    "log": "2023-05-30 21:15:01.290947",    "mac_address": "4e:a7:39:cd:10:d2"}
{    "log": "2023-05-30 21:15:01.297271",    "mac_address": "f0:72:ea:e5:e5:7a"}
{    "log": "2023-05-30 21:15:01.302796",    "mac_address": "34:25:be:f1:94:27"}
{    "log": "2023-05-30 21:15:01.308149",    "mac_address": "f8:8f:07:42:7f:e6"}
{    "log": "2023-05-30 21:15:01.313668",    "mac_address": null}
{    "log": "2023-05-30 21:15:01.318974",    "mac_address": "e8:3a:12:47:16:e5"}
{    "log": "2023-05-30 21:15:01.324429",    "mac_address": "18:60:24:33:42:fa"}
{    "log": "2023-05-30 21:15:01.329831",    "mac_address": "ec:0e:c4:8c:76:dd"}
{    "log": "2023-05-30 21:15:01.335394",    "mac_address": "b8:76:3f:48:a3:0c"}
{    "log": "2023-05-30 21:15:01.340734",    "mac_address": "a0:9f:10:1a:bd:fc"}
{    "log": "2023-05-30 21:16:07.924702",    "mac_address": "94:6a:b0:5c:3b:29"}
{    "log": "2023-05-30 21:16:07.932696",    "mac_address": "4e:a7:39:cd:10:d2"}
{    "log": "2023-05-30 21:16:07.939442",    "mac_address": "ee:25:61:93:dc:ce"}
{    "log": "2023-05-30 21:16:07.945718",    "mac_address": "f0:72:ea:e5:e5:7a"}
{    "log": "2023-05-30 21:16:07.952100",    "mac_address": "34:25:be:f1:94:27"}
{    "log": "2023-05-30 21:16:07.958277",    "mac_address": "f8:8f:07:42:7f:e6"}
{    "log": "2023-05-30 21:16:07.964590",    "mac_address": "ea:fd:36:8c:10:30"}
{    "log": "2023-05-30 21:16:07.970784",    "mac_address": null}
{    "log": "2023-05-30 21:16:07.977129",    "mac_address": "e8:3a:12:47:16:e5"}
{    "log": "2023-05-30 21:16:07.983637",    "mac_address": "18:60:24:33:42:fa"}
{    "log": "2023-05-30 21:16:07.987059",    "mac_address": "ec:0e:c4:8c:76:dd"}
{    "log": "2023-05-30 21:16:07.990039",    "mac_address": "72:52:cb:9e:ed:4a"}
{    "log": "2023-05-30 21:16:07.993153",    "mac_address": "b8:76:3f:48:a3:0c"}
{    "log": "2023-05-30 21:16:07.996327",    "mac_address": "a0:9f:10:1a:bd:fc"}
