Log: 2023-03-02 00:42:21.686851 
	 Mac Address: 94:6a:b0:5c:3b:29 
	 Name in network: liveboxfibra 
	 Given name: None 
	 Allowed on network: None
Log: 2023-03-02 00:42:21.687010 
	 Mac Address: 4e:a7:39:cd:10:d2 
	 Name in network: GETINO.home 
	 Given name: None 
	 Allowed on network: None
Log: 2023-03-02 00:42:21.687080 
	 Mac Address: 34:25:be:f1:94:27 
	 Name in network:  
	 Given name: None 
	 Allowed on network: None
Log: 2023-03-02 00:42:21.687147 
	 Mac Address: None 
	 Name in network: raspberrypi.home 
	 Given name: None 
	 Allowed on network: None
Log: 2023-03-02 00:42:21.687212 
	 Mac Address: 18:60:24:33:42:fa 
	 Name in network: HP3342FA.home 
	 Given name: None 
	 Allowed on network: None
Log: 2023-03-02 00:42:21.687272 
	 Mac Address: ec:0e:c4:8c:76:dd 
	 Name in network:  
	 Given name: None 
	 Allowed on network: None
Log: 2023-03-02 00:42:21.687330 
	 Mac Address: b8:76:3f:48:a3:0c 
	 Name in network: tvc212d6ff59a7.home 
	 Given name: None 
	 Allowed on network: None
Log: 2023-03-02 00:42:21.687388 
	 Mac Address: a0:9f:10:1a:bd:fc 
	 Name in network:  
	 Given name: None 
	 Allowed on network: None
Log: 2023-03-02 00:45:40.024731 
	 Mac Address: 94:6a:b0:5c:3b:29 
	 Name in network: liveboxfibra 
	 Given name: None 
	 Allowed on network: None
Log: 2023-03-02 00:45:40.024905 
	 Mac Address: 4e:a7:39:cd:10:d2 
	 Name in network: GETINO.home 
	 Given name: None 
	 Allowed on network: None
Log: 2023-03-02 00:45:40.024978 
	 Mac Address: 34:25:be:f1:94:27 
	 Name in network:  
	 Given name: None 
	 Allowed on network: None
Log: 2023-03-02 00:45:40.025048 
	 Mac Address: None 
	 Name in network: raspberrypi.home 
	 Given name: None 
	 Allowed on network: None
Log: 2023-03-02 00:45:40.025117 
	 Mac Address: 18:60:24:33:42:fa 
	 Name in network: HP3342FA.home 
	 Given name: None 
	 Allowed on network: None
Log: 2023-03-02 00:45:40.025177 
	 Mac Address: ec:0e:c4:8c:76:dd 
	 Name in network:  
	 Given name: None 
	 Allowed on network: None
Log: 2023-03-02 00:45:40.025236 
	 Mac Address: b8:76:3f:48:a3:0c 
	 Name in network: tvc212d6ff59a7.home 
	 Given name: None 
	 Allowed on network: None
Log: 2023-03-02 00:45:40.025295 
	 Mac Address: a0:9f:10:1a:bd:fc 
	 Name in network:  
	 Given name: None 
	 Allowed on network: None
Log: 2023-03-02 00:46:22.900984 
	 Mac Address: 94:6a:b0:5c:3b:29 
	 Name in network: liveboxfibra 
	 Given name: None 
	 Allowed on network: None
Log: 2023-03-02 00:46:22.901200 
	 Mac Address: 34:25:be:f1:94:27 
	 Name in network:  
	 Given name: None 
	 Allowed on network: None
Log: 2023-03-02 00:46:22.901302 
	 Mac Address: None 
	 Name in network: raspberrypi.home 
	 Given name: None 
	 Allowed on network: None
Log: 2023-03-02 00:46:22.901402 
	 Mac Address: 18:60:24:33:42:fa 
	 Name in network: HP3342FA.home 
	 Given name: None 
	 Allowed on network: None
Log: 2023-03-02 00:46:22.901495 
	 Mac Address: ec:0e:c4:8c:76:dd 
	 Name in network:  
	 Given name: None 
	 Allowed on network: None
Log: 2023-03-02 00:46:22.901589 
	 Mac Address: b8:76:3f:48:a3:0c 
	 Name in network: tvc212d6ff59a7.home 
	 Given name: None 
	 Allowed on network: None
Log: 2023-03-02 00:46:22.901681 
	 Mac Address: a0:9f:10:1a:bd:fc 
	 Name in network:  
	 Given name: None 
	 Allowed on network: None
Log: 2023-03-02 00:46:43.406847 
	 Mac Address: 94:6a:b0:5c:3b:29 
	 Name in network: liveboxfibra 
	 Given name: None 
	 Allowed on network: None
Log: 2023-03-02 00:46:43.407017 
	 Mac Address: 34:25:be:f1:94:27 
	 Name in network:  
	 Given name: None 
	 Allowed on network: None
Log: 2023-03-02 00:46:43.407085 
	 Mac Address: None 
	 Name in network: raspberrypi.home 
	 Given name: None 
	 Allowed on network: None
Log: 2023-03-02 00:46:43.407149 
	 Mac Address: 18:60:24:33:42:fa 
	 Name in network: HP3342FA.home 
	 Given name: None 
	 Allowed on network: None
Log: 2023-03-02 00:46:43.407210 
	 Mac Address: ec:0e:c4:8c:76:dd 
	 Name in network:  
	 Given name: None 
	 Allowed on network: None
Log: 2023-03-02 00:46:43.407271 
	 Mac Address: b8:76:3f:48:a3:0c 
	 Name in network: tvc212d6ff59a7.home 
	 Given name: None 
	 Allowed on network: None
Log: 2023-03-02 00:46:43.407330 
	 Mac Address: a0:9f:10:1a:bd:fc 
	 Name in network:  
	 Given name: None 
	 Allowed on network: None
Log: 2023-03-02 00:46:56.607665 
	 Mac Address: 94:6a:b0:5c:3b:29 
	 Name in network: liveboxfibra 
	 Given name: None 
	 Allowed on network: None
Log: 2023-03-02 00:46:56.607827 
	 Mac Address: ee:25:61:93:dc:ce 
	 Name in network:  
	 Given name: None 
	 Allowed on network: None
Log: 2023-03-02 00:46:56.607895 
	 Mac Address: 34:25:be:f1:94:27 
	 Name in network:  
	 Given name: None 
	 Allowed on network: None
Log: 2023-03-02 00:46:56.607956 
	 Mac Address: None 
	 Name in network: raspberrypi.home 
	 Given name: None 
	 Allowed on network: None
Log: 2023-03-02 00:46:56.608022 
	 Mac Address: 18:60:24:33:42:fa 
	 Name in network: HP3342FA.home 
	 Given name: None 
	 Allowed on network: None
Log: 2023-03-02 00:46:56.608082 
	 Mac Address: ec:0e:c4:8c:76:dd 
	 Name in network:  
	 Given name: None 
	 Allowed on network: None
Log: 2023-03-02 00:46:56.608142 
	 Mac Address: b8:76:3f:48:a3:0c 
	 Name in network: tvc212d6ff59a7.home 
	 Given name: None 
	 Allowed on network: None
Log: 2023-03-02 00:46:56.608208 
	 Mac Address: a0:9f:10:1a:bd:fc 
	 Name in network:  
	 Given name: None 
	 Allowed on network: None
Log: 2023-03-02 00:47:25.070612 
	 Mac Address: 94:6a:b0:5c:3b:29 
	 Name in network: liveboxfibra 
	 Given name: None 
	 Allowed on network: None
Log: 2023-03-02 00:47:25.070775 
	 Mac Address: ee:25:61:93:dc:ce 
	 Name in network:  
	 Given name: None 
	 Allowed on network: None
Log: 2023-03-02 00:47:25.070842 
	 Mac Address: 34:25:be:f1:94:27 
	 Name in network:  
	 Given name: None 
	 Allowed on network: None
Log: 2023-03-02 00:47:25.070903 
	 Mac Address: None 
	 Name in network: raspberrypi.home 
	 Given name: None 
	 Allowed on network: None
Log: 2023-03-02 00:47:25.070970 
	 Mac Address: 18:60:24:33:42:fa 
	 Name in network: HP3342FA.home 
	 Given name: None 
	 Allowed on network: None
Log: 2023-03-02 00:47:25.071029 
	 Mac Address: ec:0e:c4:8c:76:dd 
	 Name in network:  
	 Given name: None 
	 Allowed on network: None
Log: 2023-03-02 00:47:25.071089 
	 Mac Address: b8:76:3f:48:a3:0c 
	 Name in network: tvc212d6ff59a7.home 
	 Given name: None 
	 Allowed on network: None
Log: 2023-03-02 00:47:25.071371 
	 Mac Address: a0:9f:10:1a:bd:fc 
	 Name in network:  
	 Given name: None 
	 Allowed on network: None
Log: 2023-03-02 00:49:36.104168 
	 Mac Address: 94:6a:b0:5c:3b:29 
	 Name in network: liveboxfibra 
	 Given name: None 
	 Allowed on network: None
Log: 2023-03-02 00:49:36.104324 
	 Mac Address: 4e:a7:39:cd:10:d2 
	 Name in network: GETINO.home 
	 Given name: None 
	 Allowed on network: None
Log: 2023-03-02 00:49:36.104387 
	 Mac Address: 34:25:be:f1:94:27 
	 Name in network:  
	 Given name: None 
	 Allowed on network: None
Log: 2023-03-02 00:49:36.104457 
	 Mac Address: ea:fd:36:8c:10:30 
	 Name in network: Galaxy-S9-de-NURIA-ISABEL.home 
	 Given name: None 
	 Allowed on network: None
Log: 2023-03-02 00:49:36.104518 
	 Mac Address: None 
	 Name in network: raspberrypi.home 
	 Given name: None 
	 Allowed on network: None
Log: 2023-03-02 00:49:36.104583 
	 Mac Address: 18:60:24:33:42:fa 
	 Name in network: HP3342FA.home 
	 Given name: None 
	 Allowed on network: None
Log: 2023-03-02 00:49:36.104643 
	 Mac Address: ec:0e:c4:8c:76:dd 
	 Name in network:  
	 Given name: None 
	 Allowed on network: None
Log: 2023-03-02 00:49:36.104701 
	 Mac Address: b8:76:3f:48:a3:0c 
	 Name in network: tvc212d6ff59a7.home 
	 Given name: None 
	 Allowed on network: None
Log: 2023-03-02 00:49:36.104759 
	 Mac Address: a0:9f:10:1a:bd:fc 
	 Name in network:  
	 Given name: None 
	 Allowed on network: None
Log: 2023-03-02 00:49:46.642370 
	 Mac Address: 94:6a:b0:5c:3b:29 
	 Name in network: liveboxfibra 
	 Given name: None 
	 Allowed on network: None
Log: 2023-03-02 00:49:46.642891 
	 Mac Address: 4e:a7:39:cd:10:d2 
	 Name in network: GETINO.home 
	 Given name: None 
	 Allowed on network: None
Log: 2023-03-02 00:49:46.642967 
	 Mac Address: 34:25:be:f1:94:27 
	 Name in network:  
	 Given name: None 
	 Allowed on network: None
Log: 2023-03-02 00:49:46.643061 
	 Mac Address: None 
	 Name in network: raspberrypi.home 
	 Given name: None 
	 Allowed on network: None
Log: 2023-03-02 00:49:46.643127 
	 Mac Address: 18:60:24:33:42:fa 
	 Name in network: HP3342FA.home 
	 Given name: None 
	 Allowed on network: None
Log: 2023-03-02 00:49:46.643187 
	 Mac Address: ec:0e:c4:8c:76:dd 
	 Name in network:  
	 Given name: None 
	 Allowed on network: None
Log: 2023-03-02 00:49:46.643247 
	 Mac Address: b8:76:3f:48:a3:0c 
	 Name in network: tvc212d6ff59a7.home 
	 Given name: None 
	 Allowed on network: None
Log: 2023-03-02 00:49:46.643321 
	 Mac Address: a0:9f:10:1a:bd:fc 
	 Name in network:  
	 Given name: None 
	 Allowed on network: None
Log: 2023-03-02 00:51:27.977510 
	 Mac Address: 94:6a:b0:5c:3b:29 
	 Name in network: liveboxfibra 
	 Given name: None 
	 Allowed on network: None
Log: 2023-03-02 00:51:27.977677 
	 Mac Address: ee:25:61:93:dc:ce 
	 Name in network:  
	 Given name: None 
	 Allowed on network: None
Log: 2023-03-02 00:51:27.977744 
	 Mac Address: 34:25:be:f1:94:27 
	 Name in network:  
	 Given name: None 
	 Allowed on network: None
Log: 2023-03-02 00:51:27.977805 
	 Mac Address: ea:fd:36:8c:10:30 
	 Name in network: Galaxy-S9-de-NURIA-ISABEL.home 
	 Given name: None 
	 Allowed on network: None
Log: 2023-03-02 00:51:27.977866 
	 Mac Address: None 
	 Name in network: raspberrypi.home 
	 Given name: None 
	 Allowed on network: None
Log: 2023-03-02 00:51:27.977932 
	 Mac Address: 18:60:24:33:42:fa 
	 Name in network: HP3342FA.home 
	 Given name: None 
	 Allowed on network: None
Log: 2023-03-02 00:51:27.978003 
	 Mac Address: ec:0e:c4:8c:76:dd 
	 Name in network:  
	 Given name: None 
	 Allowed on network: None
Log: 2023-03-02 00:51:27.978062 
	 Mac Address: 72:52:cb:9e:ed:4a 
	 Name in network:  
	 Given name: None 
	 Allowed on network: None
Log: 2023-03-02 00:51:27.978120 
	 Mac Address: b8:76:3f:48:a3:0c 
	 Name in network: tvc212d6ff59a7.home 
	 Given name: None 
	 Allowed on network: None
Log: 2023-03-02 00:51:27.978178 
	 Mac Address: a0:9f:10:1a:bd:fc 
	 Name in network:  
	 Given name: None 
	 Allowed on network: None
Log: 2023-03-02 00:51:41.612129 
	 Mac Address: 94:6a:b0:5c:3b:29 
	 Name in network: liveboxfibra 
	 Given name: None 
	 Allowed on network: None
Log: 2023-03-02 00:51:41.612293 
	 Mac Address: ee:25:61:93:dc:ce 
	 Name in network:  
	 Given name: None 
	 Allowed on network: None
Log: 2023-03-02 00:51:41.612361 
	 Mac Address: 34:25:be:f1:94:27 
	 Name in network:  
	 Given name: None 
	 Allowed on network: None
Log: 2023-03-02 00:51:41.612422 
	 Mac Address: None 
	 Name in network: raspberrypi.home 
	 Given name: None 
	 Allowed on network: None
Log: 2023-03-02 00:51:41.612488 
	 Mac Address: 18:60:24:33:42:fa 
	 Name in network: HP3342FA.home 
	 Given name: None 
	 Allowed on network: None
Log: 2023-03-02 00:51:41.612548 
	 Mac Address: ec:0e:c4:8c:76:dd 
	 Name in network:  
	 Given name: None 
	 Allowed on network: None
Log: 2023-03-02 00:51:41.612608 
	 Mac Address: 72:52:cb:9e:ed:4a 
	 Name in network:  
	 Given name: None 
	 Allowed on network: None
Log: 2023-03-02 00:51:41.612675 
	 Mac Address: b8:76:3f:48:a3:0c 
	 Name in network: tvc212d6ff59a7.home 
	 Given name: None 
	 Allowed on network: None
Log: 2023-03-02 00:51:41.612734 
	 Mac Address: a0:9f:10:1a:bd:fc 
	 Name in network:  
	 Given name: None 
	 Allowed on network: None
Log: 2023-03-02 00:51:49.436638 
	 Mac Address: 94:6a:b0:5c:3b:29 
	 Name in network: liveboxfibra 
	 Given name: None 
	 Allowed on network: None
Log: 2023-03-02 00:51:49.436801 
	 Mac Address: ee:25:61:93:dc:ce 
	 Name in network:  
	 Given name: None 
	 Allowed on network: None
Log: 2023-03-02 00:51:49.436868 
	 Mac Address: 34:25:be:f1:94:27 
	 Name in network:  
	 Given name: None 
	 Allowed on network: None
Log: 2023-03-02 00:51:49.436929 
	 Mac Address: None 
	 Name in network: raspberrypi.home 
	 Given name: None 
	 Allowed on network: None
Log: 2023-03-02 00:51:49.436995 
	 Mac Address: 18:60:24:33:42:fa 
	 Name in network: HP3342FA.home 
	 Given name: None 
	 Allowed on network: None
Log: 2023-03-02 00:51:49.437056 
	 Mac Address: ec:0e:c4:8c:76:dd 
	 Name in network:  
	 Given name: None 
	 Allowed on network: None
Log: 2023-03-02 00:51:49.437116 
	 Mac Address: b8:76:3f:48:a3:0c 
	 Name in network: tvc212d6ff59a7.home 
	 Given name: None 
	 Allowed on network: None
Log: 2023-03-02 00:51:49.437182 
	 Mac Address: a0:9f:10:1a:bd:fc 
	 Name in network:  
	 Given name: None 
	 Allowed on network: None
Log: 2023-03-02 00:54:08.898701 
	 Mac Address: 94:6a:b0:5c:3b:29 
	 Name in network: liveboxfibra 
	 Given name: None 
	 Allowed on network: None
Log: 2023-03-02 00:54:08.898989 
	 Mac Address: 4e:a7:39:cd:10:d2 
	 Name in network: GETINO.home 
	 Given name: None 
	 Allowed on network: None
Log: 2023-03-02 00:54:08.899062 
	 Mac Address: 34:25:be:f1:94:27 
	 Name in network:  
	 Given name: None 
	 Allowed on network: None
Log: 2023-03-02 00:54:08.899132 
	 Mac Address: ea:fd:36:8c:10:30 
	 Name in network: Galaxy-S9-de-NURIA-ISABEL.home 
	 Given name: None 
	 Allowed on network: None
Log: 2023-03-02 00:54:08.899195 
	 Mac Address: None 
	 Name in network: raspberrypi.home 
	 Given name: None 
	 Allowed on network: None
Log: 2023-03-02 00:54:08.899262 
	 Mac Address: 18:60:24:33:42:fa 
	 Name in network: HP3342FA.home 
	 Given name: None 
	 Allowed on network: None
Log: 2023-03-02 00:54:08.899321 
	 Mac Address: ec:0e:c4:8c:76:dd 
	 Name in network:  
	 Given name: None 
	 Allowed on network: None
Log: 2023-03-02 00:54:08.899384 
	 Mac Address: b8:76:3f:48:a3:0c 
	 Name in network: tvc212d6ff59a7.home 
	 Given name: None 
	 Allowed on network: None
Log: 2023-03-02 00:54:08.899443 
	 Mac Address: a0:9f:10:1a:bd:fc 
	 Name in network:  
	 Given name: None 
	 Allowed on network: None
Log: 2023-03-02 00:54:28.730788 
	 Mac Address: 94:6a:b0:5c:3b:29 
	 Name in network: liveboxfibra 
	 Given name: None 
	 Allowed on network: None
Log: 2023-03-02 00:54:28.730989 
	 Mac Address: 4e:a7:39:cd:10:d2 
	 Name in network: GETINO.home 
	 Given name: None 
	 Allowed on network: None
Log: 2023-03-02 00:54:28.731086 
	 Mac Address: 34:25:be:f1:94:27 
	 Name in network:  
	 Given name: None 
	 Allowed on network: None
Log: 2023-03-02 00:54:28.731181 
	 Mac Address: ea:fd:36:8c:10:30 
	 Name in network: Galaxy-S9-de-NURIA-ISABEL.home 
	 Given name: None 
	 Allowed on network: None
Log: 2023-03-02 00:54:28.731268 
	 Mac Address: None 
	 Name in network: raspberrypi.home 
	 Given name: None 
	 Allowed on network: None
Log: 2023-03-02 00:54:28.731358 
	 Mac Address: 18:60:24:33:42:fa 
	 Name in network: HP3342FA.home 
	 Given name: None 
	 Allowed on network: None
Log: 2023-03-02 00:54:28.731444 
	 Mac Address: ec:0e:c4:8c:76:dd 
	 Name in network:  
	 Given name: None 
	 Allowed on network: None
Log: 2023-03-02 00:54:28.731526 
	 Mac Address: b8:76:3f:48:a3:0c 
	 Name in network: tvc212d6ff59a7.home 
	 Given name: None 
	 Allowed on network: None
Log: 2023-03-02 00:54:28.731609 
	 Mac Address: a0:9f:10:1a:bd:fc 
	 Name in network:  
	 Given name: None 
	 Allowed on network: None
Log: 2023-03-02 00:55:12.250709 
	 Mac Address: 94:6a:b0:5c:3b:29 
	 Name in network: liveboxfibra 
	 Given name: None 
	 Allowed on network: None
Log: 2023-03-02 00:55:12.250932 
	 Mac Address: 4e:a7:39:cd:10:d2 
	 Name in network: GETINO.home 
	 Given name: None 
	 Allowed on network: None
Log: 2023-03-02 00:55:12.251029 
	 Mac Address: ee:25:61:93:dc:ce 
	 Name in network:  
	 Given name: None 
	 Allowed on network: None
Log: 2023-03-02 00:55:12.251136 
	 Mac Address: 34:25:be:f1:94:27 
	 Name in network:  
	 Given name: None 
	 Allowed on network: None
Log: 2023-03-02 00:55:12.251232 
	 Mac Address: None 
	 Name in network: raspberrypi.home 
	 Given name: None 
	 Allowed on network: None
Log: 2023-03-02 00:55:12.251333 
	 Mac Address: 18:60:24:33:42:fa 
	 Name in network: HP3342FA.home 
	 Given name: None 
	 Allowed on network: None
Log: 2023-03-02 00:55:12.251425 
	 Mac Address: ec:0e:c4:8c:76:dd 
	 Name in network:  
	 Given name: None 
	 Allowed on network: None
Log: 2023-03-02 00:55:12.251518 
	 Mac Address: b8:76:3f:48:a3:0c 
	 Name in network: tvc212d6ff59a7.home 
	 Given name: None 
	 Allowed on network: None
Log: 2023-03-02 00:55:12.251612 
	 Mac Address: a0:9f:10:1a:bd:fc 
	 Name in network:  
	 Given name: None 
	 Allowed on network: None
Log: 2023-03-02 00:57:20.826705 
	 Mac Address: 94:6a:b0:5c:3b:29 
	 Name in network: liveboxfibra 
	 Given name: None 
	 Allowed on network: None
Log: 2023-03-02 00:57:20.826927 
	 Mac Address: 4e:a7:39:cd:10:d2 
	 Name in network: GETINO.home 
	 Given name: None 
	 Allowed on network: None
Log: 2023-03-02 00:57:20.827044 
	 Mac Address: ee:25:61:93:dc:ce 
	 Name in network:  
	 Given name: None 
	 Allowed on network: None
Log: 2023-03-02 00:57:20.827150 
	 Mac Address: 34:25:be:f1:94:27 
	 Name in network:  
	 Given name: None 
	 Allowed on network: None
Log: 2023-03-02 00:57:20.827250 
	 Mac Address: ea:fd:36:8c:10:30 
	 Name in network: Galaxy-S9-de-NURIA-ISABEL.home 
	 Given name: None 
	 Allowed on network: None
Log: 2023-03-02 00:57:20.827345 
	 Mac Address: None 
	 Name in network: raspberrypi.home 
	 Given name: None 
	 Allowed on network: None
Log: 2023-03-02 00:57:20.827451 
	 Mac Address: 18:60:24:33:42:fa 
	 Name in network: HP3342FA.home 
	 Given name: None 
	 Allowed on network: None
Log: 2023-03-02 00:57:20.827545 
	 Mac Address: ec:0e:c4:8c:76:dd 
	 Name in network:  
	 Given name: None 
	 Allowed on network: None
Log: 2023-03-02 00:57:20.827639 
	 Mac Address: b8:76:3f:48:a3:0c 
	 Name in network: tvc212d6ff59a7.home 
	 Given name: None 
	 Allowed on network: None
Log: 2023-03-02 00:57:20.827738 
	 Mac Address: a0:9f:10:1a:bd:fc 
	 Name in network:  
	 Given name: None 
	 Allowed on network: None
Log: 2023-03-02 01:01:04.631852 
	 Mac Address: 94:6a:b0:5c:3b:29 
	 Name in network: liveboxfibra 
	 Given name: None 
	 Allowed on network: None
Log: 2023-03-02 01:01:04.632075 
	 Mac Address: 4e:a7:39:cd:10:d2 
	 Name in network: GETINO.home 
	 Given name: None 
	 Allowed on network: None
Log: 2023-03-02 01:01:04.632171 
	 Mac Address: 34:25:be:f1:94:27 
	 Name in network:  
	 Given name: None 
	 Allowed on network: None
Log: 2023-03-02 01:01:04.632279 
	 Mac Address: None 
	 Name in network: raspberrypi.home 
	 Given name: None 
	 Allowed on network: None
Log: 2023-03-02 01:01:04.632382 
	 Mac Address: 18:60:24:33:42:fa 
	 Name in network: HP3342FA.home 
	 Given name: None 
	 Allowed on network: None
Log: 2023-03-02 01:01:04.632474 
	 Mac Address: ec:0e:c4:8c:76:dd 
	 Name in network:  
	 Given name: None 
	 Allowed on network: None
Log: 2023-03-02 01:01:04.632565 
	 Mac Address: b8:76:3f:48:a3:0c 
	 Name in network: tvc212d6ff59a7.home 
	 Given name: None 
	 Allowed on network: None
Log: 2023-03-02 01:01:04.632662 
	 Mac Address: a0:9f:10:1a:bd:fc 
	 Name in network:  
	 Given name: None 
	 Allowed on network: None
Log: 2023-03-02 01:06:13.242572 
	 Mac Address: 94:6a:b0:5c:3b:29 
	 Name in network: liveboxfibra 
	 Given name: None 
	 Allowed on network: None
Log: 2023-03-02 01:06:13.242804 
	 Mac Address: 4e:a7:39:cd:10:d2 
	 Name in network: GETINO.home 
	 Given name: None 
	 Allowed on network: None
Log: 2023-03-02 01:06:13.242913 
	 Mac Address: 34:25:be:f1:94:27 
	 Name in network:  
	 Given name: None 
	 Allowed on network: None
Log: 2023-03-02 01:06:13.243022 
	 Mac Address: None 
	 Name in network: raspberrypi.home 
	 Given name: None 
	 Allowed on network: None
Log: 2023-03-02 01:06:13.243125 
	 Mac Address: 18:60:24:33:42:fa 
	 Name in network: HP3342FA.home 
	 Given name: None 
	 Allowed on network: None
Log: 2023-03-02 01:06:13.243219 
	 Mac Address: ec:0e:c4:8c:76:dd 
	 Name in network:  
	 Given name: None 
	 Allowed on network: None
Log: 2023-03-02 01:06:13.243313 
	 Mac Address: b8:76:3f:48:a3:0c 
	 Name in network: tvc212d6ff59a7.home 
	 Given name: None 
	 Allowed on network: None
Log: 2023-03-02 01:06:13.243411 
	 Mac Address: a0:9f:10:1a:bd:fc 
	 Name in network:  
	 Given name: None 
	 Allowed on network: None
Log: 2023-03-02 01:08:14.760620 
	 Mac Address: 94:6a:b0:5c:3b:29 
	 Name in network: liveboxfibra 
	 Given name: None 
	 Allowed on network: None
Log: 2023-03-02 01:08:14.760868 
	 Mac Address: 34:25:be:f1:94:27 
	 Name in network:  
	 Given name: None 
	 Allowed on network: None
Log: 2023-03-02 01:08:14.760984 
	 Mac Address: ea:fd:36:8c:10:30 
	 Name in network: Galaxy-S9-de-NURIA-ISABEL.home 
	 Given name: None 
	 Allowed on network: None
Log: 2023-03-02 01:08:14.761065 
	 Mac Address: None 
	 Name in network: raspberrypi.home 
	 Given name: None 
	 Allowed on network: None
Log: 2023-03-02 01:08:14.761133 
	 Mac Address: 18:60:24:33:42:fa 
	 Name in network: HP3342FA.home 
	 Given name: None 
	 Allowed on network: None
Log: 2023-03-02 01:08:14.761194 
	 Mac Address: ec:0e:c4:8c:76:dd 
	 Name in network:  
	 Given name: None 
	 Allowed on network: None
Log: 2023-03-02 01:08:14.761257 
	 Mac Address: b8:76:3f:48:a3:0c 
	 Name in network: tvc212d6ff59a7.home 
	 Given name: None 
	 Allowed on network: None
Log: 2023-03-02 01:08:14.761319 
	 Mac Address: a0:9f:10:1a:bd:fc 
	 Name in network:  
	 Given name: None 
	 Allowed on network: None
Log: 2023-03-02 01:08:48.164128 
	 Mac Address: 94:6a:b0:5c:3b:29 
	 Name in network: liveboxfibra 
	 Given name: None 
	 Allowed on network: None
Log: 2023-03-02 01:08:48.164362 
	 Mac Address: 34:25:be:f1:94:27 
	 Name in network:  
	 Given name: None 
	 Allowed on network: None
Log: 2023-03-02 01:08:48.164467 
	 Mac Address: ea:fd:36:8c:10:30 
	 Name in network: Galaxy-S9-de-NURIA-ISABEL.home 
	 Given name: None 
	 Allowed on network: None
Log: 2023-03-02 01:08:48.164570 
	 Mac Address: None 
	 Name in network: raspberrypi.home 
	 Given name: None 
	 Allowed on network: None
Log: 2023-03-02 01:08:48.164673 
	 Mac Address: 18:60:24:33:42:fa 
	 Name in network: HP3342FA.home 
	 Given name: None 
	 Allowed on network: None
Log: 2023-03-02 01:08:48.164765 
	 Mac Address: ec:0e:c4:8c:76:dd 
	 Name in network:  
	 Given name: None 
	 Allowed on network: None
Log: 2023-03-02 01:08:48.164856 
	 Mac Address: b8:76:3f:48:a3:0c 
	 Name in network: tvc212d6ff59a7.home 
	 Given name: None 
	 Allowed on network: None
Log: 2023-03-02 01:08:48.164951 
	 Mac Address: a0:9f:10:1a:bd:fc 
	 Name in network:  
	 Given name: None 
	 Allowed on network: None
Log: 2023-03-02 01:15:03.980610 
	 Mac Address: 94:6a:b0:5c:3b:29 
	 Name in network: liveboxfibra 
	 Given name: Router de casa of Prudencio  
	 Allowed on network: True
Log: 2023-03-02 01:15:03.982754 
	 Mac Address: 4e:a7:39:cd:10:d2 
	 Name in network: GETINO.home 
	 Given name: None 
	 Allowed on network: None
Log: 2023-03-02 01:15:03.982857 
	 Mac Address: 34:25:be:f1:94:27 
	 Name in network:  
	 Given name: None 
	 Allowed on network: None
Log: 2023-03-02 01:15:03.982932 
	 Mac Address: None 
	 Name in network: raspberrypi.home 
	 Given name: None 
	 Allowed on network: None
Log: 2023-03-02 01:15:03.982998 
	 Mac Address: 18:60:24:33:42:fa 
	 Name in network: HP3342FA.home 
	 Given name: None 
	 Allowed on network: None
Log: 2023-03-02 01:15:03.983058 
	 Mac Address: ec:0e:c4:8c:76:dd 
	 Name in network:  
	 Given name: None 
	 Allowed on network: None
Log: 2023-03-02 01:15:03.983118 
	 Mac Address: b8:76:3f:48:a3:0c 
	 Name in network: tvc212d6ff59a7.home 
	 Given name: None 
	 Allowed on network: None
Log: 2023-03-02 01:15:03.983175 
	 Mac Address: a0:9f:10:1a:bd:fc 
	 Name in network:  
	 Given name: None 
	 Allowed on network: None
Log: 2023-03-02 01:15:29.674874 
	 Mac Address: 94:6a:b0:5c:3b:29 
	 Name in network: liveboxfibra 
	 Given name: Router de casa of Prudencio  
	 Allowed on network: True
Log: 2023-03-02 01:15:29.677040 
	 Mac Address: 4e:a7:39:cd:10:d2 
	 Name in network: GETINO.home 
	 Given name: None 
	 Allowed on network: None
Log: 2023-03-02 01:15:29.677140 
	 Mac Address: ee:25:61:93:dc:ce 
	 Name in network:  
	 Given name: None 
	 Allowed on network: None
Log: 2023-03-02 01:15:29.677215 
	 Mac Address: 34:25:be:f1:94:27 
	 Name in network:  
	 Given name: None 
	 Allowed on network: None
Log: 2023-03-02 01:15:29.677275 
	 Mac Address: ea:fd:36:8c:10:30 
	 Name in network: Galaxy-S9-de-NURIA-ISABEL.home 
	 Given name: None 
	 Allowed on network: None
Log: 2023-03-02 01:15:29.677341 
	 Mac Address: None 
	 Name in network: raspberrypi.home 
	 Given name: None 
	 Allowed on network: None
Log: 2023-03-02 01:15:29.677405 
	 Mac Address: 18:60:24:33:42:fa 
	 Name in network: HP3342FA.home 
	 Given name: None 
	 Allowed on network: None
Log: 2023-03-02 01:15:29.677462 
	 Mac Address: ec:0e:c4:8c:76:dd 
	 Name in network:  
	 Given name: None 
	 Allowed on network: None
Log: 2023-03-02 01:15:29.677528 
	 Mac Address: b8:76:3f:48:a3:0c 
	 Name in network: tvc212d6ff59a7.home 
	 Given name: None 
	 Allowed on network: None
Log: 2023-03-02 01:15:29.677587 
	 Mac Address: a0:9f:10:1a:bd:fc 
	 Name in network:  
	 Given name: None 
	 Allowed on network: None
Log: 2023-03-02 14:13:54.338936 
	 Mac Address: 94:6a:b0:5c:3b:29 
	 Name in network: liveboxfibra 
	 Given name: Router de casa of Prudencio  
	 Allowed on network: True
Log: 2023-03-02 14:13:54.341074 
	 Mac Address: 4e:a7:39:cd:10:d2 
	 Name in network: GETINO.home 
	 Given name: None 
	 Allowed on network: None
Log: 2023-03-02 14:13:54.341176 
	 Mac Address: 34:25:be:f1:94:27 
	 Name in network:  
	 Given name: None 
	 Allowed on network: None
Log: 2023-03-02 14:13:54.341248 
	 Mac Address: ea:fd:36:8c:10:30 
	 Name in network: Galaxy-S9-de-NURIA-ISABEL.home 
	 Given name: None 
	 Allowed on network: None
Log: 2023-03-02 14:13:54.341314 
	 Mac Address: None 
	 Name in network: raspberrypi.home 
	 Given name: None 
	 Allowed on network: None
Log: 2023-03-02 14:13:54.341380 
	 Mac Address: 18:60:24:33:42:fa 
	 Name in network: HP3342FA.home 
	 Given name: None 
	 Allowed on network: None
Log: 2023-03-02 14:13:54.341438 
	 Mac Address: a0:9f:10:1a:bd:fc 
	 Name in network:  
	 Given name: None 
	 Allowed on network: None
Log: 2023-03-02 14:14:32.450764 
	 Mac Address: 94:6a:b0:5c:3b:29 
	 Name in network: liveboxfibra 
	 Given name: Router of Prudencio  
	 Allowed on network: True
Log: 2023-03-02 14:14:32.452814 
	 Mac Address: 4e:a7:39:cd:10:d2 
	 Name in network: GETINO.home 
	 Given name: None 
	 Allowed on network: None
Log: 2023-03-02 14:14:32.452912 
	 Mac Address: ea:fd:36:8c:10:30 
	 Name in network: Galaxy-S9-de-NURIA-ISABEL.home 
	 Given name: None 
	 Allowed on network: None
Log: 2023-03-02 14:14:32.452983 
	 Mac Address: None 
	 Name in network: raspberrypi.home 
	 Given name: None 
	 Allowed on network: None
Log: 2023-03-02 14:14:32.453049 
	 Mac Address: 18:60:24:33:42:fa 
	 Name in network: HP3342FA.home 
	 Given name: None 
	 Allowed on network: None
Log: 2023-03-02 14:14:32.453110 
	 Mac Address: a0:9f:10:1a:bd:fc 
	 Name in network:  
	 Given name: None 
	 Allowed on network: None
Log: 2023-03-02 14:19:13.435869 
	 Mac Address: 94:6a:b0:5c:3b:29 
	 Name in network: liveboxfibra 
	 Given name: Router of Prudencio  
	 Allowed on network: True
Log: 2023-03-02 14:19:13.439102 
	 Mac Address: 4e:a7:39:cd:10:d2 
	 Name in network: GETINO.home 
	 Given name: None 
	 Allowed on network: None
Log: 2023-03-02 14:19:13.439254 
	 Mac Address: 34:25:be:f1:94:27 
	 Name in network:  
	 Given name: None 
	 Allowed on network: None
Log: 2023-03-02 14:19:13.439361 
	 Mac Address: ea:fd:36:8c:10:30 
	 Name in network: Galaxy-S9-de-NURIA-ISABEL.home 
	 Given name: None 
	 Allowed on network: None
Log: 2023-03-02 14:19:13.439455 
	 Mac Address: None 
	 Name in network: raspberrypi.home 
	 Given name: None 
	 Allowed on network: None
Log: 2023-03-02 14:19:13.439555 
	 Mac Address: 18:60:24:33:42:fa 
	 Name in network: HP3342FA.home 
	 Given name: None 
	 Allowed on network: None
Log: 2023-03-02 14:19:13.439644 
	 Mac Address: a0:9f:10:1a:bd:fc 
	 Name in network:  
	 Given name: None 
	 Allowed on network: None
Log: 2023-03-02 14:20:52.167522 
	 Mac Address: 94:6a:b0:5c:3b:29 
	 Name in network: liveboxfibra 
	 Given name: Router of Prudencio  
	 Allowed on network: True
Log: 2023-03-02 14:20:52.170835 
	 Mac Address: 4e:a7:39:cd:10:d2 
	 Name in network: GETINO.home 
	 Given name: None 
	 Allowed on network: None
Log: 2023-03-02 14:20:52.170981 
	 Mac Address: 34:25:be:f1:94:27 
	 Name in network:  
	 Given name: None 
	 Allowed on network: None
Log: 2023-03-02 14:20:52.171087 
	 Mac Address: None 
	 Name in network: raspberrypi.home 
	 Given name: None 
	 Allowed on network: None
Log: 2023-03-02 14:20:52.171189 
	 Mac Address: 18:60:24:33:42:fa 
	 Name in network: HP3342FA.home 
	 Given name: None 
	 Allowed on network: None
Log: 2023-03-02 14:20:52.171282 
	 Mac Address: a0:9f:10:1a:bd:fc 
	 Name in network:  
	 Given name: None 
	 Allowed on network: None
Log: 2023-03-02 14:23:45.376106 
	 Mac Address: 94:6a:b0:5c:3b:29 
	 Name in network: liveboxfibra 
	 Given name: Router of Prudencio  
	 Allowed on network: True
Log: 2023-03-02 14:23:45.379378 
	 Mac Address: 4e:a7:39:cd:10:d2 
	 Name in network: GETINO.home 
	 Given name: None 
	 Allowed on network: None
Log: 2023-03-02 14:23:45.379534 
	 Mac Address: 34:25:be:f1:94:27 
	 Name in network:  
	 Given name: None 
	 Allowed on network: None
Log: 2023-03-02 14:23:45.379638 
	 Mac Address: ea:fd:36:8c:10:30 
	 Name in network: Galaxy-S9-de-NURIA-ISABEL.home 
	 Given name: None 
	 Allowed on network: None
Log: 2023-03-02 14:23:45.379734 
	 Mac Address: None 
	 Name in network: raspberrypi.home 
	 Given name: None 
	 Allowed on network: None
Log: 2023-03-02 14:23:45.379836 
	 Mac Address: 18:60:24:33:42:fa 
	 Name in network: HP3342FA.home 
	 Given name: None 
	 Allowed on network: None
Log: 2023-03-02 14:23:45.379927 
	 Mac Address: a0:9f:10:1a:bd:fc 
	 Name in network:  
	 Given name: None 
	 Allowed on network: None
Log: 2023-03-02 14:24:33.657146 
	 Mac Address: 94:6a:b0:5c:3b:29 
	 Name in network: liveboxfibra 
	 Given name: Router of Prudencio  
	 Allowed on network: True
Log: 2023-03-02 14:24:33.660666 
	 Mac Address: None 
	 Name in network: raspberrypi.home 
	 Given name: None 
	 Allowed on network: None
Log: 2023-03-02 14:24:33.660840 
	 Mac Address: 18:60:24:33:42:fa 
	 Name in network: HP3342FA.home 
	 Given name: None 
	 Allowed on network: None
Log: 2023-03-02 14:24:33.660958 
	 Mac Address: a0:9f:10:1a:bd:fc 
	 Name in network:  
	 Given name: None 
	 Allowed on network: None
Log: 2023-03-02 14:25:04.462495 
	 Mac Address: 94:6a:b0:5c:3b:29 
	 Name in network: liveboxfibra 
	 Given name: Router of Prudencio  
	 Allowed on network: True
Log: 2023-03-02 14:25:04.465568 
	 Mac Address: 4e:a7:39:cd:10:d2 
	 Name in network: GETINO.home 
	 Given name: None 
	 Allowed on network: None
Log: 2023-03-02 14:25:04.465710 
	 Mac Address: ee:25:61:93:dc:ce 
	 Name in network:  
	 Given name: None 
	 Allowed on network: None
Log: 2023-03-02 14:25:04.465811 
	 Mac Address: 34:25:be:f1:94:27 
	 Name in network:  
	 Given name: None 
	 Allowed on network: None
Log: 2023-03-02 14:25:04.465908 
	 Mac Address: ea:fd:36:8c:10:30 
	 Name in network: Galaxy-S9-de-NURIA-ISABEL.home 
	 Given name: None 
	 Allowed on network: None
Log: 2023-03-02 14:25:04.466003 
	 Mac Address: None 
	 Name in network: raspberrypi.home 
	 Given name: None 
	 Allowed on network: None
Log: 2023-03-02 14:25:04.466101 
	 Mac Address: 18:60:24:33:42:fa 
	 Name in network: HP3342FA.home 
	 Given name: None 
	 Allowed on network: None
Log: 2023-03-02 14:25:04.466189 
	 Mac Address: a0:9f:10:1a:bd:fc 
	 Name in network:  
	 Given name: None 
	 Allowed on network: None
Log: 2023-03-02 14:30:42.707763 
	 Mac Address: 94:6a:b0:5c:3b:29 
	 Name in network: liveboxfibra 
	 Given name: Router of Prudencio  
	 Allowed on network: True
Log: 2023-03-02 14:30:42.711216 
	 Mac Address: 4e:a7:39:cd:10:d2 
	 Name in network: GETINO.home 
	 Given name: None 
	 Allowed on network: None
Log: 2023-03-02 14:30:42.711336 
	 Mac Address: ee:25:61:93:dc:ce 
	 Name in network:  
	 Given name: None 
	 Allowed on network: None
Log: 2023-03-02 14:30:42.711407 
	 Mac Address: ea:fd:36:8c:10:30 
	 Name in network: Galaxy-S9-de-NURIA-ISABEL.home 
	 Given name: None 
	 Allowed on network: None
Log: 2023-03-02 14:30:42.711468 
	 Mac Address: None 
	 Name in network: raspberrypi.home 
	 Given name: None 
	 Allowed on network: None
Log: 2023-03-02 14:30:42.711535 
	 Mac Address: 18:60:24:33:42:fa 
	 Name in network: HP3342FA.home 
	 Given name: None 
	 Allowed on network: None
Log: 2023-03-02 14:30:42.711592 
	 Mac Address: 72:52:cb:9e:ed:4a 
	 Name in network:  
	 Given name: None 
	 Allowed on network: None
Log: 2023-03-02 14:30:42.711649 
	 Mac Address: a0:9f:10:1a:bd:fc 
	 Name in network:  
	 Given name: None 
	 Allowed on network: None
